ARM GAS  C:\Users\nicol\AppData\Local\Temp\ccBPefe0.s 			page 1


   1              		.syntax unified
   2              		.cpu cortex-m3
   3              		.fpu softvfp
   4              		.eabi_attribute 20, 1
   5              		.eabi_attribute 21, 1
   6              		.eabi_attribute 23, 3
   7              		.eabi_attribute 24, 1
   8              		.eabi_attribute 25, 1
   9              		.eabi_attribute 26, 1
  10              		.eabi_attribute 30, 1
  11              		.eabi_attribute 34, 1
  12              		.eabi_attribute 18, 4
  13              		.thumb
  14              		.syntax unified
  15              		.file	"cyfitter_cfg.c"
  16              		.text
  17              	.Ltext0:
  18              		.cfi_sections	.debug_frame
  19              		.section	.text.CyClockStartupError,"ax",%progbits
  20              		.align	2
  21              		.thumb
  22              		.thumb_func
  23              		.type	CyClockStartupError, %function
  24              	CyClockStartupError:
  25              	.LFB3:
  26              		.file 1 "Generated_Source\\PSoC5\\cyfitter_cfg.c"
   1:Generated_Source\PSoC5/cyfitter_cfg.c **** 
   2:Generated_Source\PSoC5/cyfitter_cfg.c **** /*******************************************************************************
   3:Generated_Source\PSoC5/cyfitter_cfg.c **** * File Name: cyfitter_cfg.c
   4:Generated_Source\PSoC5/cyfitter_cfg.c **** * 
   5:Generated_Source\PSoC5/cyfitter_cfg.c **** * PSoC Creator  4.4
   6:Generated_Source\PSoC5/cyfitter_cfg.c **** *
   7:Generated_Source\PSoC5/cyfitter_cfg.c **** * Description:
   8:Generated_Source\PSoC5/cyfitter_cfg.c **** * This file contains device initialization code.
   9:Generated_Source\PSoC5/cyfitter_cfg.c **** * Except for the user defined sections in CyClockStartupError(), this file should not be modified.
  10:Generated_Source\PSoC5/cyfitter_cfg.c **** * This file is automatically generated by PSoC Creator.
  11:Generated_Source\PSoC5/cyfitter_cfg.c **** *
  12:Generated_Source\PSoC5/cyfitter_cfg.c **** ********************************************************************************
  13:Generated_Source\PSoC5/cyfitter_cfg.c **** * Copyright (c) 2007-2020 Cypress Semiconductor.  All rights reserved.
  14:Generated_Source\PSoC5/cyfitter_cfg.c **** * You may use this file only in accordance with the license, terms, conditions, 
  15:Generated_Source\PSoC5/cyfitter_cfg.c **** * disclaimers, and limitations in the end user license agreement accompanying 
  16:Generated_Source\PSoC5/cyfitter_cfg.c **** * the software package with which this file was provided.
  17:Generated_Source\PSoC5/cyfitter_cfg.c **** ********************************************************************************/
  18:Generated_Source\PSoC5/cyfitter_cfg.c **** 
  19:Generated_Source\PSoC5/cyfitter_cfg.c **** #include <string.h>
  20:Generated_Source\PSoC5/cyfitter_cfg.c **** #include "cytypes.h"
  21:Generated_Source\PSoC5/cyfitter_cfg.c **** #include "cydevice_trm.h"
  22:Generated_Source\PSoC5/cyfitter_cfg.c **** #include "cyfitter.h"
  23:Generated_Source\PSoC5/cyfitter_cfg.c **** #include "CyLib.h"
  24:Generated_Source\PSoC5/cyfitter_cfg.c **** #include "cyfitter_cfg.h"
  25:Generated_Source\PSoC5/cyfitter_cfg.c **** #include "cyapicallbacks.h"
  26:Generated_Source\PSoC5/cyfitter_cfg.c **** 
  27:Generated_Source\PSoC5/cyfitter_cfg.c **** #define CY_NEED_CYCLOCKSTARTUPERROR 1
  28:Generated_Source\PSoC5/cyfitter_cfg.c **** 
  29:Generated_Source\PSoC5/cyfitter_cfg.c **** 
  30:Generated_Source\PSoC5/cyfitter_cfg.c **** #if defined(__GNUC__) || defined(__ARMCC_VERSION)
  31:Generated_Source\PSoC5/cyfitter_cfg.c ****     #define CYPACKED 
ARM GAS  C:\Users\nicol\AppData\Local\Temp\ccBPefe0.s 			page 2


  32:Generated_Source\PSoC5/cyfitter_cfg.c ****     #define CYPACKED_ATTR __attribute__ ((packed))
  33:Generated_Source\PSoC5/cyfitter_cfg.c ****     #define CYALIGNED __attribute__ ((aligned))
  34:Generated_Source\PSoC5/cyfitter_cfg.c ****     #define CY_CFG_UNUSED __attribute__ ((unused))
  35:Generated_Source\PSoC5/cyfitter_cfg.c ****     #ifndef CY_CFG_SECTION
  36:Generated_Source\PSoC5/cyfitter_cfg.c ****         #define CY_CFG_SECTION __attribute__ ((section(".psocinit")))
  37:Generated_Source\PSoC5/cyfitter_cfg.c ****     #endif
  38:Generated_Source\PSoC5/cyfitter_cfg.c ****     
  39:Generated_Source\PSoC5/cyfitter_cfg.c ****     #if defined(__ARMCC_VERSION)
  40:Generated_Source\PSoC5/cyfitter_cfg.c ****         #define CY_CFG_MEMORY_BARRIER() __memory_changed()
  41:Generated_Source\PSoC5/cyfitter_cfg.c ****     #else
  42:Generated_Source\PSoC5/cyfitter_cfg.c ****         #define CY_CFG_MEMORY_BARRIER() __sync_synchronize()
  43:Generated_Source\PSoC5/cyfitter_cfg.c ****     #endif
  44:Generated_Source\PSoC5/cyfitter_cfg.c ****     
  45:Generated_Source\PSoC5/cyfitter_cfg.c **** #elif defined(__ICCARM__)
  46:Generated_Source\PSoC5/cyfitter_cfg.c ****     #include <intrinsics.h>
  47:Generated_Source\PSoC5/cyfitter_cfg.c **** 
  48:Generated_Source\PSoC5/cyfitter_cfg.c ****     #define CYPACKED __packed
  49:Generated_Source\PSoC5/cyfitter_cfg.c ****     #define CYPACKED_ATTR 
  50:Generated_Source\PSoC5/cyfitter_cfg.c ****     #define CYALIGNED _Pragma("data_alignment=4")
  51:Generated_Source\PSoC5/cyfitter_cfg.c ****     #define CY_CFG_UNUSED _Pragma("diag_suppress=Pe177")
  52:Generated_Source\PSoC5/cyfitter_cfg.c ****     #define CY_CFG_SECTION _Pragma("location=\".psocinit\"")
  53:Generated_Source\PSoC5/cyfitter_cfg.c ****     
  54:Generated_Source\PSoC5/cyfitter_cfg.c ****     #define CY_CFG_MEMORY_BARRIER() __DMB()
  55:Generated_Source\PSoC5/cyfitter_cfg.c ****     
  56:Generated_Source\PSoC5/cyfitter_cfg.c **** #else
  57:Generated_Source\PSoC5/cyfitter_cfg.c ****     #error Unsupported toolchain
  58:Generated_Source\PSoC5/cyfitter_cfg.c **** #endif
  59:Generated_Source\PSoC5/cyfitter_cfg.c **** 
  60:Generated_Source\PSoC5/cyfitter_cfg.c **** #ifndef CYCODE
  61:Generated_Source\PSoC5/cyfitter_cfg.c ****     #define CYCODE
  62:Generated_Source\PSoC5/cyfitter_cfg.c **** #endif
  63:Generated_Source\PSoC5/cyfitter_cfg.c **** #ifndef CYDATA
  64:Generated_Source\PSoC5/cyfitter_cfg.c ****     #define CYDATA
  65:Generated_Source\PSoC5/cyfitter_cfg.c **** #endif
  66:Generated_Source\PSoC5/cyfitter_cfg.c **** #ifndef CYFAR
  67:Generated_Source\PSoC5/cyfitter_cfg.c ****     #define CYFAR
  68:Generated_Source\PSoC5/cyfitter_cfg.c **** #endif
  69:Generated_Source\PSoC5/cyfitter_cfg.c **** #ifndef CYXDATA
  70:Generated_Source\PSoC5/cyfitter_cfg.c ****     #define CYXDATA
  71:Generated_Source\PSoC5/cyfitter_cfg.c **** #endif
  72:Generated_Source\PSoC5/cyfitter_cfg.c **** 
  73:Generated_Source\PSoC5/cyfitter_cfg.c **** 
  74:Generated_Source\PSoC5/cyfitter_cfg.c **** CY_CFG_UNUSED
  75:Generated_Source\PSoC5/cyfitter_cfg.c **** static void CYMEMZERO(void *s, size_t n);
  76:Generated_Source\PSoC5/cyfitter_cfg.c **** CY_CFG_UNUSED
  77:Generated_Source\PSoC5/cyfitter_cfg.c **** static void CYMEMZERO(void *s, size_t n)
  78:Generated_Source\PSoC5/cyfitter_cfg.c **** {
  79:Generated_Source\PSoC5/cyfitter_cfg.c **** 	(void)memset(s, 0, n);
  80:Generated_Source\PSoC5/cyfitter_cfg.c **** }
  81:Generated_Source\PSoC5/cyfitter_cfg.c **** CY_CFG_UNUSED
  82:Generated_Source\PSoC5/cyfitter_cfg.c **** static void CYCONFIGCPY(void *dest, const void *src, size_t n);
  83:Generated_Source\PSoC5/cyfitter_cfg.c **** CY_CFG_UNUSED
  84:Generated_Source\PSoC5/cyfitter_cfg.c **** static void CYCONFIGCPY(void *dest, const void *src, size_t n)
  85:Generated_Source\PSoC5/cyfitter_cfg.c **** {
  86:Generated_Source\PSoC5/cyfitter_cfg.c **** 	(void)memcpy(dest, src, n);
  87:Generated_Source\PSoC5/cyfitter_cfg.c **** }
  88:Generated_Source\PSoC5/cyfitter_cfg.c **** CY_CFG_UNUSED
ARM GAS  C:\Users\nicol\AppData\Local\Temp\ccBPefe0.s 			page 3


  89:Generated_Source\PSoC5/cyfitter_cfg.c **** static void CYCONFIGCPYCODE(void *dest, const void *src, size_t n);
  90:Generated_Source\PSoC5/cyfitter_cfg.c **** CY_CFG_UNUSED
  91:Generated_Source\PSoC5/cyfitter_cfg.c **** static void CYCONFIGCPYCODE(void *dest, const void *src, size_t n)
  92:Generated_Source\PSoC5/cyfitter_cfg.c **** {
  93:Generated_Source\PSoC5/cyfitter_cfg.c **** 	(void)memcpy(dest, src, n);
  94:Generated_Source\PSoC5/cyfitter_cfg.c **** }
  95:Generated_Source\PSoC5/cyfitter_cfg.c **** 
  96:Generated_Source\PSoC5/cyfitter_cfg.c **** 
  97:Generated_Source\PSoC5/cyfitter_cfg.c **** 
  98:Generated_Source\PSoC5/cyfitter_cfg.c **** 
  99:Generated_Source\PSoC5/cyfitter_cfg.c **** /* Clock startup error codes                                                   */
 100:Generated_Source\PSoC5/cyfitter_cfg.c **** #define CYCLOCKSTART_NO_ERROR    0u
 101:Generated_Source\PSoC5/cyfitter_cfg.c **** #define CYCLOCKSTART_XTAL_ERROR  1u
 102:Generated_Source\PSoC5/cyfitter_cfg.c **** #define CYCLOCKSTART_32KHZ_ERROR 2u
 103:Generated_Source\PSoC5/cyfitter_cfg.c **** #define CYCLOCKSTART_PLL_ERROR   3u
 104:Generated_Source\PSoC5/cyfitter_cfg.c **** #define CYCLOCKSTART_FLL_ERROR   4u
 105:Generated_Source\PSoC5/cyfitter_cfg.c **** #define CYCLOCKSTART_WCO_ERROR   5u
 106:Generated_Source\PSoC5/cyfitter_cfg.c **** 
 107:Generated_Source\PSoC5/cyfitter_cfg.c **** 
 108:Generated_Source\PSoC5/cyfitter_cfg.c **** #ifdef CY_NEED_CYCLOCKSTARTUPERROR
 109:Generated_Source\PSoC5/cyfitter_cfg.c **** /*******************************************************************************
 110:Generated_Source\PSoC5/cyfitter_cfg.c **** * Function Name: CyClockStartupError
 111:Generated_Source\PSoC5/cyfitter_cfg.c **** ********************************************************************************
 112:Generated_Source\PSoC5/cyfitter_cfg.c **** * Summary:
 113:Generated_Source\PSoC5/cyfitter_cfg.c **** *  If an error is encountered during clock configuration (crystal startup error,
 114:Generated_Source\PSoC5/cyfitter_cfg.c **** *  PLL lock error, etc.), the system will end up here.  Unless reimplemented by
 115:Generated_Source\PSoC5/cyfitter_cfg.c **** *  the customer, this function will stop in an infinite loop.
 116:Generated_Source\PSoC5/cyfitter_cfg.c **** *
 117:Generated_Source\PSoC5/cyfitter_cfg.c **** * Parameters:
 118:Generated_Source\PSoC5/cyfitter_cfg.c **** *   void
 119:Generated_Source\PSoC5/cyfitter_cfg.c **** *
 120:Generated_Source\PSoC5/cyfitter_cfg.c **** * Return:
 121:Generated_Source\PSoC5/cyfitter_cfg.c **** *   void
 122:Generated_Source\PSoC5/cyfitter_cfg.c **** *
 123:Generated_Source\PSoC5/cyfitter_cfg.c **** *******************************************************************************/
 124:Generated_Source\PSoC5/cyfitter_cfg.c **** CY_CFG_UNUSED
 125:Generated_Source\PSoC5/cyfitter_cfg.c **** static void CyClockStartupError(uint8 errorCode);
 126:Generated_Source\PSoC5/cyfitter_cfg.c **** CY_CFG_UNUSED
 127:Generated_Source\PSoC5/cyfitter_cfg.c **** static void CyClockStartupError(uint8 errorCode)
 128:Generated_Source\PSoC5/cyfitter_cfg.c **** {
  27              		.loc 1 128 0
  28              		.cfi_startproc
  29              		@ Volatile: function does not return.
  30              		@ args = 0, pretend = 0, frame = 0
  31              		@ frame_needed = 0, uses_anonymous_args = 0
  32              		@ link register save eliminated.
  33              	.LVL0:
  34              	.L2:
  35 0000 FEE7     		b	.L2
  36              		.cfi_endproc
  37              	.LFE3:
  38              		.size	CyClockStartupError, .-CyClockStartupError
  39 0002 00BF     		.section	.text.AnalogSetDefault,"ax",%progbits
  40              		.align	2
  41              		.thumb
  42              		.thumb_func
  43              		.type	AnalogSetDefault, %function
ARM GAS  C:\Users\nicol\AppData\Local\Temp\ccBPefe0.s 			page 4


  44              	AnalogSetDefault:
  45              	.LFB5:
 129:Generated_Source\PSoC5/cyfitter_cfg.c ****     /* To remove the compiler warning if errorCode not used.                */
 130:Generated_Source\PSoC5/cyfitter_cfg.c ****     errorCode = errorCode;
 131:Generated_Source\PSoC5/cyfitter_cfg.c **** 
 132:Generated_Source\PSoC5/cyfitter_cfg.c ****     /* If we have a clock startup error (bad MHz crystal, PLL lock, etc.),  */
 133:Generated_Source\PSoC5/cyfitter_cfg.c ****     /* we will end up here to allow the customer to implement something to  */
 134:Generated_Source\PSoC5/cyfitter_cfg.c ****     /* deal with the clock condition.                                       */
 135:Generated_Source\PSoC5/cyfitter_cfg.c **** 
 136:Generated_Source\PSoC5/cyfitter_cfg.c **** #ifdef CY_CFG_CLOCK_STARTUP_ERROR_CALLBACK
 137:Generated_Source\PSoC5/cyfitter_cfg.c ****     CY_CFG_Clock_Startup_ErrorCallback();
 138:Generated_Source\PSoC5/cyfitter_cfg.c **** #else
 139:Generated_Source\PSoC5/cyfitter_cfg.c ****     /*  If not using CY_CFG_CLOCK_STARTUP_ERROR_CALLBACK, place your clock startup code here. */
 140:Generated_Source\PSoC5/cyfitter_cfg.c ****     /* `#START CyClockStartupError` */
 141:Generated_Source\PSoC5/cyfitter_cfg.c **** 
 142:Generated_Source\PSoC5/cyfitter_cfg.c **** 
 143:Generated_Source\PSoC5/cyfitter_cfg.c **** 
 144:Generated_Source\PSoC5/cyfitter_cfg.c ****     /* `#END` */
 145:Generated_Source\PSoC5/cyfitter_cfg.c **** 
 146:Generated_Source\PSoC5/cyfitter_cfg.c ****     while(1) {}
 147:Generated_Source\PSoC5/cyfitter_cfg.c **** #endif /* CY_CFG_CLOCK_STARTUP_ERROR_CALLBACK */
 148:Generated_Source\PSoC5/cyfitter_cfg.c **** }
 149:Generated_Source\PSoC5/cyfitter_cfg.c **** #endif
 150:Generated_Source\PSoC5/cyfitter_cfg.c **** 
 151:Generated_Source\PSoC5/cyfitter_cfg.c **** /* IOPINS0_0 Address: CYREG_PRT0_DM0 Size (bytes): 8 */
 152:Generated_Source\PSoC5/cyfitter_cfg.c **** #define BS_IOPINS0_0_VAL ((const uint8 CYFAR *)0x48000000u)
 153:Generated_Source\PSoC5/cyfitter_cfg.c **** 
 154:Generated_Source\PSoC5/cyfitter_cfg.c **** /* IOPINS0_7 Address: CYREG_PRT12_DM0 Size (bytes): 8 */
 155:Generated_Source\PSoC5/cyfitter_cfg.c **** #define BS_IOPINS0_7_VAL ((const uint8 CYFAR *)0x48000008u)
 156:Generated_Source\PSoC5/cyfitter_cfg.c **** 
 157:Generated_Source\PSoC5/cyfitter_cfg.c **** /* IOPINS0_8 Address: CYREG_PRT15_DM0 Size (bytes): 8 */
 158:Generated_Source\PSoC5/cyfitter_cfg.c **** #define BS_IOPINS0_8_VAL ((const uint8 CYFAR *)0x48000010u)
 159:Generated_Source\PSoC5/cyfitter_cfg.c **** 
 160:Generated_Source\PSoC5/cyfitter_cfg.c **** /* IOPINS0_1 Address: CYREG_PRT1_DM0 Size (bytes): 8 */
 161:Generated_Source\PSoC5/cyfitter_cfg.c **** #define BS_IOPINS0_1_VAL ((const uint8 CYFAR *)0x48000018u)
 162:Generated_Source\PSoC5/cyfitter_cfg.c **** 
 163:Generated_Source\PSoC5/cyfitter_cfg.c **** 
 164:Generated_Source\PSoC5/cyfitter_cfg.c **** /*******************************************************************************
 165:Generated_Source\PSoC5/cyfitter_cfg.c **** * Function Name: ClockSetup
 166:Generated_Source\PSoC5/cyfitter_cfg.c **** ********************************************************************************
 167:Generated_Source\PSoC5/cyfitter_cfg.c **** *
 168:Generated_Source\PSoC5/cyfitter_cfg.c **** * Summary:
 169:Generated_Source\PSoC5/cyfitter_cfg.c **** *  Performs the initialization of all of the clocks in the device based on the
 170:Generated_Source\PSoC5/cyfitter_cfg.c **** *  settings in the Clock tab of the DWR.  This includes enabling the requested
 171:Generated_Source\PSoC5/cyfitter_cfg.c **** *  clocks and setting the necessary dividers to produce the desired frequency. 
 172:Generated_Source\PSoC5/cyfitter_cfg.c **** *
 173:Generated_Source\PSoC5/cyfitter_cfg.c **** * Parameters:
 174:Generated_Source\PSoC5/cyfitter_cfg.c **** *  void
 175:Generated_Source\PSoC5/cyfitter_cfg.c **** *
 176:Generated_Source\PSoC5/cyfitter_cfg.c **** * Return:
 177:Generated_Source\PSoC5/cyfitter_cfg.c **** *  void
 178:Generated_Source\PSoC5/cyfitter_cfg.c **** *
 179:Generated_Source\PSoC5/cyfitter_cfg.c **** *******************************************************************************/
 180:Generated_Source\PSoC5/cyfitter_cfg.c **** static void ClockSetup(void);
 181:Generated_Source\PSoC5/cyfitter_cfg.c **** static void ClockSetup(void)
 182:Generated_Source\PSoC5/cyfitter_cfg.c **** {
 183:Generated_Source\PSoC5/cyfitter_cfg.c **** 	uint32 timeout;
ARM GAS  C:\Users\nicol\AppData\Local\Temp\ccBPefe0.s 			page 5


 184:Generated_Source\PSoC5/cyfitter_cfg.c **** 	uint8 pllLock;
 185:Generated_Source\PSoC5/cyfitter_cfg.c **** 
 186:Generated_Source\PSoC5/cyfitter_cfg.c **** 
 187:Generated_Source\PSoC5/cyfitter_cfg.c **** 	/* Configure ILO based on settings from Clock DWR */
 188:Generated_Source\PSoC5/cyfitter_cfg.c **** 	CY_SET_XTND_REG8((void CYFAR *)(CYREG_SLOWCLK_ILO_CR0), 0x02u);
 189:Generated_Source\PSoC5/cyfitter_cfg.c **** 	CY_SET_XTND_REG8((void CYFAR *)(CYREG_CLKDIST_CR), 0x08u);
 190:Generated_Source\PSoC5/cyfitter_cfg.c **** 
 191:Generated_Source\PSoC5/cyfitter_cfg.c **** 	/* Configure IMO based on settings from Clock DWR */
 192:Generated_Source\PSoC5/cyfitter_cfg.c **** 	CY_SET_XTND_REG8((void CYFAR *)(CYREG_FASTCLK_IMO_CR), 0x03u);
 193:Generated_Source\PSoC5/cyfitter_cfg.c **** 	CY_SET_XTND_REG8((void CYFAR *)(CYREG_IMO_TR1), (CY_GET_XTND_REG8((void CYFAR *)CYREG_FLSHID_CUST_
 194:Generated_Source\PSoC5/cyfitter_cfg.c **** 
 195:Generated_Source\PSoC5/cyfitter_cfg.c **** 	/* Configure PLL based on settings from Clock DWR */
 196:Generated_Source\PSoC5/cyfitter_cfg.c **** 	CY_SET_XTND_REG16((void CYFAR *)(CYREG_FASTCLK_PLL_P), 0x0008u);
 197:Generated_Source\PSoC5/cyfitter_cfg.c **** 	CY_SET_XTND_REG16((void CYFAR *)(CYREG_FASTCLK_PLL_CFG0), 0x1251u);
 198:Generated_Source\PSoC5/cyfitter_cfg.c **** 	/* Wait up to 250us for the PLL to lock */
 199:Generated_Source\PSoC5/cyfitter_cfg.c **** 	pllLock = 0u;
 200:Generated_Source\PSoC5/cyfitter_cfg.c **** 	for (timeout = 250u / 10u; (timeout > 0u) && (pllLock != 0x03u); timeout--)
 201:Generated_Source\PSoC5/cyfitter_cfg.c **** 	{ 
 202:Generated_Source\PSoC5/cyfitter_cfg.c **** 		pllLock = 0x03u & ((uint8)((uint8)pllLock << 1) | ((CY_GET_XTND_REG8((void CYFAR *)CYREG_FASTCLK_
 203:Generated_Source\PSoC5/cyfitter_cfg.c **** 		CyDelayCycles(10u * 48u); /* Delay 10us based on 48MHz clock */
 204:Generated_Source\PSoC5/cyfitter_cfg.c **** 	}
 205:Generated_Source\PSoC5/cyfitter_cfg.c **** 	/* If we ran out of time the PLL didn't lock so go to the error function */
 206:Generated_Source\PSoC5/cyfitter_cfg.c **** 	if (timeout == 0u)
 207:Generated_Source\PSoC5/cyfitter_cfg.c **** 	{
 208:Generated_Source\PSoC5/cyfitter_cfg.c **** 		CyClockStartupError(CYCLOCKSTART_PLL_ERROR);
 209:Generated_Source\PSoC5/cyfitter_cfg.c **** 	}
 210:Generated_Source\PSoC5/cyfitter_cfg.c **** 
 211:Generated_Source\PSoC5/cyfitter_cfg.c **** 	/* Configure Bus/Master Clock based on settings from Clock DWR */
 212:Generated_Source\PSoC5/cyfitter_cfg.c **** 	CY_SET_XTND_REG16((void CYFAR *)(CYREG_CLKDIST_MSTR0), 0x0100u);
 213:Generated_Source\PSoC5/cyfitter_cfg.c **** 	CY_SET_XTND_REG8((void CYFAR *)(CYREG_CLKDIST_MSTR0), 0x07u);
 214:Generated_Source\PSoC5/cyfitter_cfg.c **** 	CY_SET_XTND_REG8((void CYFAR *)(CYREG_CLKDIST_BCFG0), 0x00u);
 215:Generated_Source\PSoC5/cyfitter_cfg.c **** 	CY_SET_XTND_REG8((void CYFAR *)(CYREG_CLKDIST_BCFG2), 0x48u);
 216:Generated_Source\PSoC5/cyfitter_cfg.c **** 	CY_SET_XTND_REG8((void CYFAR *)(CYREG_CLKDIST_MSTR0), 0x00u);
 217:Generated_Source\PSoC5/cyfitter_cfg.c **** 	CY_SET_XTND_REG8((void CYFAR *)(CYREG_CLKDIST_LD), 0x02u);
 218:Generated_Source\PSoC5/cyfitter_cfg.c **** }
 219:Generated_Source\PSoC5/cyfitter_cfg.c **** 
 220:Generated_Source\PSoC5/cyfitter_cfg.c **** 
 221:Generated_Source\PSoC5/cyfitter_cfg.c **** /* Analog API Functions */
 222:Generated_Source\PSoC5/cyfitter_cfg.c **** 
 223:Generated_Source\PSoC5/cyfitter_cfg.c **** 
 224:Generated_Source\PSoC5/cyfitter_cfg.c **** /*******************************************************************************
 225:Generated_Source\PSoC5/cyfitter_cfg.c **** * Function Name: AnalogSetDefault
 226:Generated_Source\PSoC5/cyfitter_cfg.c **** ********************************************************************************
 227:Generated_Source\PSoC5/cyfitter_cfg.c **** *
 228:Generated_Source\PSoC5/cyfitter_cfg.c **** * Summary:
 229:Generated_Source\PSoC5/cyfitter_cfg.c **** *  Sets up the analog portions of the chip to default values based on chip
 230:Generated_Source\PSoC5/cyfitter_cfg.c **** *  configuration options from the project.
 231:Generated_Source\PSoC5/cyfitter_cfg.c **** *
 232:Generated_Source\PSoC5/cyfitter_cfg.c **** * Parameters:
 233:Generated_Source\PSoC5/cyfitter_cfg.c **** *  void
 234:Generated_Source\PSoC5/cyfitter_cfg.c **** *
 235:Generated_Source\PSoC5/cyfitter_cfg.c **** * Return:
 236:Generated_Source\PSoC5/cyfitter_cfg.c **** *  void
 237:Generated_Source\PSoC5/cyfitter_cfg.c **** *
 238:Generated_Source\PSoC5/cyfitter_cfg.c **** *******************************************************************************/
 239:Generated_Source\PSoC5/cyfitter_cfg.c **** static void AnalogSetDefault(void);
 240:Generated_Source\PSoC5/cyfitter_cfg.c **** static void AnalogSetDefault(void)
ARM GAS  C:\Users\nicol\AppData\Local\Temp\ccBPefe0.s 			page 6


 241:Generated_Source\PSoC5/cyfitter_cfg.c **** {
  46              		.loc 1 241 0
  47              		.cfi_startproc
  48              		@ args = 0, pretend = 0, frame = 0
  49              		@ frame_needed = 0, uses_anonymous_args = 0
  50              		@ link register save eliminated.
 242:Generated_Source\PSoC5/cyfitter_cfg.c **** 	uint8 bg_xover_inl_trim = CY_GET_XTND_REG8((void CYFAR *)(CYREG_FLSHID_MFG_CFG_BG_XOVER_INL_TRIM +
  51              		.loc 1 242 0
  52 0000 064B     		ldr	r3, .L4
  53 0002 1B78     		ldrb	r3, [r3]	@ zero_extendqisi2
  54 0004 DBB2     		uxtb	r3, r3
  55              	.LVL1:
 243:Generated_Source\PSoC5/cyfitter_cfg.c **** 	CY_SET_XTND_REG8((void CYFAR *)(CYREG_BG_DFT0), (bg_xover_inl_trim & 0x07u));
  56              		.loc 1 243 0
  57 0006 03F00701 		and	r1, r3, #7
  58 000a 054A     		ldr	r2, .L4+4
  59 000c 1170     		strb	r1, [r2]
 244:Generated_Source\PSoC5/cyfitter_cfg.c **** 	CY_SET_XTND_REG8((void CYFAR *)(CYREG_BG_DFT1), ((bg_xover_inl_trim >> 4) & 0x0Fu));
  60              		.loc 1 244 0
  61 000e 1B09     		lsrs	r3, r3, #4
  62              	.LVL2:
  63 0010 0132     		adds	r2, r2, #1
  64 0012 1370     		strb	r3, [r2]
 245:Generated_Source\PSoC5/cyfitter_cfg.c **** 	CY_SET_XTND_REG8((void CYFAR *)CYREG_PUMP_CR0, 0x44u);
  65              		.loc 1 245 0
  66 0014 4422     		movs	r2, #68
  67 0016 034B     		ldr	r3, .L4+8
  68 0018 1A70     		strb	r2, [r3]
  69 001a 7047     		bx	lr
  70              	.L5:
  71              		.align	2
  72              	.L4:
  73 001c CF010049 		.word	1224737231
  74 0020 6E580040 		.word	1073764462
  75 0024 76580040 		.word	1073764470
  76              		.cfi_endproc
  77              	.LFE5:
  78              		.size	AnalogSetDefault, .-AnalogSetDefault
  79              		.section	.text.CYMEMZERO,"ax",%progbits
  80              		.align	2
  81              		.thumb
  82              		.thumb_func
  83              		.type	CYMEMZERO, %function
  84              	CYMEMZERO:
  85              	.LFB0:
  78:Generated_Source\PSoC5/cyfitter_cfg.c **** 	(void)memset(s, 0, n);
  86              		.loc 1 78 0
  87              		.cfi_startproc
  88              		@ args = 0, pretend = 0, frame = 0
  89              		@ frame_needed = 0, uses_anonymous_args = 0
  90              	.LVL3:
  91 0000 08B5     		push	{r3, lr}
  92              		.cfi_def_cfa_offset 8
  93              		.cfi_offset 3, -8
  94              		.cfi_offset 14, -4
  79:Generated_Source\PSoC5/cyfitter_cfg.c **** }
  95              		.loc 1 79 0
ARM GAS  C:\Users\nicol\AppData\Local\Temp\ccBPefe0.s 			page 7


  96 0002 0A46     		mov	r2, r1
  97 0004 0021     		movs	r1, #0
  98              	.LVL4:
  99 0006 FFF7FEFF 		bl	memset
 100              	.LVL5:
 101 000a 08BD     		pop	{r3, pc}
 102              		.cfi_endproc
 103              	.LFE0:
 104              		.size	CYMEMZERO, .-CYMEMZERO
 105              		.section	.text.ClockSetup,"ax",%progbits
 106              		.align	2
 107              		.thumb
 108              		.thumb_func
 109              		.type	ClockSetup, %function
 110              	ClockSetup:
 111              	.LFB4:
 182:Generated_Source\PSoC5/cyfitter_cfg.c **** 	uint32 timeout;
 112              		.loc 1 182 0
 113              		.cfi_startproc
 114              		@ args = 0, pretend = 0, frame = 0
 115              		@ frame_needed = 0, uses_anonymous_args = 0
 116 0000 38B5     		push	{r3, r4, r5, lr}
 117              		.cfi_def_cfa_offset 16
 118              		.cfi_offset 3, -16
 119              		.cfi_offset 4, -12
 120              		.cfi_offset 5, -8
 121              		.cfi_offset 14, -4
 188:Generated_Source\PSoC5/cyfitter_cfg.c **** 	CY_SET_XTND_REG8((void CYFAR *)(CYREG_CLKDIST_CR), 0x08u);
 122              		.loc 1 188 0
 123 0002 0222     		movs	r2, #2
 124 0004 1E4B     		ldr	r3, .L14
 125 0006 1A70     		strb	r2, [r3]
 189:Generated_Source\PSoC5/cyfitter_cfg.c **** 
 126              		.loc 1 189 0
 127 0008 0822     		movs	r2, #8
 128 000a 4FF04023 		mov	r3, #1073758208
 129 000e 1A70     		strb	r2, [r3]
 192:Generated_Source\PSoC5/cyfitter_cfg.c **** 	CY_SET_XTND_REG8((void CYFAR *)(CYREG_IMO_TR1), (CY_GET_XTND_REG8((void CYFAR *)CYREG_FLSHID_CUST_
 130              		.loc 1 192 0
 131 0010 0321     		movs	r1, #3
 132 0012 03F50073 		add	r3, r3, #512
 133 0016 1970     		strb	r1, [r3]
 193:Generated_Source\PSoC5/cyfitter_cfg.c **** 
 134              		.loc 1 193 0
 135 0018 1A4B     		ldr	r3, .L14+4
 136 001a 1B78     		ldrb	r3, [r3]	@ zero_extendqisi2
 137 001c DBB2     		uxtb	r3, r3
 138 001e 1A49     		ldr	r1, .L14+8
 139 0020 0B70     		strb	r3, [r1]
 196:Generated_Source\PSoC5/cyfitter_cfg.c **** 	CY_SET_XTND_REG16((void CYFAR *)(CYREG_FASTCLK_PLL_CFG0), 0x1251u);
 140              		.loc 1 196 0
 141 0022 1A4B     		ldr	r3, .L14+12
 142 0024 1A80     		strh	r2, [r3]	@ movhi
 197:Generated_Source\PSoC5/cyfitter_cfg.c **** 	/* Wait up to 250us for the PLL to lock */
 143              		.loc 1 197 0
 144 0026 41F25122 		movw	r2, #4689
 145 002a 023B     		subs	r3, r3, #2
ARM GAS  C:\Users\nicol\AppData\Local\Temp\ccBPefe0.s 			page 8


 146 002c 1A80     		strh	r2, [r3]	@ movhi
 147              	.LVL6:
 199:Generated_Source\PSoC5/cyfitter_cfg.c **** 	for (timeout = 250u / 10u; (timeout > 0u) && (pllLock != 0x03u); timeout--)
 148              		.loc 1 199 0
 149 002e 0024     		movs	r4, #0
 200:Generated_Source\PSoC5/cyfitter_cfg.c **** 	{ 
 150              		.loc 1 200 0
 151 0030 1925     		movs	r5, #25
 152 0032 0CE0     		b	.L9
 153              	.LVL7:
 154              	.L11:
 202:Generated_Source\PSoC5/cyfitter_cfg.c **** 		CyDelayCycles(10u * 48u); /* Delay 10us based on 48MHz clock */
 155              		.loc 1 202 0 discriminator 4
 156 0034 164B     		ldr	r3, .L14+16
 157 0036 1B78     		ldrb	r3, [r3]	@ zero_extendqisi2
 158 0038 03F00103 		and	r3, r3, #1
 159 003c 43EA4404 		orr	r4, r3, r4, lsl #1
 160              	.LVL8:
 161 0040 04F00304 		and	r4, r4, #3
 162              	.LVL9:
 203:Generated_Source\PSoC5/cyfitter_cfg.c **** 	}
 163              		.loc 1 203 0 discriminator 4
 164 0044 4FF4F070 		mov	r0, #480
 165 0048 FFF7FEFF 		bl	CyDelayCycles
 166              	.LVL10:
 200:Generated_Source\PSoC5/cyfitter_cfg.c **** 	{ 
 167              		.loc 1 200 0 discriminator 4
 168 004c 013D     		subs	r5, r5, #1
 169              	.LVL11:
 170              	.L9:
 200:Generated_Source\PSoC5/cyfitter_cfg.c **** 	{ 
 171              		.loc 1 200 0 is_stmt 0 discriminator 1
 172 004e 0DB1     		cbz	r5, .L10
 200:Generated_Source\PSoC5/cyfitter_cfg.c **** 	{ 
 173              		.loc 1 200 0 discriminator 3
 174 0050 032C     		cmp	r4, #3
 175 0052 EFD1     		bne	.L11
 176              	.L10:
 206:Generated_Source\PSoC5/cyfitter_cfg.c **** 	{
 177              		.loc 1 206 0 is_stmt 1
 178 0054 15B9     		cbnz	r5, .L12
 208:Generated_Source\PSoC5/cyfitter_cfg.c **** 	}
 179              		.loc 1 208 0
 180 0056 0320     		movs	r0, #3
 181 0058 FFF7FEFF 		bl	CyClockStartupError
 182              	.LVL12:
 183              	.L12:
 212:Generated_Source\PSoC5/cyfitter_cfg.c **** 	CY_SET_XTND_REG8((void CYFAR *)(CYREG_CLKDIST_MSTR0), 0x07u);
 184              		.loc 1 212 0
 185 005c 0D4B     		ldr	r3, .L14+20
 186 005e 4FF48072 		mov	r2, #256
 187 0062 1A80     		strh	r2, [r3]	@ movhi
 213:Generated_Source\PSoC5/cyfitter_cfg.c **** 	CY_SET_XTND_REG8((void CYFAR *)(CYREG_CLKDIST_BCFG0), 0x00u);
 188              		.loc 1 213 0
 189 0064 0722     		movs	r2, #7
 190 0066 1A70     		strb	r2, [r3]
 214:Generated_Source\PSoC5/cyfitter_cfg.c **** 	CY_SET_XTND_REG8((void CYFAR *)(CYREG_CLKDIST_BCFG2), 0x48u);
ARM GAS  C:\Users\nicol\AppData\Local\Temp\ccBPefe0.s 			page 9


 191              		.loc 1 214 0
 192 0068 0022     		movs	r2, #0
 193 006a 0B49     		ldr	r1, .L14+24
 194 006c 0A70     		strb	r2, [r1]
 215:Generated_Source\PSoC5/cyfitter_cfg.c **** 	CY_SET_XTND_REG8((void CYFAR *)(CYREG_CLKDIST_MSTR0), 0x00u);
 195              		.loc 1 215 0
 196 006e 4820     		movs	r0, #72
 197 0070 0231     		adds	r1, r1, #2
 198 0072 0870     		strb	r0, [r1]
 216:Generated_Source\PSoC5/cyfitter_cfg.c **** 	CY_SET_XTND_REG8((void CYFAR *)(CYREG_CLKDIST_LD), 0x02u);
 199              		.loc 1 216 0
 200 0074 1A70     		strb	r2, [r3]
 217:Generated_Source\PSoC5/cyfitter_cfg.c **** }
 201              		.loc 1 217 0
 202 0076 0222     		movs	r2, #2
 203 0078 033B     		subs	r3, r3, #3
 204 007a 1A70     		strb	r2, [r3]
 205 007c 38BD     		pop	{r3, r4, r5, pc}
 206              	.LVL13:
 207              	.L15:
 208 007e 00BF     		.align	2
 209              	.L14:
 210 0080 00430040 		.word	1073758976
 211 0084 08010049 		.word	1224737032
 212 0088 A1460040 		.word	1073759905
 213 008c 22420040 		.word	1073758754
 214 0090 25420040 		.word	1073758757
 215 0094 04400040 		.word	1073758212
 216 0098 06400040 		.word	1073758214
 217              		.cfi_endproc
 218              	.LFE4:
 219              		.size	ClockSetup, .-ClockSetup
 220              		.section	.text.CYCONFIGCPY,"ax",%progbits
 221              		.align	2
 222              		.thumb
 223              		.thumb_func
 224              		.type	CYCONFIGCPY, %function
 225              	CYCONFIGCPY:
 226              	.LFB1:
  85:Generated_Source\PSoC5/cyfitter_cfg.c **** 	(void)memcpy(dest, src, n);
 227              		.loc 1 85 0
 228              		.cfi_startproc
 229              		@ args = 0, pretend = 0, frame = 0
 230              		@ frame_needed = 0, uses_anonymous_args = 0
 231              	.LVL14:
 232 0000 08B5     		push	{r3, lr}
 233              		.cfi_def_cfa_offset 8
 234              		.cfi_offset 3, -8
 235              		.cfi_offset 14, -4
  86:Generated_Source\PSoC5/cyfitter_cfg.c **** }
 236              		.loc 1 86 0
 237 0002 FFF7FEFF 		bl	memcpy
 238              	.LVL15:
 239 0006 08BD     		pop	{r3, pc}
 240              		.cfi_endproc
 241              	.LFE1:
 242              		.size	CYCONFIGCPY, .-CYCONFIGCPY
ARM GAS  C:\Users\nicol\AppData\Local\Temp\ccBPefe0.s 			page 10


 243              		.section	.text.SetAnalogRoutingPumps,"ax",%progbits
 244              		.align	2
 245              		.global	SetAnalogRoutingPumps
 246              		.thumb
 247              		.thumb_func
 248              		.type	SetAnalogRoutingPumps, %function
 249              	SetAnalogRoutingPumps:
 250              	.LFB6:
 246:Generated_Source\PSoC5/cyfitter_cfg.c **** }
 247:Generated_Source\PSoC5/cyfitter_cfg.c **** 
 248:Generated_Source\PSoC5/cyfitter_cfg.c **** 
 249:Generated_Source\PSoC5/cyfitter_cfg.c **** /*******************************************************************************
 250:Generated_Source\PSoC5/cyfitter_cfg.c **** * Function Name: SetAnalogRoutingPumps
 251:Generated_Source\PSoC5/cyfitter_cfg.c **** ********************************************************************************
 252:Generated_Source\PSoC5/cyfitter_cfg.c **** *
 253:Generated_Source\PSoC5/cyfitter_cfg.c **** * Summary:
 254:Generated_Source\PSoC5/cyfitter_cfg.c **** * Enables or disables the analog pumps feeding analog routing switches.
 255:Generated_Source\PSoC5/cyfitter_cfg.c **** * Intended to be called at startup, based on the Vdda system configuration;
 256:Generated_Source\PSoC5/cyfitter_cfg.c **** * may be called during operation when the user informs us that the Vdda voltage
 257:Generated_Source\PSoC5/cyfitter_cfg.c **** * crossed the pump threshold.
 258:Generated_Source\PSoC5/cyfitter_cfg.c **** *
 259:Generated_Source\PSoC5/cyfitter_cfg.c **** * Parameters:
 260:Generated_Source\PSoC5/cyfitter_cfg.c **** *  enabled - 1 to enable the pumps, 0 to disable the pumps
 261:Generated_Source\PSoC5/cyfitter_cfg.c **** *
 262:Generated_Source\PSoC5/cyfitter_cfg.c **** * Return:
 263:Generated_Source\PSoC5/cyfitter_cfg.c **** *  void
 264:Generated_Source\PSoC5/cyfitter_cfg.c **** *
 265:Generated_Source\PSoC5/cyfitter_cfg.c **** *******************************************************************************/
 266:Generated_Source\PSoC5/cyfitter_cfg.c **** void SetAnalogRoutingPumps(uint8 enabled)
 267:Generated_Source\PSoC5/cyfitter_cfg.c **** {
 251              		.loc 1 267 0
 252              		.cfi_startproc
 253              		@ args = 0, pretend = 0, frame = 0
 254              		@ frame_needed = 0, uses_anonymous_args = 0
 255              		@ link register save eliminated.
 256              	.LVL16:
 268:Generated_Source\PSoC5/cyfitter_cfg.c **** 	uint8 regValue = CY_GET_XTND_REG8((void CYFAR *)CYREG_PUMP_CR0);
 257              		.loc 1 268 0
 258 0000 024A     		ldr	r2, .L19
 259 0002 1378     		ldrb	r3, [r2]	@ zero_extendqisi2
 260 0004 DBB2     		uxtb	r3, r3
 261              	.LVL17:
 269:Generated_Source\PSoC5/cyfitter_cfg.c **** 	if (enabled != 0u)
 270:Generated_Source\PSoC5/cyfitter_cfg.c **** 	{
 271:Generated_Source\PSoC5/cyfitter_cfg.c **** 		regValue |= 0x00u;
 272:Generated_Source\PSoC5/cyfitter_cfg.c **** 	}
 273:Generated_Source\PSoC5/cyfitter_cfg.c **** 	else
 274:Generated_Source\PSoC5/cyfitter_cfg.c **** 	{
 275:Generated_Source\PSoC5/cyfitter_cfg.c **** 		regValue &= (uint8)~0x00u;
 276:Generated_Source\PSoC5/cyfitter_cfg.c **** 	}
 277:Generated_Source\PSoC5/cyfitter_cfg.c **** 	CY_SET_XTND_REG8((void CYFAR *)CYREG_PUMP_CR0, regValue);
 262              		.loc 1 277 0
 263 0006 1370     		strb	r3, [r2]
 264 0008 7047     		bx	lr
 265              	.L20:
 266 000a 00BF     		.align	2
 267              	.L19:
ARM GAS  C:\Users\nicol\AppData\Local\Temp\ccBPefe0.s 			page 11


 268 000c 76580040 		.word	1073764470
 269              		.cfi_endproc
 270              	.LFE6:
 271              		.size	SetAnalogRoutingPumps, .-SetAnalogRoutingPumps
 272              		.section	.text.cyfitter_cfg,"ax",%progbits
 273              		.align	2
 274              		.global	cyfitter_cfg
 275              		.thumb
 276              		.thumb_func
 277              		.type	cyfitter_cfg, %function
 278              	cyfitter_cfg:
 279              	.LFB7:
 278:Generated_Source\PSoC5/cyfitter_cfg.c **** }
 279:Generated_Source\PSoC5/cyfitter_cfg.c **** 
 280:Generated_Source\PSoC5/cyfitter_cfg.c **** 
 281:Generated_Source\PSoC5/cyfitter_cfg.c **** 
 282:Generated_Source\PSoC5/cyfitter_cfg.c **** 
 283:Generated_Source\PSoC5/cyfitter_cfg.c **** /*******************************************************************************
 284:Generated_Source\PSoC5/cyfitter_cfg.c **** * Function Name: cyfitter_cfg
 285:Generated_Source\PSoC5/cyfitter_cfg.c **** ********************************************************************************
 286:Generated_Source\PSoC5/cyfitter_cfg.c **** * Summary:
 287:Generated_Source\PSoC5/cyfitter_cfg.c **** *  This function is called by the start-up code for the selected device. It
 288:Generated_Source\PSoC5/cyfitter_cfg.c **** *  performs all of the necessary device configuration based on the design
 289:Generated_Source\PSoC5/cyfitter_cfg.c **** *  settings.  This includes settings from the Design Wide Resources (DWR) such
 290:Generated_Source\PSoC5/cyfitter_cfg.c **** *  as Clocks and Pins as well as any component configuration that is necessary.
 291:Generated_Source\PSoC5/cyfitter_cfg.c **** *
 292:Generated_Source\PSoC5/cyfitter_cfg.c **** * Parameters:
 293:Generated_Source\PSoC5/cyfitter_cfg.c **** *   void
 294:Generated_Source\PSoC5/cyfitter_cfg.c **** *
 295:Generated_Source\PSoC5/cyfitter_cfg.c **** * Return:
 296:Generated_Source\PSoC5/cyfitter_cfg.c **** *   void
 297:Generated_Source\PSoC5/cyfitter_cfg.c **** *
 298:Generated_Source\PSoC5/cyfitter_cfg.c **** *******************************************************************************/
 299:Generated_Source\PSoC5/cyfitter_cfg.c **** 
 300:Generated_Source\PSoC5/cyfitter_cfg.c **** void cyfitter_cfg(void)
 301:Generated_Source\PSoC5/cyfitter_cfg.c **** {
 280              		.loc 1 301 0
 281              		.cfi_startproc
 282              		@ args = 0, pretend = 0, frame = 0
 283              		@ frame_needed = 0, uses_anonymous_args = 0
 284 0000 38B5     		push	{r3, r4, r5, lr}
 285              		.cfi_def_cfa_offset 16
 286              		.cfi_offset 3, -16
 287              		.cfi_offset 4, -12
 288              		.cfi_offset 5, -8
 289              		.cfi_offset 14, -4
 302:Generated_Source\PSoC5/cyfitter_cfg.c **** #ifdef CYGlobalIntDisable
 303:Generated_Source\PSoC5/cyfitter_cfg.c **** 	/* Disable interrupts by default. Let user enable if/when they want. */
 304:Generated_Source\PSoC5/cyfitter_cfg.c **** 	CYGlobalIntDisable
 290              		.loc 1 304 0
 291              		.syntax unified
 292              	@ 304 "Generated_Source\PSoC5\cyfitter_cfg.c" 1
 293 0002 72B6     		CPSID   i
 294              	@ 0 "" 2
 305:Generated_Source\PSoC5/cyfitter_cfg.c **** #endif
 306:Generated_Source\PSoC5/cyfitter_cfg.c **** 
 307:Generated_Source\PSoC5/cyfitter_cfg.c **** 	/* Enable/Disable Debug functionality based on settings from System DWR */
ARM GAS  C:\Users\nicol\AppData\Local\Temp\ccBPefe0.s 			page 12


 308:Generated_Source\PSoC5/cyfitter_cfg.c **** 	CY_SET_XTND_REG8((void CYFAR *)CYREG_MLOGIC_DEBUG, (CY_GET_XTND_REG8((void CYFAR *)CYREG_MLOGIC_DE
 295              		.loc 1 308 0
 296              		.thumb
 297              		.syntax unified
 298 0004 254A     		ldr	r2, .L25
 299 0006 1378     		ldrb	r3, [r2]	@ zero_extendqisi2
 300 0008 43F00403 		orr	r3, r3, #4
 301 000c 1370     		strb	r3, [r2]
 302              	.LVL18:
 303              	.LBB2:
 309:Generated_Source\PSoC5/cyfitter_cfg.c **** 
 310:Generated_Source\PSoC5/cyfitter_cfg.c **** 	{
 311:Generated_Source\PSoC5/cyfitter_cfg.c **** 
 312:Generated_Source\PSoC5/cyfitter_cfg.c **** 		CYPACKED typedef struct {
 313:Generated_Source\PSoC5/cyfitter_cfg.c **** 			void CYFAR *address;
 314:Generated_Source\PSoC5/cyfitter_cfg.c **** 			uint16 size;
 315:Generated_Source\PSoC5/cyfitter_cfg.c **** 		} CYPACKED_ATTR cfg_memset_t;
 316:Generated_Source\PSoC5/cyfitter_cfg.c **** 
 317:Generated_Source\PSoC5/cyfitter_cfg.c **** 		static const cfg_memset_t CYCODE cfg_memset_list[] = {
 318:Generated_Source\PSoC5/cyfitter_cfg.c **** 			/* address, size */
 319:Generated_Source\PSoC5/cyfitter_cfg.c **** 			{(void CYFAR *)(CYREG_PRT2_DR), 80u},
 320:Generated_Source\PSoC5/cyfitter_cfg.c **** 			{(void CYFAR *)(CYDEV_UCFG_B0_P0_U0_BASE), 4096u},
 321:Generated_Source\PSoC5/cyfitter_cfg.c **** 			{(void CYFAR *)(CYDEV_UCFG_B1_P2_U0_BASE), 2048u},
 322:Generated_Source\PSoC5/cyfitter_cfg.c **** 			{(void CYFAR *)(CYDEV_UCFG_DSI0_BASE), 2560u},
 323:Generated_Source\PSoC5/cyfitter_cfg.c **** 			{(void CYFAR *)(CYDEV_UCFG_DSI12_BASE), 512u},
 324:Generated_Source\PSoC5/cyfitter_cfg.c **** 			{(void CYFAR *)(CYREG_BCTL0_MDCLK_EN), 32u},
 325:Generated_Source\PSoC5/cyfitter_cfg.c **** 		};
 326:Generated_Source\PSoC5/cyfitter_cfg.c **** 
 327:Generated_Source\PSoC5/cyfitter_cfg.c **** 		uint8 CYDATA i;
 328:Generated_Source\PSoC5/cyfitter_cfg.c **** 
 329:Generated_Source\PSoC5/cyfitter_cfg.c **** 		/* Zero out critical memory blocks before beginning configuration */
 330:Generated_Source\PSoC5/cyfitter_cfg.c **** 		for (i = 0u; i < (sizeof(cfg_memset_list)/sizeof(cfg_memset_list[0])); i++)
 304              		.loc 1 330 0
 305 000e 0024     		movs	r4, #0
 306 0010 0CE0     		b	.L22
 307              	.LVL19:
 308              	.L23:
 309              	.LBB3:
 331:Generated_Source\PSoC5/cyfitter_cfg.c **** 		{
 332:Generated_Source\PSoC5/cyfitter_cfg.c **** 			const cfg_memset_t CYCODE * CYDATA ms = &cfg_memset_list[i];
 333:Generated_Source\PSoC5/cyfitter_cfg.c **** 			CYMEMZERO(ms->address, (size_t)(uint32)(ms->size));
 310              		.loc 1 333 0 discriminator 3
 311 0012 234D     		ldr	r5, .L25+4
 312 0014 6300     		lsls	r3, r4, #1
 313 0016 1919     		adds	r1, r3, r4
 314 0018 4A00     		lsls	r2, r1, #1
 315 001a 1146     		mov	r1, r2
 316 001c 2A44     		add	r2, r2, r5
 317 001e 0846     		mov	r0, r1
 318 0020 9188     		ldrh	r1, [r2, #4]
 319 0022 2858     		ldr	r0, [r5, r0]	@ unaligned
 320 0024 FFF7FEFF 		bl	CYMEMZERO
 321              	.LVL20:
 322              	.LBE3:
 330:Generated_Source\PSoC5/cyfitter_cfg.c **** 		{
 323              		.loc 1 330 0 discriminator 3
 324 0028 0134     		adds	r4, r4, #1
ARM GAS  C:\Users\nicol\AppData\Local\Temp\ccBPefe0.s 			page 13


 325              	.LVL21:
 326 002a E4B2     		uxtb	r4, r4
 327              	.LVL22:
 328              	.L22:
 330:Generated_Source\PSoC5/cyfitter_cfg.c **** 		{
 329              		.loc 1 330 0 is_stmt 0 discriminator 1
 330 002c 052C     		cmp	r4, #5
 331 002e F0D9     		bls	.L23
 334:Generated_Source\PSoC5/cyfitter_cfg.c **** 		}
 335:Generated_Source\PSoC5/cyfitter_cfg.c **** 
 336:Generated_Source\PSoC5/cyfitter_cfg.c **** 		/* Enable digital routing */
 337:Generated_Source\PSoC5/cyfitter_cfg.c **** 		CY_SET_XTND_REG8((void CYFAR *)CYREG_BCTL0_BANK_CTL, CY_GET_XTND_REG8((void CYFAR *)CYREG_BCTL0_B
 332              		.loc 1 337 0 is_stmt 1
 333 0030 1C4A     		ldr	r2, .L25+8
 334 0032 1378     		ldrb	r3, [r2]	@ zero_extendqisi2
 335 0034 43F00203 		orr	r3, r3, #2
 336 0038 1370     		strb	r3, [r2]
 338:Generated_Source\PSoC5/cyfitter_cfg.c **** 		CY_SET_XTND_REG8((void CYFAR *)CYREG_BCTL1_BANK_CTL, CY_GET_XTND_REG8((void CYFAR *)CYREG_BCTL1_B
 337              		.loc 1 338 0
 338 003a 1032     		adds	r2, r2, #16
 339 003c 1378     		ldrb	r3, [r2]	@ zero_extendqisi2
 340 003e 43F00203 		orr	r3, r3, #2
 341 0042 1370     		strb	r3, [r2]
 342              	.LBE2:
 339:Generated_Source\PSoC5/cyfitter_cfg.c **** 	}
 340:Generated_Source\PSoC5/cyfitter_cfg.c **** 
 341:Generated_Source\PSoC5/cyfitter_cfg.c **** 
 342:Generated_Source\PSoC5/cyfitter_cfg.c **** 	/* Perform second pass device configuration. These items must be configured in specific order afte
 343:Generated_Source\PSoC5/cyfitter_cfg.c **** 	CYCONFIGCPY((void CYFAR *)(CYREG_PRT0_DM0), (const void CYFAR *)(BS_IOPINS0_0_VAL), 8u);
 343              		.loc 1 343 0
 344 0044 0822     		movs	r2, #8
 345 0046 4FF09041 		mov	r1, #1207959552
 346 004a 1748     		ldr	r0, .L25+12
 347 004c FFF7FEFF 		bl	CYCONFIGCPY
 348              	.LVL23:
 344:Generated_Source\PSoC5/cyfitter_cfg.c **** 	CYCONFIGCPY((void CYFAR *)(CYREG_PRT12_DM0), (const void CYFAR *)(BS_IOPINS0_7_VAL), 8u);
 349              		.loc 1 344 0
 350 0050 0822     		movs	r2, #8
 351 0052 1649     		ldr	r1, .L25+16
 352 0054 1648     		ldr	r0, .L25+20
 353 0056 FFF7FEFF 		bl	CYCONFIGCPY
 354              	.LVL24:
 345:Generated_Source\PSoC5/cyfitter_cfg.c **** 	CYCONFIGCPY((void CYFAR *)(CYREG_PRT15_DM0), (const void CYFAR *)(BS_IOPINS0_8_VAL), 8u);
 355              		.loc 1 345 0
 356 005a 0822     		movs	r2, #8
 357 005c 1549     		ldr	r1, .L25+24
 358 005e 1648     		ldr	r0, .L25+28
 359 0060 FFF7FEFF 		bl	CYCONFIGCPY
 360              	.LVL25:
 346:Generated_Source\PSoC5/cyfitter_cfg.c **** 	CYCONFIGCPY((void CYFAR *)(CYREG_PRT1_DM0), (const void CYFAR *)(BS_IOPINS0_1_VAL), 8u);
 361              		.loc 1 346 0
 362 0064 0822     		movs	r2, #8
 363 0066 1549     		ldr	r1, .L25+32
 364 0068 1548     		ldr	r0, .L25+36
 365 006a FFF7FEFF 		bl	CYCONFIGCPY
 366              	.LVL26:
 347:Generated_Source\PSoC5/cyfitter_cfg.c **** 	/* Switch Boost to the precision bandgap reference from its internal reference */
ARM GAS  C:\Users\nicol\AppData\Local\Temp\ccBPefe0.s 			page 14


 348:Generated_Source\PSoC5/cyfitter_cfg.c **** 	CY_SET_REG8((void CYXDATA *)CYREG_BOOST_CR2, (CY_GET_REG8((void CYXDATA *)CYREG_BOOST_CR2) | 0x08u
 367              		.loc 1 348 0
 368 006e 154A     		ldr	r2, .L25+40
 369 0070 1378     		ldrb	r3, [r2]	@ zero_extendqisi2
 370 0072 43F00803 		orr	r3, r3, #8
 371 0076 1370     		strb	r3, [r2]
 349:Generated_Source\PSoC5/cyfitter_cfg.c **** 
 350:Generated_Source\PSoC5/cyfitter_cfg.c **** 	/* Set Flash Cycles based on max possible frequency in case a glitch occurs during ClockSetup(). *
 351:Generated_Source\PSoC5/cyfitter_cfg.c **** 	CY_SET_XTND_REG8((void CYFAR *)(CYREG_CACHE_CC_CTL), (((CYDEV_INSTRUCT_CACHE_ENABLED) != 0) ? 0x61
 372              		.loc 1 351 0
 373 0078 134C     		ldr	r4, .L25+44
 374              	.LVL27:
 375 007a 6123     		movs	r3, #97
 376 007c 2370     		strb	r3, [r4]
 352:Generated_Source\PSoC5/cyfitter_cfg.c **** 	/* Setup clocks based on selections from Clock DWR */
 353:Generated_Source\PSoC5/cyfitter_cfg.c **** 	ClockSetup();
 377              		.loc 1 353 0
 378 007e FFF7FEFF 		bl	ClockSetup
 379              	.LVL28:
 354:Generated_Source\PSoC5/cyfitter_cfg.c **** 	/* Set Flash Cycles based on newly configured 24.00MHz Bus Clock. */
 355:Generated_Source\PSoC5/cyfitter_cfg.c **** 	CY_SET_XTND_REG8((void CYFAR *)(CYREG_CACHE_CC_CTL), (((CYDEV_INSTRUCT_CACHE_ENABLED) != 0) ? 0x81
 380              		.loc 1 355 0
 381 0082 8123     		movs	r3, #129
 382 0084 2370     		strb	r3, [r4]
 356:Generated_Source\PSoC5/cyfitter_cfg.c **** 	CY_SET_XTND_REG8((void CYFAR *)(CYREG_PANTHER_WAITPIPE), 0x01u);
 383              		.loc 1 356 0
 384 0086 0122     		movs	r2, #1
 385 0088 104B     		ldr	r3, .L25+48
 386 008a 1A70     		strb	r2, [r3]
 357:Generated_Source\PSoC5/cyfitter_cfg.c **** 
 358:Generated_Source\PSoC5/cyfitter_cfg.c **** 	/* Perform basic analog initialization to defaults */
 359:Generated_Source\PSoC5/cyfitter_cfg.c **** 	AnalogSetDefault();
 387              		.loc 1 359 0
 388 008c FFF7FEFF 		bl	AnalogSetDefault
 389              	.LVL29:
 360:Generated_Source\PSoC5/cyfitter_cfg.c **** 
 361:Generated_Source\PSoC5/cyfitter_cfg.c **** 	/* Configure alternate active mode */
 362:Generated_Source\PSoC5/cyfitter_cfg.c **** 	CYCONFIGCPY((void CYFAR *)CYDEV_PM_STBY_BASE, (const void CYFAR *)CYDEV_PM_ACT_BASE, 14u);
 390              		.loc 1 362 0
 391 0090 0E22     		movs	r2, #14
 392 0092 0F49     		ldr	r1, .L25+52
 393 0094 0F48     		ldr	r0, .L25+56
 394 0096 FFF7FEFF 		bl	CYCONFIGCPY
 395              	.LVL30:
 396 009a 38BD     		pop	{r3, r4, r5, pc}
 397              	.L26:
 398              		.align	2
 399              	.L25:
 400 009c E8460040 		.word	1073759976
 401 00a0 00000000 		.word	.LANCHOR0
 402 00a4 03500140 		.word	1073827843
 403 00a8 02510040 		.word	1073762562
 404 00ac 08000048 		.word	1207959560
 405 00b0 C2510040 		.word	1073762754
 406 00b4 10000048 		.word	1207959568
 407 00b8 F2510040 		.word	1073762802
 408 00bc 18000048 		.word	1207959576
ARM GAS  C:\Users\nicol\AppData\Local\Temp\ccBPefe0.s 			page 15


 409 00c0 12510040 		.word	1073762578
 410 00c4 22430040 		.word	1073759010
 411 00c8 00480040 		.word	1073760256
 412 00cc 04000840 		.word	1074266116
 413 00d0 A0430040 		.word	1073759136
 414 00d4 B0430040 		.word	1073759152
 415              		.cfi_endproc
 416              	.LFE7:
 417              		.size	cyfitter_cfg, .-cyfitter_cfg
 418              		.section	.rodata
 419              		.align	2
 420              		.set	.LANCHOR0,. + 0
 421              		.type	cfg_memset_list.4992, %object
 422              		.size	cfg_memset_list.4992, 36
 423              	cfg_memset_list.4992:
 424 0000 20510040 		.word	1073762592
 425 0004 5000     		.short	80
 426 0006 00000140 		.4byte	1073807360
 427 000a 0010     		.short	4096
 428 000c 00140140 		.word	1073812480
 429 0010 0008     		.short	2048
 430 0012 00400140 		.4byte	1073823744
 431 0016 000A     		.short	2560
 432 0018 004C0140 		.word	1073826816
 433 001c 0002     		.short	512
 434 001e 00500140 		.4byte	1073827840
 435 0022 2000     		.short	32
 436              		.text
 437              	.Letext0:
 438              		.file 2 "d:\\cypress\\psoc creator\\4.4\\psoc creator\\import\\gnu\\arm\\5.4.1\\lib\\gcc\\arm-none
 439              		.file 3 "Generated_Source\\PSoC5\\cytypes.h"
 440              		.file 4 "Generated_Source\\PSoC5\\CyLib.h"
 441              		.section	.debug_info,"",%progbits
 442              	.Ldebug_info0:
 443 0000 17040000 		.4byte	0x417
 444 0004 0400     		.2byte	0x4
 445 0006 00000000 		.4byte	.Ldebug_abbrev0
 446 000a 04       		.byte	0x4
 447 000b 01       		.uleb128 0x1
 448 000c D3000000 		.4byte	.LASF39
 449 0010 0C       		.byte	0xc
 450 0011 2F020000 		.4byte	.LASF40
 451 0015 2C000000 		.4byte	.LASF41
 452 0019 00000000 		.4byte	.Ldebug_ranges0+0
 453 001d 00000000 		.4byte	0
 454 0021 00000000 		.4byte	.Ldebug_line0
 455 0025 02       		.uleb128 0x2
 456 0026 04       		.byte	0x4
 457 0027 05       		.byte	0x5
 458 0028 696E7400 		.ascii	"int\000"
 459 002c 03       		.uleb128 0x3
 460 002d 14000000 		.4byte	.LASF12
 461 0031 02       		.byte	0x2
 462 0032 D8       		.byte	0xd8
 463 0033 37000000 		.4byte	0x37
 464 0037 04       		.uleb128 0x4
 465 0038 04       		.byte	0x4
ARM GAS  C:\Users\nicol\AppData\Local\Temp\ccBPefe0.s 			page 16


 466 0039 07       		.byte	0x7
 467 003a DF010000 		.4byte	.LASF0
 468 003e 04       		.uleb128 0x4
 469 003f 08       		.byte	0x8
 470 0040 05       		.byte	0x5
 471 0041 21020000 		.4byte	.LASF1
 472 0045 04       		.uleb128 0x4
 473 0046 08       		.byte	0x8
 474 0047 04       		.byte	0x4
 475 0048 7C020000 		.4byte	.LASF2
 476 004c 04       		.uleb128 0x4
 477 004d 01       		.byte	0x1
 478 004e 06       		.byte	0x6
 479 004f 9A020000 		.4byte	.LASF3
 480 0053 04       		.uleb128 0x4
 481 0054 01       		.byte	0x1
 482 0055 08       		.byte	0x8
 483 0056 9E010000 		.4byte	.LASF4
 484 005a 04       		.uleb128 0x4
 485 005b 02       		.byte	0x2
 486 005c 05       		.byte	0x5
 487 005d 5C020000 		.4byte	.LASF5
 488 0061 04       		.uleb128 0x4
 489 0062 02       		.byte	0x2
 490 0063 07       		.byte	0x7
 491 0064 94000000 		.4byte	.LASF6
 492 0068 04       		.uleb128 0x4
 493 0069 04       		.byte	0x4
 494 006a 05       		.byte	0x5
 495 006b 6E020000 		.4byte	.LASF7
 496 006f 04       		.uleb128 0x4
 497 0070 04       		.byte	0x4
 498 0071 07       		.byte	0x7
 499 0072 66010000 		.4byte	.LASF8
 500 0076 04       		.uleb128 0x4
 501 0077 08       		.byte	0x8
 502 0078 07       		.byte	0x7
 503 0079 F4010000 		.4byte	.LASF9
 504 007d 04       		.uleb128 0x4
 505 007e 04       		.byte	0x4
 506 007f 07       		.byte	0x7
 507 0080 18020000 		.4byte	.LASF10
 508 0084 05       		.uleb128 0x5
 509 0085 04       		.byte	0x4
 510 0086 04       		.uleb128 0x4
 511 0087 01       		.byte	0x1
 512 0088 08       		.byte	0x8
 513 0089 77020000 		.4byte	.LASF11
 514 008d 06       		.uleb128 0x6
 515 008e 78010000 		.4byte	.LASF13
 516 0092 03       		.byte	0x3
 517 0093 E801     		.2byte	0x1e8
 518 0095 53000000 		.4byte	0x53
 519 0099 06       		.uleb128 0x6
 520 009a C7010000 		.4byte	.LASF14
 521 009e 03       		.byte	0x3
 522 009f E901     		.2byte	0x1e9
ARM GAS  C:\Users\nicol\AppData\Local\Temp\ccBPefe0.s 			page 17


 523 00a1 61000000 		.4byte	0x61
 524 00a5 06       		.uleb128 0x6
 525 00a6 D8010000 		.4byte	.LASF15
 526 00aa 03       		.byte	0x3
 527 00ab EA01     		.2byte	0x1ea
 528 00ad 6F000000 		.4byte	0x6f
 529 00b1 04       		.uleb128 0x4
 530 00b2 04       		.byte	0x4
 531 00b3 04       		.byte	0x4
 532 00b4 AF000000 		.4byte	.LASF16
 533 00b8 04       		.uleb128 0x4
 534 00b9 08       		.byte	0x8
 535 00ba 04       		.byte	0x4
 536 00bb B3010000 		.4byte	.LASF17
 537 00bf 06       		.uleb128 0x6
 538 00c0 61010000 		.4byte	.LASF18
 539 00c4 03       		.byte	0x3
 540 00c5 9202     		.2byte	0x292
 541 00c7 CB000000 		.4byte	0xcb
 542 00cb 07       		.uleb128 0x7
 543 00cc 8D000000 		.4byte	0x8d
 544 00d0 06       		.uleb128 0x6
 545 00d1 00000000 		.4byte	.LASF19
 546 00d5 03       		.byte	0x3
 547 00d6 9302     		.2byte	0x293
 548 00d8 DC000000 		.4byte	0xdc
 549 00dc 07       		.uleb128 0x7
 550 00dd 99000000 		.4byte	0x99
 551 00e1 08       		.uleb128 0x8
 552 00e2 B5000000 		.4byte	.LASF42
 553 00e6 01       		.byte	0x1
 554 00e7 7F       		.byte	0x7f
 555 00e8 00000000 		.4byte	.LFB3
 556 00ec 02000000 		.4byte	.LFE3-.LFB3
 557 00f0 01       		.uleb128 0x1
 558 00f1 9C       		.byte	0x9c
 559 00f2 04010000 		.4byte	0x104
 560 00f6 09       		.uleb128 0x9
 561 00f7 CE010000 		.4byte	.LASF22
 562 00fb 01       		.byte	0x1
 563 00fc 7F       		.byte	0x7f
 564 00fd 8D000000 		.4byte	0x8d
 565 0101 01       		.uleb128 0x1
 566 0102 50       		.byte	0x50
 567 0103 00       		.byte	0
 568 0104 0A       		.uleb128 0xa
 569 0105 1B000000 		.4byte	.LASF20
 570 0109 01       		.byte	0x1
 571 010a F0       		.byte	0xf0
 572 010b 00000000 		.4byte	.LFB5
 573 010f 28000000 		.4byte	.LFE5-.LFB5
 574 0113 01       		.uleb128 0x1
 575 0114 9C       		.byte	0x9c
 576 0115 29010000 		.4byte	0x129
 577 0119 0B       		.uleb128 0xb
 578 011a 88020000 		.4byte	.LASF24
 579 011e 01       		.byte	0x1
ARM GAS  C:\Users\nicol\AppData\Local\Temp\ccBPefe0.s 			page 18


 580 011f F2       		.byte	0xf2
 581 0120 8D000000 		.4byte	0x8d
 582 0124 00000000 		.4byte	.LLST0
 583 0128 00       		.byte	0
 584 0129 0A       		.uleb128 0xa
 585 012a 7E010000 		.4byte	.LASF21
 586 012e 01       		.byte	0x1
 587 012f 4D       		.byte	0x4d
 588 0130 00000000 		.4byte	.LFB0
 589 0134 0C000000 		.4byte	.LFE0-.LFB0
 590 0138 01       		.uleb128 0x1
 591 0139 9C       		.byte	0x9c
 592 013a 76010000 		.4byte	0x176
 593 013e 0C       		.uleb128 0xc
 594 013f 7300     		.ascii	"s\000"
 595 0141 01       		.byte	0x1
 596 0142 4D       		.byte	0x4d
 597 0143 84000000 		.4byte	0x84
 598 0147 13000000 		.4byte	.LLST1
 599 014b 0C       		.uleb128 0xc
 600 014c 6E00     		.ascii	"n\000"
 601 014e 01       		.byte	0x1
 602 014f 4D       		.byte	0x4d
 603 0150 2C000000 		.4byte	0x2c
 604 0154 34000000 		.4byte	.LLST2
 605 0158 0D       		.uleb128 0xd
 606 0159 0A000000 		.4byte	.LVL5
 607 015d FD030000 		.4byte	0x3fd
 608 0161 0E       		.uleb128 0xe
 609 0162 01       		.uleb128 0x1
 610 0163 50       		.byte	0x50
 611 0164 03       		.uleb128 0x3
 612 0165 F3       		.byte	0xf3
 613 0166 01       		.uleb128 0x1
 614 0167 50       		.byte	0x50
 615 0168 0E       		.uleb128 0xe
 616 0169 01       		.uleb128 0x1
 617 016a 51       		.byte	0x51
 618 016b 01       		.uleb128 0x1
 619 016c 30       		.byte	0x30
 620 016d 0E       		.uleb128 0xe
 621 016e 01       		.uleb128 0x1
 622 016f 52       		.byte	0x52
 623 0170 03       		.uleb128 0x3
 624 0171 F3       		.byte	0xf3
 625 0172 01       		.uleb128 0x1
 626 0173 51       		.byte	0x51
 627 0174 00       		.byte	0
 628 0175 00       		.byte	0
 629 0176 0A       		.uleb128 0xa
 630 0177 89000000 		.4byte	.LASF23
 631 017b 01       		.byte	0x1
 632 017c B5       		.byte	0xb5
 633 017d 00000000 		.4byte	.LFB4
 634 0181 9C000000 		.4byte	.LFE4-.LFB4
 635 0185 01       		.uleb128 0x1
 636 0186 9C       		.byte	0x9c
ARM GAS  C:\Users\nicol\AppData\Local\Temp\ccBPefe0.s 			page 19


 637 0187 CE010000 		.4byte	0x1ce
 638 018b 0B       		.uleb128 0xb
 639 018c 71000000 		.4byte	.LASF25
 640 0190 01       		.byte	0x1
 641 0191 B7       		.byte	0xb7
 642 0192 A5000000 		.4byte	0xa5
 643 0196 60000000 		.4byte	.LLST3
 644 019a 0B       		.uleb128 0xb
 645 019b A7000000 		.4byte	.LASF26
 646 019f 01       		.byte	0x1
 647 01a0 B8       		.byte	0xb8
 648 01a1 8D000000 		.4byte	0x8d
 649 01a5 7F000000 		.4byte	.LLST4
 650 01a9 0F       		.uleb128 0xf
 651 01aa 4C000000 		.4byte	.LVL10
 652 01ae 06040000 		.4byte	0x406
 653 01b2 BE010000 		.4byte	0x1be
 654 01b6 0E       		.uleb128 0xe
 655 01b7 01       		.uleb128 0x1
 656 01b8 50       		.byte	0x50
 657 01b9 03       		.uleb128 0x3
 658 01ba 0A       		.byte	0xa
 659 01bb E001     		.2byte	0x1e0
 660 01bd 00       		.byte	0
 661 01be 0D       		.uleb128 0xd
 662 01bf 5C000000 		.4byte	.LVL12
 663 01c3 E1000000 		.4byte	0xe1
 664 01c7 0E       		.uleb128 0xe
 665 01c8 01       		.uleb128 0x1
 666 01c9 50       		.byte	0x50
 667 01ca 01       		.uleb128 0x1
 668 01cb 33       		.byte	0x33
 669 01cc 00       		.byte	0
 670 01cd 00       		.byte	0
 671 01ce 0A       		.uleb128 0xa
 672 01cf AF020000 		.4byte	.LASF27
 673 01d3 01       		.byte	0x1
 674 01d4 54       		.byte	0x54
 675 01d5 00000000 		.4byte	.LFB1
 676 01d9 08000000 		.4byte	.LFE1-.LFB1
 677 01dd 01       		.uleb128 0x1
 678 01de 9C       		.byte	0x9c
 679 01df 2E020000 		.4byte	0x22e
 680 01e3 10       		.uleb128 0x10
 681 01e4 C9000000 		.4byte	.LASF28
 682 01e8 01       		.byte	0x1
 683 01e9 54       		.byte	0x54
 684 01ea 84000000 		.4byte	0x84
 685 01ee A9000000 		.4byte	.LLST5
 686 01f2 0C       		.uleb128 0xc
 687 01f3 73726300 		.ascii	"src\000"
 688 01f7 01       		.byte	0x1
 689 01f8 54       		.byte	0x54
 690 01f9 2E020000 		.4byte	0x22e
 691 01fd CA000000 		.4byte	.LLST6
 692 0201 0C       		.uleb128 0xc
 693 0202 6E00     		.ascii	"n\000"
ARM GAS  C:\Users\nicol\AppData\Local\Temp\ccBPefe0.s 			page 20


 694 0204 01       		.byte	0x1
 695 0205 54       		.byte	0x54
 696 0206 2C000000 		.4byte	0x2c
 697 020a EB000000 		.4byte	.LLST7
 698 020e 0D       		.uleb128 0xd
 699 020f 06000000 		.4byte	.LVL15
 700 0213 11040000 		.4byte	0x411
 701 0217 0E       		.uleb128 0xe
 702 0218 01       		.uleb128 0x1
 703 0219 50       		.byte	0x50
 704 021a 03       		.uleb128 0x3
 705 021b F3       		.byte	0xf3
 706 021c 01       		.uleb128 0x1
 707 021d 50       		.byte	0x50
 708 021e 0E       		.uleb128 0xe
 709 021f 01       		.uleb128 0x1
 710 0220 51       		.byte	0x51
 711 0221 03       		.uleb128 0x3
 712 0222 F3       		.byte	0xf3
 713 0223 01       		.uleb128 0x1
 714 0224 51       		.byte	0x51
 715 0225 0E       		.uleb128 0xe
 716 0226 01       		.uleb128 0x1
 717 0227 52       		.byte	0x52
 718 0228 03       		.uleb128 0x3
 719 0229 F3       		.byte	0xf3
 720 022a 01       		.uleb128 0x1
 721 022b 52       		.byte	0x52
 722 022c 00       		.byte	0
 723 022d 00       		.byte	0
 724 022e 11       		.uleb128 0x11
 725 022f 04       		.byte	0x4
 726 0230 34020000 		.4byte	0x234
 727 0234 12       		.uleb128 0x12
 728 0235 13       		.uleb128 0x13
 729 0236 88010000 		.4byte	.LASF31
 730 023a 01       		.byte	0x1
 731 023b 0A01     		.2byte	0x10a
 732 023d 00000000 		.4byte	.LFB6
 733 0241 10000000 		.4byte	.LFE6-.LFB6
 734 0245 01       		.uleb128 0x1
 735 0246 9C       		.byte	0x9c
 736 0247 68020000 		.4byte	0x268
 737 024b 14       		.uleb128 0x14
 738 024c 66020000 		.4byte	.LASF29
 739 0250 01       		.byte	0x1
 740 0251 0A01     		.2byte	0x10a
 741 0253 8D000000 		.4byte	0x8d
 742 0257 01       		.uleb128 0x1
 743 0258 50       		.byte	0x50
 744 0259 15       		.uleb128 0x15
 745 025a A6020000 		.4byte	.LASF30
 746 025e 01       		.byte	0x1
 747 025f 0C01     		.2byte	0x10c
 748 0261 8D000000 		.4byte	0x8d
 749 0265 01       		.uleb128 0x1
 750 0266 53       		.byte	0x53
ARM GAS  C:\Users\nicol\AppData\Local\Temp\ccBPefe0.s 			page 21


 751 0267 00       		.byte	0
 752 0268 13       		.uleb128 0x13
 753 0269 BA010000 		.4byte	.LASF32
 754 026d 01       		.byte	0x1
 755 026e 2C01     		.2byte	0x12c
 756 0270 00000000 		.4byte	.LFB7
 757 0274 D8000000 		.4byte	.LFE7-.LFB7
 758 0278 01       		.uleb128 0x1
 759 0279 9C       		.byte	0x9c
 760 027a FD030000 		.4byte	0x3fd
 761 027e 16       		.uleb128 0x16
 762 027f 0E000000 		.4byte	.LBB2
 763 0283 36000000 		.4byte	.LBE2-.LBB2
 764 0287 37030000 		.4byte	0x337
 765 028b 17       		.uleb128 0x17
 766 028c 06       		.byte	0x6
 767 028d 01       		.byte	0x1
 768 028e 3801     		.2byte	0x138
 769 0290 AF020000 		.4byte	0x2af
 770 0294 18       		.uleb128 0x18
 771 0295 EC010000 		.4byte	.LASF33
 772 0299 01       		.byte	0x1
 773 029a 3901     		.2byte	0x139
 774 029c 84000000 		.4byte	0x84
 775 02a0 00       		.byte	0
 776 02a1 18       		.uleb128 0x18
 777 02a2 CE000000 		.4byte	.LASF34
 778 02a6 01       		.byte	0x1
 779 02a7 3A01     		.2byte	0x13a
 780 02a9 99000000 		.4byte	0x99
 781 02ad 04       		.byte	0x4
 782 02ae 00       		.byte	0
 783 02af 06       		.uleb128 0x6
 784 02b0 0B020000 		.4byte	.LASF35
 785 02b4 01       		.byte	0x1
 786 02b5 3B01     		.2byte	0x13b
 787 02b7 8B020000 		.4byte	0x28b
 788 02bb 19       		.uleb128 0x19
 789 02bc CB020000 		.4byte	0x2cb
 790 02c0 CB020000 		.4byte	0x2cb
 791 02c4 1A       		.uleb128 0x1a
 792 02c5 7D000000 		.4byte	0x7d
 793 02c9 05       		.byte	0x5
 794 02ca 00       		.byte	0
 795 02cb 1B       		.uleb128 0x1b
 796 02cc AF020000 		.4byte	0x2af
 797 02d0 15       		.uleb128 0x15
 798 02d1 79000000 		.4byte	.LASF36
 799 02d5 01       		.byte	0x1
 800 02d6 3D01     		.2byte	0x13d
 801 02d8 E2020000 		.4byte	0x2e2
 802 02dc 05       		.uleb128 0x5
 803 02dd 03       		.byte	0x3
 804 02de 00000000 		.4byte	cfg_memset_list.4992
 805 02e2 1B       		.uleb128 0x1b
 806 02e3 BB020000 		.4byte	0x2bb
 807 02e7 1C       		.uleb128 0x1c
ARM GAS  C:\Users\nicol\AppData\Local\Temp\ccBPefe0.s 			page 22


 808 02e8 6900     		.ascii	"i\000"
 809 02ea 01       		.byte	0x1
 810 02eb 4701     		.2byte	0x147
 811 02ed 8D000000 		.4byte	0x8d
 812 02f1 0C010000 		.4byte	.LLST8
 813 02f5 1D       		.uleb128 0x1d
 814 02f6 12000000 		.4byte	.LBB3
 815 02fa 16000000 		.4byte	.LBE3-.LBB3
 816 02fe 1C       		.uleb128 0x1c
 817 02ff 6D7300   		.ascii	"ms\000"
 818 0302 01       		.byte	0x1
 819 0303 4C01     		.2byte	0x14c
 820 0305 0D030000 		.4byte	0x30d
 821 0309 36010000 		.4byte	.LLST9
 822 030d 11       		.uleb128 0x11
 823 030e 04       		.byte	0x4
 824 030f CB020000 		.4byte	0x2cb
 825 0313 0D       		.uleb128 0xd
 826 0314 28000000 		.4byte	.LVL20
 827 0318 29010000 		.4byte	0x129
 828 031c 0E       		.uleb128 0xe
 829 031d 01       		.uleb128 0x1
 830 031e 51       		.byte	0x51
 831 031f 14       		.uleb128 0x14
 832 0320 74       		.byte	0x74
 833 0321 00       		.sleb128 0
 834 0322 31       		.byte	0x31
 835 0323 24       		.byte	0x24
 836 0324 74       		.byte	0x74
 837 0325 00       		.sleb128 0
 838 0326 22       		.byte	0x22
 839 0327 31       		.byte	0x31
 840 0328 24       		.byte	0x24
 841 0329 75       		.byte	0x75
 842 032a 00       		.sleb128 0
 843 032b 22       		.byte	0x22
 844 032c 23       		.byte	0x23
 845 032d 04       		.uleb128 0x4
 846 032e 94       		.byte	0x94
 847 032f 02       		.byte	0x2
 848 0330 0A       		.byte	0xa
 849 0331 FFFF     		.2byte	0xffff
 850 0333 1A       		.byte	0x1a
 851 0334 00       		.byte	0
 852 0335 00       		.byte	0
 853 0336 00       		.byte	0
 854 0337 0F       		.uleb128 0xf
 855 0338 50000000 		.4byte	.LVL23
 856 033c CE010000 		.4byte	0x1ce
 857 0340 5A030000 		.4byte	0x35a
 858 0344 0E       		.uleb128 0xe
 859 0345 01       		.uleb128 0x1
 860 0346 50       		.byte	0x50
 861 0347 05       		.uleb128 0x5
 862 0348 0C       		.byte	0xc
 863 0349 02510040 		.4byte	0x40005102
 864 034d 0E       		.uleb128 0xe
ARM GAS  C:\Users\nicol\AppData\Local\Temp\ccBPefe0.s 			page 23


 865 034e 01       		.uleb128 0x1
 866 034f 51       		.byte	0x51
 867 0350 03       		.uleb128 0x3
 868 0351 42       		.byte	0x42
 869 0352 4A       		.byte	0x4a
 870 0353 24       		.byte	0x24
 871 0354 0E       		.uleb128 0xe
 872 0355 01       		.uleb128 0x1
 873 0356 52       		.byte	0x52
 874 0357 01       		.uleb128 0x1
 875 0358 38       		.byte	0x38
 876 0359 00       		.byte	0
 877 035a 0F       		.uleb128 0xf
 878 035b 5A000000 		.4byte	.LVL24
 879 035f CE010000 		.4byte	0x1ce
 880 0363 7F030000 		.4byte	0x37f
 881 0367 0E       		.uleb128 0xe
 882 0368 01       		.uleb128 0x1
 883 0369 50       		.byte	0x50
 884 036a 05       		.uleb128 0x5
 885 036b 0C       		.byte	0xc
 886 036c C2510040 		.4byte	0x400051c2
 887 0370 0E       		.uleb128 0xe
 888 0371 01       		.uleb128 0x1
 889 0372 51       		.byte	0x51
 890 0373 05       		.uleb128 0x5
 891 0374 0C       		.byte	0xc
 892 0375 08000048 		.4byte	0x48000008
 893 0379 0E       		.uleb128 0xe
 894 037a 01       		.uleb128 0x1
 895 037b 52       		.byte	0x52
 896 037c 01       		.uleb128 0x1
 897 037d 38       		.byte	0x38
 898 037e 00       		.byte	0
 899 037f 0F       		.uleb128 0xf
 900 0380 64000000 		.4byte	.LVL25
 901 0384 CE010000 		.4byte	0x1ce
 902 0388 A4030000 		.4byte	0x3a4
 903 038c 0E       		.uleb128 0xe
 904 038d 01       		.uleb128 0x1
 905 038e 50       		.byte	0x50
 906 038f 05       		.uleb128 0x5
 907 0390 0C       		.byte	0xc
 908 0391 F2510040 		.4byte	0x400051f2
 909 0395 0E       		.uleb128 0xe
 910 0396 01       		.uleb128 0x1
 911 0397 51       		.byte	0x51
 912 0398 05       		.uleb128 0x5
 913 0399 0C       		.byte	0xc
 914 039a 10000048 		.4byte	0x48000010
 915 039e 0E       		.uleb128 0xe
 916 039f 01       		.uleb128 0x1
 917 03a0 52       		.byte	0x52
 918 03a1 01       		.uleb128 0x1
 919 03a2 38       		.byte	0x38
 920 03a3 00       		.byte	0
 921 03a4 0F       		.uleb128 0xf
ARM GAS  C:\Users\nicol\AppData\Local\Temp\ccBPefe0.s 			page 24


 922 03a5 6E000000 		.4byte	.LVL26
 923 03a9 CE010000 		.4byte	0x1ce
 924 03ad C9030000 		.4byte	0x3c9
 925 03b1 0E       		.uleb128 0xe
 926 03b2 01       		.uleb128 0x1
 927 03b3 50       		.byte	0x50
 928 03b4 05       		.uleb128 0x5
 929 03b5 0C       		.byte	0xc
 930 03b6 12510040 		.4byte	0x40005112
 931 03ba 0E       		.uleb128 0xe
 932 03bb 01       		.uleb128 0x1
 933 03bc 51       		.byte	0x51
 934 03bd 05       		.uleb128 0x5
 935 03be 0C       		.byte	0xc
 936 03bf 18000048 		.4byte	0x48000018
 937 03c3 0E       		.uleb128 0xe
 938 03c4 01       		.uleb128 0x1
 939 03c5 52       		.byte	0x52
 940 03c6 01       		.uleb128 0x1
 941 03c7 38       		.byte	0x38
 942 03c8 00       		.byte	0
 943 03c9 1E       		.uleb128 0x1e
 944 03ca 82000000 		.4byte	.LVL28
 945 03ce 76010000 		.4byte	0x176
 946 03d2 1E       		.uleb128 0x1e
 947 03d3 90000000 		.4byte	.LVL29
 948 03d7 04010000 		.4byte	0x104
 949 03db 0D       		.uleb128 0xd
 950 03dc 9A000000 		.4byte	.LVL30
 951 03e0 CE010000 		.4byte	0x1ce
 952 03e4 0E       		.uleb128 0xe
 953 03e5 01       		.uleb128 0x1
 954 03e6 50       		.byte	0x50
 955 03e7 05       		.uleb128 0x5
 956 03e8 0C       		.byte	0xc
 957 03e9 B0430040 		.4byte	0x400043b0
 958 03ed 0E       		.uleb128 0xe
 959 03ee 01       		.uleb128 0x1
 960 03ef 51       		.byte	0x51
 961 03f0 05       		.uleb128 0x5
 962 03f1 0C       		.byte	0xc
 963 03f2 A0430040 		.4byte	0x400043a0
 964 03f6 0E       		.uleb128 0xe
 965 03f7 01       		.uleb128 0x1
 966 03f8 52       		.byte	0x52
 967 03f9 01       		.uleb128 0x1
 968 03fa 3E       		.byte	0x3e
 969 03fb 00       		.byte	0
 970 03fc 00       		.byte	0
 971 03fd 1F       		.uleb128 0x1f
 972 03fe AC010000 		.4byte	.LASF37
 973 0402 AC010000 		.4byte	.LASF37
 974 0406 20       		.uleb128 0x20
 975 0407 06000000 		.4byte	.LASF43
 976 040b 06000000 		.4byte	.LASF43
 977 040f 04       		.byte	0x4
 978 0410 79       		.byte	0x79
ARM GAS  C:\Users\nicol\AppData\Local\Temp\ccBPefe0.s 			page 25


 979 0411 1F       		.uleb128 0x1f
 980 0412 55020000 		.4byte	.LASF38
 981 0416 55020000 		.4byte	.LASF38
 982 041a 00       		.byte	0
 983              		.section	.debug_abbrev,"",%progbits
 984              	.Ldebug_abbrev0:
 985 0000 01       		.uleb128 0x1
 986 0001 11       		.uleb128 0x11
 987 0002 01       		.byte	0x1
 988 0003 25       		.uleb128 0x25
 989 0004 0E       		.uleb128 0xe
 990 0005 13       		.uleb128 0x13
 991 0006 0B       		.uleb128 0xb
 992 0007 03       		.uleb128 0x3
 993 0008 0E       		.uleb128 0xe
 994 0009 1B       		.uleb128 0x1b
 995 000a 0E       		.uleb128 0xe
 996 000b 55       		.uleb128 0x55
 997 000c 17       		.uleb128 0x17
 998 000d 11       		.uleb128 0x11
 999 000e 01       		.uleb128 0x1
 1000 000f 10       		.uleb128 0x10
 1001 0010 17       		.uleb128 0x17
 1002 0011 00       		.byte	0
 1003 0012 00       		.byte	0
 1004 0013 02       		.uleb128 0x2
 1005 0014 24       		.uleb128 0x24
 1006 0015 00       		.byte	0
 1007 0016 0B       		.uleb128 0xb
 1008 0017 0B       		.uleb128 0xb
 1009 0018 3E       		.uleb128 0x3e
 1010 0019 0B       		.uleb128 0xb
 1011 001a 03       		.uleb128 0x3
 1012 001b 08       		.uleb128 0x8
 1013 001c 00       		.byte	0
 1014 001d 00       		.byte	0
 1015 001e 03       		.uleb128 0x3
 1016 001f 16       		.uleb128 0x16
 1017 0020 00       		.byte	0
 1018 0021 03       		.uleb128 0x3
 1019 0022 0E       		.uleb128 0xe
 1020 0023 3A       		.uleb128 0x3a
 1021 0024 0B       		.uleb128 0xb
 1022 0025 3B       		.uleb128 0x3b
 1023 0026 0B       		.uleb128 0xb
 1024 0027 49       		.uleb128 0x49
 1025 0028 13       		.uleb128 0x13
 1026 0029 00       		.byte	0
 1027 002a 00       		.byte	0
 1028 002b 04       		.uleb128 0x4
 1029 002c 24       		.uleb128 0x24
 1030 002d 00       		.byte	0
 1031 002e 0B       		.uleb128 0xb
 1032 002f 0B       		.uleb128 0xb
 1033 0030 3E       		.uleb128 0x3e
 1034 0031 0B       		.uleb128 0xb
 1035 0032 03       		.uleb128 0x3
ARM GAS  C:\Users\nicol\AppData\Local\Temp\ccBPefe0.s 			page 26


 1036 0033 0E       		.uleb128 0xe
 1037 0034 00       		.byte	0
 1038 0035 00       		.byte	0
 1039 0036 05       		.uleb128 0x5
 1040 0037 0F       		.uleb128 0xf
 1041 0038 00       		.byte	0
 1042 0039 0B       		.uleb128 0xb
 1043 003a 0B       		.uleb128 0xb
 1044 003b 00       		.byte	0
 1045 003c 00       		.byte	0
 1046 003d 06       		.uleb128 0x6
 1047 003e 16       		.uleb128 0x16
 1048 003f 00       		.byte	0
 1049 0040 03       		.uleb128 0x3
 1050 0041 0E       		.uleb128 0xe
 1051 0042 3A       		.uleb128 0x3a
 1052 0043 0B       		.uleb128 0xb
 1053 0044 3B       		.uleb128 0x3b
 1054 0045 05       		.uleb128 0x5
 1055 0046 49       		.uleb128 0x49
 1056 0047 13       		.uleb128 0x13
 1057 0048 00       		.byte	0
 1058 0049 00       		.byte	0
 1059 004a 07       		.uleb128 0x7
 1060 004b 35       		.uleb128 0x35
 1061 004c 00       		.byte	0
 1062 004d 49       		.uleb128 0x49
 1063 004e 13       		.uleb128 0x13
 1064 004f 00       		.byte	0
 1065 0050 00       		.byte	0
 1066 0051 08       		.uleb128 0x8
 1067 0052 2E       		.uleb128 0x2e
 1068 0053 01       		.byte	0x1
 1069 0054 03       		.uleb128 0x3
 1070 0055 0E       		.uleb128 0xe
 1071 0056 3A       		.uleb128 0x3a
 1072 0057 0B       		.uleb128 0xb
 1073 0058 3B       		.uleb128 0x3b
 1074 0059 0B       		.uleb128 0xb
 1075 005a 27       		.uleb128 0x27
 1076 005b 19       		.uleb128 0x19
 1077 005c 8701     		.uleb128 0x87
 1078 005e 19       		.uleb128 0x19
 1079 005f 11       		.uleb128 0x11
 1080 0060 01       		.uleb128 0x1
 1081 0061 12       		.uleb128 0x12
 1082 0062 06       		.uleb128 0x6
 1083 0063 40       		.uleb128 0x40
 1084 0064 18       		.uleb128 0x18
 1085 0065 9742     		.uleb128 0x2117
 1086 0067 19       		.uleb128 0x19
 1087 0068 01       		.uleb128 0x1
 1088 0069 13       		.uleb128 0x13
 1089 006a 00       		.byte	0
 1090 006b 00       		.byte	0
 1091 006c 09       		.uleb128 0x9
 1092 006d 05       		.uleb128 0x5
ARM GAS  C:\Users\nicol\AppData\Local\Temp\ccBPefe0.s 			page 27


 1093 006e 00       		.byte	0
 1094 006f 03       		.uleb128 0x3
 1095 0070 0E       		.uleb128 0xe
 1096 0071 3A       		.uleb128 0x3a
 1097 0072 0B       		.uleb128 0xb
 1098 0073 3B       		.uleb128 0x3b
 1099 0074 0B       		.uleb128 0xb
 1100 0075 49       		.uleb128 0x49
 1101 0076 13       		.uleb128 0x13
 1102 0077 02       		.uleb128 0x2
 1103 0078 18       		.uleb128 0x18
 1104 0079 00       		.byte	0
 1105 007a 00       		.byte	0
 1106 007b 0A       		.uleb128 0xa
 1107 007c 2E       		.uleb128 0x2e
 1108 007d 01       		.byte	0x1
 1109 007e 03       		.uleb128 0x3
 1110 007f 0E       		.uleb128 0xe
 1111 0080 3A       		.uleb128 0x3a
 1112 0081 0B       		.uleb128 0xb
 1113 0082 3B       		.uleb128 0x3b
 1114 0083 0B       		.uleb128 0xb
 1115 0084 27       		.uleb128 0x27
 1116 0085 19       		.uleb128 0x19
 1117 0086 11       		.uleb128 0x11
 1118 0087 01       		.uleb128 0x1
 1119 0088 12       		.uleb128 0x12
 1120 0089 06       		.uleb128 0x6
 1121 008a 40       		.uleb128 0x40
 1122 008b 18       		.uleb128 0x18
 1123 008c 9742     		.uleb128 0x2117
 1124 008e 19       		.uleb128 0x19
 1125 008f 01       		.uleb128 0x1
 1126 0090 13       		.uleb128 0x13
 1127 0091 00       		.byte	0
 1128 0092 00       		.byte	0
 1129 0093 0B       		.uleb128 0xb
 1130 0094 34       		.uleb128 0x34
 1131 0095 00       		.byte	0
 1132 0096 03       		.uleb128 0x3
 1133 0097 0E       		.uleb128 0xe
 1134 0098 3A       		.uleb128 0x3a
 1135 0099 0B       		.uleb128 0xb
 1136 009a 3B       		.uleb128 0x3b
 1137 009b 0B       		.uleb128 0xb
 1138 009c 49       		.uleb128 0x49
 1139 009d 13       		.uleb128 0x13
 1140 009e 02       		.uleb128 0x2
 1141 009f 17       		.uleb128 0x17
 1142 00a0 00       		.byte	0
 1143 00a1 00       		.byte	0
 1144 00a2 0C       		.uleb128 0xc
 1145 00a3 05       		.uleb128 0x5
 1146 00a4 00       		.byte	0
 1147 00a5 03       		.uleb128 0x3
 1148 00a6 08       		.uleb128 0x8
 1149 00a7 3A       		.uleb128 0x3a
ARM GAS  C:\Users\nicol\AppData\Local\Temp\ccBPefe0.s 			page 28


 1150 00a8 0B       		.uleb128 0xb
 1151 00a9 3B       		.uleb128 0x3b
 1152 00aa 0B       		.uleb128 0xb
 1153 00ab 49       		.uleb128 0x49
 1154 00ac 13       		.uleb128 0x13
 1155 00ad 02       		.uleb128 0x2
 1156 00ae 17       		.uleb128 0x17
 1157 00af 00       		.byte	0
 1158 00b0 00       		.byte	0
 1159 00b1 0D       		.uleb128 0xd
 1160 00b2 898201   		.uleb128 0x4109
 1161 00b5 01       		.byte	0x1
 1162 00b6 11       		.uleb128 0x11
 1163 00b7 01       		.uleb128 0x1
 1164 00b8 31       		.uleb128 0x31
 1165 00b9 13       		.uleb128 0x13
 1166 00ba 00       		.byte	0
 1167 00bb 00       		.byte	0
 1168 00bc 0E       		.uleb128 0xe
 1169 00bd 8A8201   		.uleb128 0x410a
 1170 00c0 00       		.byte	0
 1171 00c1 02       		.uleb128 0x2
 1172 00c2 18       		.uleb128 0x18
 1173 00c3 9142     		.uleb128 0x2111
 1174 00c5 18       		.uleb128 0x18
 1175 00c6 00       		.byte	0
 1176 00c7 00       		.byte	0
 1177 00c8 0F       		.uleb128 0xf
 1178 00c9 898201   		.uleb128 0x4109
 1179 00cc 01       		.byte	0x1
 1180 00cd 11       		.uleb128 0x11
 1181 00ce 01       		.uleb128 0x1
 1182 00cf 31       		.uleb128 0x31
 1183 00d0 13       		.uleb128 0x13
 1184 00d1 01       		.uleb128 0x1
 1185 00d2 13       		.uleb128 0x13
 1186 00d3 00       		.byte	0
 1187 00d4 00       		.byte	0
 1188 00d5 10       		.uleb128 0x10
 1189 00d6 05       		.uleb128 0x5
 1190 00d7 00       		.byte	0
 1191 00d8 03       		.uleb128 0x3
 1192 00d9 0E       		.uleb128 0xe
 1193 00da 3A       		.uleb128 0x3a
 1194 00db 0B       		.uleb128 0xb
 1195 00dc 3B       		.uleb128 0x3b
 1196 00dd 0B       		.uleb128 0xb
 1197 00de 49       		.uleb128 0x49
 1198 00df 13       		.uleb128 0x13
 1199 00e0 02       		.uleb128 0x2
 1200 00e1 17       		.uleb128 0x17
 1201 00e2 00       		.byte	0
 1202 00e3 00       		.byte	0
 1203 00e4 11       		.uleb128 0x11
 1204 00e5 0F       		.uleb128 0xf
 1205 00e6 00       		.byte	0
 1206 00e7 0B       		.uleb128 0xb
ARM GAS  C:\Users\nicol\AppData\Local\Temp\ccBPefe0.s 			page 29


 1207 00e8 0B       		.uleb128 0xb
 1208 00e9 49       		.uleb128 0x49
 1209 00ea 13       		.uleb128 0x13
 1210 00eb 00       		.byte	0
 1211 00ec 00       		.byte	0
 1212 00ed 12       		.uleb128 0x12
 1213 00ee 26       		.uleb128 0x26
 1214 00ef 00       		.byte	0
 1215 00f0 00       		.byte	0
 1216 00f1 00       		.byte	0
 1217 00f2 13       		.uleb128 0x13
 1218 00f3 2E       		.uleb128 0x2e
 1219 00f4 01       		.byte	0x1
 1220 00f5 3F       		.uleb128 0x3f
 1221 00f6 19       		.uleb128 0x19
 1222 00f7 03       		.uleb128 0x3
 1223 00f8 0E       		.uleb128 0xe
 1224 00f9 3A       		.uleb128 0x3a
 1225 00fa 0B       		.uleb128 0xb
 1226 00fb 3B       		.uleb128 0x3b
 1227 00fc 05       		.uleb128 0x5
 1228 00fd 27       		.uleb128 0x27
 1229 00fe 19       		.uleb128 0x19
 1230 00ff 11       		.uleb128 0x11
 1231 0100 01       		.uleb128 0x1
 1232 0101 12       		.uleb128 0x12
 1233 0102 06       		.uleb128 0x6
 1234 0103 40       		.uleb128 0x40
 1235 0104 18       		.uleb128 0x18
 1236 0105 9742     		.uleb128 0x2117
 1237 0107 19       		.uleb128 0x19
 1238 0108 01       		.uleb128 0x1
 1239 0109 13       		.uleb128 0x13
 1240 010a 00       		.byte	0
 1241 010b 00       		.byte	0
 1242 010c 14       		.uleb128 0x14
 1243 010d 05       		.uleb128 0x5
 1244 010e 00       		.byte	0
 1245 010f 03       		.uleb128 0x3
 1246 0110 0E       		.uleb128 0xe
 1247 0111 3A       		.uleb128 0x3a
 1248 0112 0B       		.uleb128 0xb
 1249 0113 3B       		.uleb128 0x3b
 1250 0114 05       		.uleb128 0x5
 1251 0115 49       		.uleb128 0x49
 1252 0116 13       		.uleb128 0x13
 1253 0117 02       		.uleb128 0x2
 1254 0118 18       		.uleb128 0x18
 1255 0119 00       		.byte	0
 1256 011a 00       		.byte	0
 1257 011b 15       		.uleb128 0x15
 1258 011c 34       		.uleb128 0x34
 1259 011d 00       		.byte	0
 1260 011e 03       		.uleb128 0x3
 1261 011f 0E       		.uleb128 0xe
 1262 0120 3A       		.uleb128 0x3a
 1263 0121 0B       		.uleb128 0xb
ARM GAS  C:\Users\nicol\AppData\Local\Temp\ccBPefe0.s 			page 30


 1264 0122 3B       		.uleb128 0x3b
 1265 0123 05       		.uleb128 0x5
 1266 0124 49       		.uleb128 0x49
 1267 0125 13       		.uleb128 0x13
 1268 0126 02       		.uleb128 0x2
 1269 0127 18       		.uleb128 0x18
 1270 0128 00       		.byte	0
 1271 0129 00       		.byte	0
 1272 012a 16       		.uleb128 0x16
 1273 012b 0B       		.uleb128 0xb
 1274 012c 01       		.byte	0x1
 1275 012d 11       		.uleb128 0x11
 1276 012e 01       		.uleb128 0x1
 1277 012f 12       		.uleb128 0x12
 1278 0130 06       		.uleb128 0x6
 1279 0131 01       		.uleb128 0x1
 1280 0132 13       		.uleb128 0x13
 1281 0133 00       		.byte	0
 1282 0134 00       		.byte	0
 1283 0135 17       		.uleb128 0x17
 1284 0136 13       		.uleb128 0x13
 1285 0137 01       		.byte	0x1
 1286 0138 0B       		.uleb128 0xb
 1287 0139 0B       		.uleb128 0xb
 1288 013a 3A       		.uleb128 0x3a
 1289 013b 0B       		.uleb128 0xb
 1290 013c 3B       		.uleb128 0x3b
 1291 013d 05       		.uleb128 0x5
 1292 013e 01       		.uleb128 0x1
 1293 013f 13       		.uleb128 0x13
 1294 0140 00       		.byte	0
 1295 0141 00       		.byte	0
 1296 0142 18       		.uleb128 0x18
 1297 0143 0D       		.uleb128 0xd
 1298 0144 00       		.byte	0
 1299 0145 03       		.uleb128 0x3
 1300 0146 0E       		.uleb128 0xe
 1301 0147 3A       		.uleb128 0x3a
 1302 0148 0B       		.uleb128 0xb
 1303 0149 3B       		.uleb128 0x3b
 1304 014a 05       		.uleb128 0x5
 1305 014b 49       		.uleb128 0x49
 1306 014c 13       		.uleb128 0x13
 1307 014d 38       		.uleb128 0x38
 1308 014e 0B       		.uleb128 0xb
 1309 014f 00       		.byte	0
 1310 0150 00       		.byte	0
 1311 0151 19       		.uleb128 0x19
 1312 0152 01       		.uleb128 0x1
 1313 0153 01       		.byte	0x1
 1314 0154 49       		.uleb128 0x49
 1315 0155 13       		.uleb128 0x13
 1316 0156 01       		.uleb128 0x1
 1317 0157 13       		.uleb128 0x13
 1318 0158 00       		.byte	0
 1319 0159 00       		.byte	0
 1320 015a 1A       		.uleb128 0x1a
ARM GAS  C:\Users\nicol\AppData\Local\Temp\ccBPefe0.s 			page 31


 1321 015b 21       		.uleb128 0x21
 1322 015c 00       		.byte	0
 1323 015d 49       		.uleb128 0x49
 1324 015e 13       		.uleb128 0x13
 1325 015f 2F       		.uleb128 0x2f
 1326 0160 0B       		.uleb128 0xb
 1327 0161 00       		.byte	0
 1328 0162 00       		.byte	0
 1329 0163 1B       		.uleb128 0x1b
 1330 0164 26       		.uleb128 0x26
 1331 0165 00       		.byte	0
 1332 0166 49       		.uleb128 0x49
 1333 0167 13       		.uleb128 0x13
 1334 0168 00       		.byte	0
 1335 0169 00       		.byte	0
 1336 016a 1C       		.uleb128 0x1c
 1337 016b 34       		.uleb128 0x34
 1338 016c 00       		.byte	0
 1339 016d 03       		.uleb128 0x3
 1340 016e 08       		.uleb128 0x8
 1341 016f 3A       		.uleb128 0x3a
 1342 0170 0B       		.uleb128 0xb
 1343 0171 3B       		.uleb128 0x3b
 1344 0172 05       		.uleb128 0x5
 1345 0173 49       		.uleb128 0x49
 1346 0174 13       		.uleb128 0x13
 1347 0175 02       		.uleb128 0x2
 1348 0176 17       		.uleb128 0x17
 1349 0177 00       		.byte	0
 1350 0178 00       		.byte	0
 1351 0179 1D       		.uleb128 0x1d
 1352 017a 0B       		.uleb128 0xb
 1353 017b 01       		.byte	0x1
 1354 017c 11       		.uleb128 0x11
 1355 017d 01       		.uleb128 0x1
 1356 017e 12       		.uleb128 0x12
 1357 017f 06       		.uleb128 0x6
 1358 0180 00       		.byte	0
 1359 0181 00       		.byte	0
 1360 0182 1E       		.uleb128 0x1e
 1361 0183 898201   		.uleb128 0x4109
 1362 0186 00       		.byte	0
 1363 0187 11       		.uleb128 0x11
 1364 0188 01       		.uleb128 0x1
 1365 0189 31       		.uleb128 0x31
 1366 018a 13       		.uleb128 0x13
 1367 018b 00       		.byte	0
 1368 018c 00       		.byte	0
 1369 018d 1F       		.uleb128 0x1f
 1370 018e 2E       		.uleb128 0x2e
 1371 018f 00       		.byte	0
 1372 0190 3F       		.uleb128 0x3f
 1373 0191 19       		.uleb128 0x19
 1374 0192 3C       		.uleb128 0x3c
 1375 0193 19       		.uleb128 0x19
 1376 0194 6E       		.uleb128 0x6e
 1377 0195 0E       		.uleb128 0xe
ARM GAS  C:\Users\nicol\AppData\Local\Temp\ccBPefe0.s 			page 32


 1378 0196 03       		.uleb128 0x3
 1379 0197 0E       		.uleb128 0xe
 1380 0198 00       		.byte	0
 1381 0199 00       		.byte	0
 1382 019a 20       		.uleb128 0x20
 1383 019b 2E       		.uleb128 0x2e
 1384 019c 00       		.byte	0
 1385 019d 3F       		.uleb128 0x3f
 1386 019e 19       		.uleb128 0x19
 1387 019f 3C       		.uleb128 0x3c
 1388 01a0 19       		.uleb128 0x19
 1389 01a1 6E       		.uleb128 0x6e
 1390 01a2 0E       		.uleb128 0xe
 1391 01a3 03       		.uleb128 0x3
 1392 01a4 0E       		.uleb128 0xe
 1393 01a5 3A       		.uleb128 0x3a
 1394 01a6 0B       		.uleb128 0xb
 1395 01a7 3B       		.uleb128 0x3b
 1396 01a8 0B       		.uleb128 0xb
 1397 01a9 00       		.byte	0
 1398 01aa 00       		.byte	0
 1399 01ab 00       		.byte	0
 1400              		.section	.debug_loc,"",%progbits
 1401              	.Ldebug_loc0:
 1402              	.LLST0:
 1403 0000 06000000 		.4byte	.LVL1
 1404 0004 10000000 		.4byte	.LVL2
 1405 0008 0100     		.2byte	0x1
 1406 000a 53       		.byte	0x53
 1407 000b 00000000 		.4byte	0
 1408 000f 00000000 		.4byte	0
 1409              	.LLST1:
 1410 0013 00000000 		.4byte	.LVL3
 1411 0017 09000000 		.4byte	.LVL5-1
 1412 001b 0100     		.2byte	0x1
 1413 001d 50       		.byte	0x50
 1414 001e 09000000 		.4byte	.LVL5-1
 1415 0022 0C000000 		.4byte	.LFE0
 1416 0026 0400     		.2byte	0x4
 1417 0028 F3       		.byte	0xf3
 1418 0029 01       		.uleb128 0x1
 1419 002a 50       		.byte	0x50
 1420 002b 9F       		.byte	0x9f
 1421 002c 00000000 		.4byte	0
 1422 0030 00000000 		.4byte	0
 1423              	.LLST2:
 1424 0034 00000000 		.4byte	.LVL3
 1425 0038 06000000 		.4byte	.LVL4
 1426 003c 0100     		.2byte	0x1
 1427 003e 51       		.byte	0x51
 1428 003f 06000000 		.4byte	.LVL4
 1429 0043 09000000 		.4byte	.LVL5-1
 1430 0047 0100     		.2byte	0x1
 1431 0049 52       		.byte	0x52
 1432 004a 09000000 		.4byte	.LVL5-1
 1433 004e 0C000000 		.4byte	.LFE0
 1434 0052 0400     		.2byte	0x4
ARM GAS  C:\Users\nicol\AppData\Local\Temp\ccBPefe0.s 			page 33


 1435 0054 F3       		.byte	0xf3
 1436 0055 01       		.uleb128 0x1
 1437 0056 51       		.byte	0x51
 1438 0057 9F       		.byte	0x9f
 1439 0058 00000000 		.4byte	0
 1440 005c 00000000 		.4byte	0
 1441              	.LLST3:
 1442 0060 2E000000 		.4byte	.LVL6
 1443 0064 34000000 		.4byte	.LVL7
 1444 0068 0200     		.2byte	0x2
 1445 006a 49       		.byte	0x49
 1446 006b 9F       		.byte	0x9f
 1447 006c 34000000 		.4byte	.LVL7
 1448 0070 7E000000 		.4byte	.LVL13
 1449 0074 0100     		.2byte	0x1
 1450 0076 55       		.byte	0x55
 1451 0077 00000000 		.4byte	0
 1452 007b 00000000 		.4byte	0
 1453              	.LLST4:
 1454 007f 2E000000 		.4byte	.LVL6
 1455 0083 34000000 		.4byte	.LVL7
 1456 0087 0200     		.2byte	0x2
 1457 0089 30       		.byte	0x30
 1458 008a 9F       		.byte	0x9f
 1459 008b 34000000 		.4byte	.LVL7
 1460 008f 40000000 		.4byte	.LVL8
 1461 0093 0100     		.2byte	0x1
 1462 0095 54       		.byte	0x54
 1463 0096 44000000 		.4byte	.LVL9
 1464 009a 7E000000 		.4byte	.LVL13
 1465 009e 0100     		.2byte	0x1
 1466 00a0 54       		.byte	0x54
 1467 00a1 00000000 		.4byte	0
 1468 00a5 00000000 		.4byte	0
 1469              	.LLST5:
 1470 00a9 00000000 		.4byte	.LVL14
 1471 00ad 05000000 		.4byte	.LVL15-1
 1472 00b1 0100     		.2byte	0x1
 1473 00b3 50       		.byte	0x50
 1474 00b4 05000000 		.4byte	.LVL15-1
 1475 00b8 08000000 		.4byte	.LFE1
 1476 00bc 0400     		.2byte	0x4
 1477 00be F3       		.byte	0xf3
 1478 00bf 01       		.uleb128 0x1
 1479 00c0 50       		.byte	0x50
 1480 00c1 9F       		.byte	0x9f
 1481 00c2 00000000 		.4byte	0
 1482 00c6 00000000 		.4byte	0
 1483              	.LLST6:
 1484 00ca 00000000 		.4byte	.LVL14
 1485 00ce 05000000 		.4byte	.LVL15-1
 1486 00d2 0100     		.2byte	0x1
 1487 00d4 51       		.byte	0x51
 1488 00d5 05000000 		.4byte	.LVL15-1
 1489 00d9 08000000 		.4byte	.LFE1
 1490 00dd 0400     		.2byte	0x4
 1491 00df F3       		.byte	0xf3
ARM GAS  C:\Users\nicol\AppData\Local\Temp\ccBPefe0.s 			page 34


 1492 00e0 01       		.uleb128 0x1
 1493 00e1 51       		.byte	0x51
 1494 00e2 9F       		.byte	0x9f
 1495 00e3 00000000 		.4byte	0
 1496 00e7 00000000 		.4byte	0
 1497              	.LLST7:
 1498 00eb 00000000 		.4byte	.LVL14
 1499 00ef 05000000 		.4byte	.LVL15-1
 1500 00f3 0100     		.2byte	0x1
 1501 00f5 52       		.byte	0x52
 1502 00f6 05000000 		.4byte	.LVL15-1
 1503 00fa 08000000 		.4byte	.LFE1
 1504 00fe 0400     		.2byte	0x4
 1505 0100 F3       		.byte	0xf3
 1506 0101 01       		.uleb128 0x1
 1507 0102 52       		.byte	0x52
 1508 0103 9F       		.byte	0x9f
 1509 0104 00000000 		.4byte	0
 1510 0108 00000000 		.4byte	0
 1511              	.LLST8:
 1512 010c 0E000000 		.4byte	.LVL18
 1513 0110 12000000 		.4byte	.LVL19
 1514 0114 0200     		.2byte	0x2
 1515 0116 30       		.byte	0x30
 1516 0117 9F       		.byte	0x9f
 1517 0118 12000000 		.4byte	.LVL19
 1518 011c 2A000000 		.4byte	.LVL21
 1519 0120 0100     		.2byte	0x1
 1520 0122 54       		.byte	0x54
 1521 0123 2C000000 		.4byte	.LVL22
 1522 0127 7A000000 		.4byte	.LVL27
 1523 012b 0100     		.2byte	0x1
 1524 012d 54       		.byte	0x54
 1525 012e 00000000 		.4byte	0
 1526 0132 00000000 		.4byte	0
 1527              	.LLST9:
 1528 0136 12000000 		.4byte	.LVL19
 1529 013a 2A000000 		.4byte	.LVL21
 1530 013e 0B00     		.2byte	0xb
 1531 0140 74       		.byte	0x74
 1532 0141 00       		.sleb128 0
 1533 0142 36       		.byte	0x36
 1534 0143 1E       		.byte	0x1e
 1535 0144 03       		.byte	0x3
 1536 0145 00000000 		.4byte	cfg_memset_list.4992
 1537 0149 22       		.byte	0x22
 1538 014a 9F       		.byte	0x9f
 1539 014b 2A000000 		.4byte	.LVL21
 1540 014f 2C000000 		.4byte	.LVL22
 1541 0153 0B00     		.2byte	0xb
 1542 0155 74       		.byte	0x74
 1543 0156 7F       		.sleb128 -1
 1544 0157 36       		.byte	0x36
 1545 0158 1E       		.byte	0x1e
 1546 0159 03       		.byte	0x3
 1547 015a 00000000 		.4byte	cfg_memset_list.4992
 1548 015e 22       		.byte	0x22
ARM GAS  C:\Users\nicol\AppData\Local\Temp\ccBPefe0.s 			page 35


 1549 015f 9F       		.byte	0x9f
 1550 0160 00000000 		.4byte	0
 1551 0164 00000000 		.4byte	0
 1552              		.section	.debug_aranges,"",%progbits
 1553 0000 4C000000 		.4byte	0x4c
 1554 0004 0200     		.2byte	0x2
 1555 0006 00000000 		.4byte	.Ldebug_info0
 1556 000a 04       		.byte	0x4
 1557 000b 00       		.byte	0
 1558 000c 0000     		.2byte	0
 1559 000e 0000     		.2byte	0
 1560 0010 00000000 		.4byte	.LFB3
 1561 0014 02000000 		.4byte	.LFE3-.LFB3
 1562 0018 00000000 		.4byte	.LFB5
 1563 001c 28000000 		.4byte	.LFE5-.LFB5
 1564 0020 00000000 		.4byte	.LFB0
 1565 0024 0C000000 		.4byte	.LFE0-.LFB0
 1566 0028 00000000 		.4byte	.LFB4
 1567 002c 9C000000 		.4byte	.LFE4-.LFB4
 1568 0030 00000000 		.4byte	.LFB1
 1569 0034 08000000 		.4byte	.LFE1-.LFB1
 1570 0038 00000000 		.4byte	.LFB6
 1571 003c 10000000 		.4byte	.LFE6-.LFB6
 1572 0040 00000000 		.4byte	.LFB7
 1573 0044 D8000000 		.4byte	.LFE7-.LFB7
 1574 0048 00000000 		.4byte	0
 1575 004c 00000000 		.4byte	0
 1576              		.section	.debug_ranges,"",%progbits
 1577              	.Ldebug_ranges0:
 1578 0000 00000000 		.4byte	.LFB3
 1579 0004 02000000 		.4byte	.LFE3
 1580 0008 00000000 		.4byte	.LFB5
 1581 000c 28000000 		.4byte	.LFE5
 1582 0010 00000000 		.4byte	.LFB0
 1583 0014 0C000000 		.4byte	.LFE0
 1584 0018 00000000 		.4byte	.LFB4
 1585 001c 9C000000 		.4byte	.LFE4
 1586 0020 00000000 		.4byte	.LFB1
 1587 0024 08000000 		.4byte	.LFE1
 1588 0028 00000000 		.4byte	.LFB6
 1589 002c 10000000 		.4byte	.LFE6
 1590 0030 00000000 		.4byte	.LFB7
 1591 0034 D8000000 		.4byte	.LFE7
 1592 0038 00000000 		.4byte	0
 1593 003c 00000000 		.4byte	0
 1594              		.section	.debug_line,"",%progbits
 1595              	.Ldebug_line0:
 1596 0000 90010000 		.section	.debug_str,"MS",%progbits,1
 1596      0200C200 
 1596      00000201 
 1596      FB0E0D00 
 1596      01010101 
 1597              	.LASF19:
 1598 0000 72656731 		.ascii	"reg16\000"
 1598      3600
 1599              	.LASF43:
 1600 0006 43794465 		.ascii	"CyDelayCycles\000"
ARM GAS  C:\Users\nicol\AppData\Local\Temp\ccBPefe0.s 			page 36


 1600      6C617943 
 1600      79636C65 
 1600      7300
 1601              	.LASF12:
 1602 0014 73697A65 		.ascii	"size_t\000"
 1602      5F7400
 1603              	.LASF20:
 1604 001b 416E616C 		.ascii	"AnalogSetDefault\000"
 1604      6F675365 
 1604      74446566 
 1604      61756C74 
 1604      00
 1605              	.LASF41:
 1606 002c 443A5C4E 		.ascii	"D:\\Notes 202324\\ELECH410\\Labs\\Lab3\\ex2_periodi"
 1606      6F746573 
 1606      20323032 
 1606      3332345C 
 1606      454C4543 
 1607 005a 63697479 		.ascii	"city\\periodicity.cydsn\000"
 1607      5C706572 
 1607      696F6469 
 1607      63697479 
 1607      2E637964 
 1608              	.LASF25:
 1609 0071 74696D65 		.ascii	"timeout\000"
 1609      6F757400 
 1610              	.LASF36:
 1611 0079 6366675F 		.ascii	"cfg_memset_list\000"
 1611      6D656D73 
 1611      65745F6C 
 1611      69737400 
 1612              	.LASF23:
 1613 0089 436C6F63 		.ascii	"ClockSetup\000"
 1613      6B536574 
 1613      757000
 1614              	.LASF6:
 1615 0094 73686F72 		.ascii	"short unsigned int\000"
 1615      7420756E 
 1615      7369676E 
 1615      65642069 
 1615      6E7400
 1616              	.LASF26:
 1617 00a7 706C6C4C 		.ascii	"pllLock\000"
 1617      6F636B00 
 1618              	.LASF16:
 1619 00af 666C6F61 		.ascii	"float\000"
 1619      7400
 1620              	.LASF42:
 1621 00b5 4379436C 		.ascii	"CyClockStartupError\000"
 1621      6F636B53 
 1621      74617274 
 1621      75704572 
 1621      726F7200 
 1622              	.LASF28:
 1623 00c9 64657374 		.ascii	"dest\000"
 1623      00
 1624              	.LASF34:
ARM GAS  C:\Users\nicol\AppData\Local\Temp\ccBPefe0.s 			page 37


 1625 00ce 73697A65 		.ascii	"size\000"
 1625      00
 1626              	.LASF39:
 1627 00d3 474E5520 		.ascii	"GNU C11 5.4.1 20160609 (release) [ARM/embedded-5-br"
 1627      43313120 
 1627      352E342E 
 1627      31203230 
 1627      31363036 
 1628 0106 616E6368 		.ascii	"anch revision 237715] -mcpu=cortex-m3 -mthumb -g -O"
 1628      20726576 
 1628      6973696F 
 1628      6E203233 
 1628      37373135 
 1629 0139 67202D66 		.ascii	"g -ffunction-sections -ffat-lto-objects\000"
 1629      66756E63 
 1629      74696F6E 
 1629      2D736563 
 1629      74696F6E 
 1630              	.LASF18:
 1631 0161 72656738 		.ascii	"reg8\000"
 1631      00
 1632              	.LASF8:
 1633 0166 6C6F6E67 		.ascii	"long unsigned int\000"
 1633      20756E73 
 1633      69676E65 
 1633      6420696E 
 1633      7400
 1634              	.LASF13:
 1635 0178 75696E74 		.ascii	"uint8\000"
 1635      3800
 1636              	.LASF21:
 1637 017e 43594D45 		.ascii	"CYMEMZERO\000"
 1637      4D5A4552 
 1637      4F00
 1638              	.LASF31:
 1639 0188 53657441 		.ascii	"SetAnalogRoutingPumps\000"
 1639      6E616C6F 
 1639      67526F75 
 1639      74696E67 
 1639      50756D70 
 1640              	.LASF4:
 1641 019e 756E7369 		.ascii	"unsigned char\000"
 1641      676E6564 
 1641      20636861 
 1641      7200
 1642              	.LASF37:
 1643 01ac 6D656D73 		.ascii	"memset\000"
 1643      657400
 1644              	.LASF17:
 1645 01b3 646F7562 		.ascii	"double\000"
 1645      6C6500
 1646              	.LASF32:
 1647 01ba 63796669 		.ascii	"cyfitter_cfg\000"
 1647      74746572 
 1647      5F636667 
 1647      00
 1648              	.LASF14:
ARM GAS  C:\Users\nicol\AppData\Local\Temp\ccBPefe0.s 			page 38


 1649 01c7 75696E74 		.ascii	"uint16\000"
 1649      313600
 1650              	.LASF22:
 1651 01ce 6572726F 		.ascii	"errorCode\000"
 1651      72436F64 
 1651      6500
 1652              	.LASF15:
 1653 01d8 75696E74 		.ascii	"uint32\000"
 1653      333200
 1654              	.LASF0:
 1655 01df 756E7369 		.ascii	"unsigned int\000"
 1655      676E6564 
 1655      20696E74 
 1655      00
 1656              	.LASF33:
 1657 01ec 61646472 		.ascii	"address\000"
 1657      65737300 
 1658              	.LASF9:
 1659 01f4 6C6F6E67 		.ascii	"long long unsigned int\000"
 1659      206C6F6E 
 1659      6720756E 
 1659      7369676E 
 1659      65642069 
 1660              	.LASF35:
 1661 020b 6366675F 		.ascii	"cfg_memset_t\000"
 1661      6D656D73 
 1661      65745F74 
 1661      00
 1662              	.LASF10:
 1663 0218 73697A65 		.ascii	"sizetype\000"
 1663      74797065 
 1663      00
 1664              	.LASF1:
 1665 0221 6C6F6E67 		.ascii	"long long int\000"
 1665      206C6F6E 
 1665      6720696E 
 1665      7400
 1666              	.LASF40:
 1667 022f 47656E65 		.ascii	"Generated_Source\\PSoC5\\cyfitter_cfg.c\000"
 1667      72617465 
 1667      645F536F 
 1667      75726365 
 1667      5C50536F 
 1668              	.LASF38:
 1669 0255 6D656D63 		.ascii	"memcpy\000"
 1669      707900
 1670              	.LASF5:
 1671 025c 73686F72 		.ascii	"short int\000"
 1671      7420696E 
 1671      7400
 1672              	.LASF29:
 1673 0266 656E6162 		.ascii	"enabled\000"
 1673      6C656400 
 1674              	.LASF7:
 1675 026e 6C6F6E67 		.ascii	"long int\000"
 1675      20696E74 
 1675      00
ARM GAS  C:\Users\nicol\AppData\Local\Temp\ccBPefe0.s 			page 39


 1676              	.LASF11:
 1677 0277 63686172 		.ascii	"char\000"
 1677      00
 1678              	.LASF2:
 1679 027c 6C6F6E67 		.ascii	"long double\000"
 1679      20646F75 
 1679      626C6500 
 1680              	.LASF24:
 1681 0288 62675F78 		.ascii	"bg_xover_inl_trim\000"
 1681      6F766572 
 1681      5F696E6C 
 1681      5F747269 
 1681      6D00
 1682              	.LASF3:
 1683 029a 7369676E 		.ascii	"signed char\000"
 1683      65642063 
 1683      68617200 
 1684              	.LASF30:
 1685 02a6 72656756 		.ascii	"regValue\000"
 1685      616C7565 
 1685      00
 1686              	.LASF27:
 1687 02af 4359434F 		.ascii	"CYCONFIGCPY\000"
 1687      4E464947 
 1687      43505900 
 1688              		.ident	"GCC: (GNU Tools for ARM Embedded Processors) 5.4.1 20160609 (release) [ARM/embedded-5-bran
