ARM GAS  C:\Users\nicol\AppData\Local\Temp\ccaWmxPP.s 			page 1


   1              		.syntax unified
   2              		.cpu cortex-m3
   3              		.fpu softvfp
   4              		.eabi_attribute 20, 1
   5              		.eabi_attribute 21, 1
   6              		.eabi_attribute 23, 3
   7              		.eabi_attribute 24, 1
   8              		.eabi_attribute 25, 1
   9              		.eabi_attribute 26, 1
  10              		.eabi_attribute 30, 1
  11              		.eabi_attribute 34, 1
  12              		.eabi_attribute 18, 4
  13              		.thumb
  14              		.syntax unified
  15              		.file	"cymetadata.c"
  16              		.text
  17              	.Ltext0:
  18              		.cfi_sections	.debug_frame
  19              		.global	cy_metadata
  20              		.global	cy_meta_flashprotect
  21              		.global	cy_meta_wonvl
  22              		.global	cy_meta_custnvl
  23              		.global	cy_meta_configecc
  24              		.section	.cyconfigecc,"a",%progbits
  25              		.align	2
  26              		.type	cy_meta_configecc, %object
  27              		.size	cy_meta_configecc, 52
  28              	cy_meta_configecc:
  29 0000 00       		.byte	0
  30 0001 63       		.byte	99
  31 0002 63       		.byte	99
  32 0003 00       		.byte	0
  33 0004 00       		.byte	0
  34 0005 00       		.byte	0
  35 0006 00       		.byte	0
  36 0007 00       		.byte	0
  37 0008 3C       		.byte	60
  38 0009 00       		.byte	0
  39 000a 00       		.byte	0
  40 000b 00       		.byte	0
  41 000c 00       		.byte	0
  42 000d 00       		.byte	0
  43 000e 00       		.byte	0
  44 000f 00       		.byte	0
  45 0010 00       		.byte	0
  46 0011 0F       		.byte	15
  47 0012 0F       		.byte	15
  48 0013 00       		.byte	0
  49 0014 00       		.byte	0
  50 0015 00       		.byte	0
  51 0016 00       		.byte	0
  52 0017 00       		.byte	0
  53 0018 00       		.byte	0
  54 0019 0B       		.byte	11
  55 001a 0B       		.byte	11
  56 001b 00       		.byte	0
  57 001c 00       		.byte	0
ARM GAS  C:\Users\nicol\AppData\Local\Temp\ccaWmxPP.s 			page 2


  58 001d 00       		.byte	0
  59 001e 00       		.byte	0
  60 001f 00       		.byte	0
  61 0020 00       		.byte	0
  62 0021 7F       		.byte	127
  63 0022 7F       		.byte	127
  64 0023 00       		.byte	0
  65 0024 00       		.byte	0
  66 0025 00       		.byte	0
  67 0026 00       		.byte	0
  68 0027 00       		.byte	0
  69 0028 F0       		.byte	-16
  70 0029 00       		.byte	0
  71 002a 00       		.byte	0
  72 002b F0       		.byte	-16
  73 002c 0B       		.byte	11
  74 002d 00       		.byte	0
  75 002e 00       		.byte	0
  76 002f 00       		.byte	0
  77 0030 00       		.byte	0
  78 0031 00       		.byte	0
  79 0032 00       		.byte	0
  80 0033 00       		.byte	0
  81              		.section	.cywolatch,"a",%progbits
  82              		.align	2
  83              		.type	cy_meta_wonvl, %object
  84              		.size	cy_meta_wonvl, 4
  85              	cy_meta_wonvl:
  86 0000 BC       		.byte	-68
  87 0001 90       		.byte	-112
  88 0002 AC       		.byte	-84
  89 0003 AF       		.byte	-81
  90              		.section	.cycustnvl,"a",%progbits
  91              		.align	2
  92              		.type	cy_meta_custnvl, %object
  93              		.size	cy_meta_custnvl, 4
  94              	cy_meta_custnvl:
  95 0000 00       		.byte	0
  96 0001 00       		.byte	0
  97 0002 40       		.byte	64
  98 0003 05       		.byte	5
  99              		.section	.cymeta,"a",%progbits
 100              		.align	2
 101              		.type	cy_metadata, %object
 102              		.size	cy_metadata, 12
 103              	cy_metadata:
 104 0000 00       		.byte	0
 105 0001 01       		.byte	1
 106 0002 2E       		.byte	46
 107 0003 16       		.byte	22
 108 0004 10       		.byte	16
 109 0005 69       		.byte	105
 110 0006 00       		.byte	0
 111 0007 01       		.byte	1
 112 0008 00       		.byte	0
 113 0009 00       		.byte	0
 114 000a 00       		.byte	0
ARM GAS  C:\Users\nicol\AppData\Local\Temp\ccaWmxPP.s 			page 3


 115 000b 00       		.byte	0
 116              		.section	.cyflashprotect,"a",%progbits
 117              		.align	2
 118              		.type	cy_meta_flashprotect, %object
 119              		.size	cy_meta_flashprotect, 256
 120              	cy_meta_flashprotect:
 121 0000 00000000 		.space	256
 121      00000000 
 121      00000000 
 121      00000000 
 121      00000000 
 122              		.text
 123              	.Letext0:
 124              		.file 1 "d:\\cypress\\psoc creator\\4.4\\psoc creator\\import\\gnu\\arm\\5.4.1\\arm-none-eabi\\inc
 125              		.file 2 "d:\\cypress\\psoc creator\\4.4\\psoc creator\\import\\gnu\\arm\\5.4.1\\arm-none-eabi\\inc
 126              		.file 3 "Generated_Source\\PSoC5\\cymetadata.c"
 127              		.section	.debug_info,"",%progbits
 128              	.Ldebug_info0:
 129 0000 30010000 		.4byte	0x130
 130 0004 0400     		.2byte	0x4
 131 0006 00000000 		.4byte	.Ldebug_abbrev0
 132 000a 04       		.byte	0x4
 133 000b 01       		.uleb128 0x1
 134 000c 24000000 		.4byte	.LASF17
 135 0010 0C       		.byte	0xc
 136 0011 AC010000 		.4byte	.LASF18
 137 0015 5F010000 		.4byte	.LASF19
 138 0019 00000000 		.4byte	.Ldebug_line0
 139 001d 02       		.uleb128 0x2
 140 001e 01       		.byte	0x1
 141 001f 06       		.byte	0x6
 142 0020 A0010000 		.4byte	.LASF0
 143 0024 03       		.uleb128 0x3
 144 0025 00000000 		.4byte	.LASF9
 145 0029 01       		.byte	0x1
 146 002a 1D       		.byte	0x1d
 147 002b 2F000000 		.4byte	0x2f
 148 002f 02       		.uleb128 0x2
 149 0030 01       		.byte	0x1
 150 0031 08       		.byte	0x8
 151 0032 16000000 		.4byte	.LASF1
 152 0036 02       		.uleb128 0x2
 153 0037 02       		.byte	0x2
 154 0038 05       		.byte	0x5
 155 0039 8D010000 		.4byte	.LASF2
 156 003d 02       		.uleb128 0x2
 157 003e 02       		.byte	0x2
 158 003f 07       		.byte	0x7
 159 0040 C4000000 		.4byte	.LASF3
 160 0044 02       		.uleb128 0x2
 161 0045 04       		.byte	0x4
 162 0046 05       		.byte	0x5
 163 0047 97010000 		.4byte	.LASF4
 164 004b 02       		.uleb128 0x2
 165 004c 04       		.byte	0x4
 166 004d 07       		.byte	0x7
 167 004e B2000000 		.4byte	.LASF5
ARM GAS  C:\Users\nicol\AppData\Local\Temp\ccaWmxPP.s 			page 4


 168 0052 02       		.uleb128 0x2
 169 0053 08       		.byte	0x8
 170 0054 05       		.byte	0x5
 171 0055 51010000 		.4byte	.LASF6
 172 0059 02       		.uleb128 0x2
 173 005a 08       		.byte	0x8
 174 005b 07       		.byte	0x7
 175 005c 06010000 		.4byte	.LASF7
 176 0060 04       		.uleb128 0x4
 177 0061 04       		.byte	0x4
 178 0062 05       		.byte	0x5
 179 0063 696E7400 		.ascii	"int\000"
 180 0067 02       		.uleb128 0x2
 181 0068 04       		.byte	0x4
 182 0069 07       		.byte	0x7
 183 006a F9000000 		.4byte	.LASF8
 184 006e 03       		.uleb128 0x3
 185 006f 1D010000 		.4byte	.LASF10
 186 0073 02       		.byte	0x2
 187 0074 18       		.byte	0x18
 188 0075 24000000 		.4byte	0x24
 189 0079 05       		.uleb128 0x5
 190 007a 90000000 		.4byte	0x90
 191 007e 89000000 		.4byte	0x89
 192 0082 06       		.uleb128 0x6
 193 0083 89000000 		.4byte	0x89
 194 0087 33       		.byte	0x33
 195 0088 00       		.byte	0
 196 0089 02       		.uleb128 0x2
 197 008a 04       		.byte	0x4
 198 008b 07       		.byte	0x7
 199 008c 48010000 		.4byte	.LASF11
 200 0090 07       		.uleb128 0x7
 201 0091 6E000000 		.4byte	0x6e
 202 0095 08       		.uleb128 0x8
 203 0096 E7000000 		.4byte	.LASF12
 204 009a 03       		.byte	0x3
 205 009b 1F       		.byte	0x1f
 206 009c A6000000 		.4byte	0xa6
 207 00a0 05       		.uleb128 0x5
 208 00a1 03       		.byte	0x3
 209 00a2 00000000 		.4byte	cy_meta_configecc
 210 00a6 07       		.uleb128 0x7
 211 00a7 79000000 		.4byte	0x79
 212 00ab 05       		.uleb128 0x5
 213 00ac 90000000 		.4byte	0x90
 214 00b0 BB000000 		.4byte	0xbb
 215 00b4 06       		.uleb128 0x6
 216 00b5 89000000 		.4byte	0x89
 217 00b9 03       		.byte	0x3
 218 00ba 00       		.byte	0
 219 00bb 08       		.uleb128 0x8
 220 00bc D7000000 		.4byte	.LASF13
 221 00c0 03       		.byte	0x3
 222 00c1 33       		.byte	0x33
 223 00c2 CC000000 		.4byte	0xcc
 224 00c6 05       		.uleb128 0x5
ARM GAS  C:\Users\nicol\AppData\Local\Temp\ccaWmxPP.s 			page 5


 225 00c7 03       		.byte	0x3
 226 00c8 00000000 		.4byte	cy_meta_custnvl
 227 00cc 07       		.uleb128 0x7
 228 00cd AB000000 		.4byte	0xab
 229 00d1 08       		.uleb128 0x8
 230 00d2 3A010000 		.4byte	.LASF14
 231 00d6 03       		.byte	0x3
 232 00d7 41       		.byte	0x41
 233 00d8 E2000000 		.4byte	0xe2
 234 00dc 05       		.uleb128 0x5
 235 00dd 03       		.byte	0x3
 236 00de 00000000 		.4byte	cy_meta_wonvl
 237 00e2 07       		.uleb128 0x7
 238 00e3 AB000000 		.4byte	0xab
 239 00e7 05       		.uleb128 0x5
 240 00e8 90000000 		.4byte	0x90
 241 00ec F7000000 		.4byte	0xf7
 242 00f0 06       		.uleb128 0x6
 243 00f1 89000000 		.4byte	0x89
 244 00f5 FF       		.byte	0xff
 245 00f6 00       		.byte	0
 246 00f7 08       		.uleb128 0x8
 247 00f8 25010000 		.4byte	.LASF15
 248 00fc 03       		.byte	0x3
 249 00fd 4F       		.byte	0x4f
 250 00fe 08010000 		.4byte	0x108
 251 0102 05       		.uleb128 0x5
 252 0103 03       		.byte	0x3
 253 0104 00000000 		.4byte	cy_meta_flashprotect
 254 0108 07       		.uleb128 0x7
 255 0109 E7000000 		.4byte	0xe7
 256 010d 05       		.uleb128 0x5
 257 010e 90000000 		.4byte	0x90
 258 0112 1D010000 		.4byte	0x11d
 259 0116 06       		.uleb128 0x6
 260 0117 89000000 		.4byte	0x89
 261 011b 0B       		.byte	0xb
 262 011c 00       		.byte	0
 263 011d 08       		.uleb128 0x8
 264 011e 0A000000 		.4byte	.LASF16
 265 0122 03       		.byte	0x3
 266 0123 7C       		.byte	0x7c
 267 0124 2E010000 		.4byte	0x12e
 268 0128 05       		.uleb128 0x5
 269 0129 03       		.byte	0x3
 270 012a 00000000 		.4byte	cy_metadata
 271 012e 07       		.uleb128 0x7
 272 012f 0D010000 		.4byte	0x10d
 273 0133 00       		.byte	0
 274              		.section	.debug_abbrev,"",%progbits
 275              	.Ldebug_abbrev0:
 276 0000 01       		.uleb128 0x1
 277 0001 11       		.uleb128 0x11
 278 0002 01       		.byte	0x1
 279 0003 25       		.uleb128 0x25
 280 0004 0E       		.uleb128 0xe
 281 0005 13       		.uleb128 0x13
ARM GAS  C:\Users\nicol\AppData\Local\Temp\ccaWmxPP.s 			page 6


 282 0006 0B       		.uleb128 0xb
 283 0007 03       		.uleb128 0x3
 284 0008 0E       		.uleb128 0xe
 285 0009 1B       		.uleb128 0x1b
 286 000a 0E       		.uleb128 0xe
 287 000b 10       		.uleb128 0x10
 288 000c 17       		.uleb128 0x17
 289 000d 00       		.byte	0
 290 000e 00       		.byte	0
 291 000f 02       		.uleb128 0x2
 292 0010 24       		.uleb128 0x24
 293 0011 00       		.byte	0
 294 0012 0B       		.uleb128 0xb
 295 0013 0B       		.uleb128 0xb
 296 0014 3E       		.uleb128 0x3e
 297 0015 0B       		.uleb128 0xb
 298 0016 03       		.uleb128 0x3
 299 0017 0E       		.uleb128 0xe
 300 0018 00       		.byte	0
 301 0019 00       		.byte	0
 302 001a 03       		.uleb128 0x3
 303 001b 16       		.uleb128 0x16
 304 001c 00       		.byte	0
 305 001d 03       		.uleb128 0x3
 306 001e 0E       		.uleb128 0xe
 307 001f 3A       		.uleb128 0x3a
 308 0020 0B       		.uleb128 0xb
 309 0021 3B       		.uleb128 0x3b
 310 0022 0B       		.uleb128 0xb
 311 0023 49       		.uleb128 0x49
 312 0024 13       		.uleb128 0x13
 313 0025 00       		.byte	0
 314 0026 00       		.byte	0
 315 0027 04       		.uleb128 0x4
 316 0028 24       		.uleb128 0x24
 317 0029 00       		.byte	0
 318 002a 0B       		.uleb128 0xb
 319 002b 0B       		.uleb128 0xb
 320 002c 3E       		.uleb128 0x3e
 321 002d 0B       		.uleb128 0xb
 322 002e 03       		.uleb128 0x3
 323 002f 08       		.uleb128 0x8
 324 0030 00       		.byte	0
 325 0031 00       		.byte	0
 326 0032 05       		.uleb128 0x5
 327 0033 01       		.uleb128 0x1
 328 0034 01       		.byte	0x1
 329 0035 49       		.uleb128 0x49
 330 0036 13       		.uleb128 0x13
 331 0037 01       		.uleb128 0x1
 332 0038 13       		.uleb128 0x13
 333 0039 00       		.byte	0
 334 003a 00       		.byte	0
 335 003b 06       		.uleb128 0x6
 336 003c 21       		.uleb128 0x21
 337 003d 00       		.byte	0
 338 003e 49       		.uleb128 0x49
ARM GAS  C:\Users\nicol\AppData\Local\Temp\ccaWmxPP.s 			page 7


 339 003f 13       		.uleb128 0x13
 340 0040 2F       		.uleb128 0x2f
 341 0041 0B       		.uleb128 0xb
 342 0042 00       		.byte	0
 343 0043 00       		.byte	0
 344 0044 07       		.uleb128 0x7
 345 0045 26       		.uleb128 0x26
 346 0046 00       		.byte	0
 347 0047 49       		.uleb128 0x49
 348 0048 13       		.uleb128 0x13
 349 0049 00       		.byte	0
 350 004a 00       		.byte	0
 351 004b 08       		.uleb128 0x8
 352 004c 34       		.uleb128 0x34
 353 004d 00       		.byte	0
 354 004e 03       		.uleb128 0x3
 355 004f 0E       		.uleb128 0xe
 356 0050 3A       		.uleb128 0x3a
 357 0051 0B       		.uleb128 0xb
 358 0052 3B       		.uleb128 0x3b
 359 0053 0B       		.uleb128 0xb
 360 0054 49       		.uleb128 0x49
 361 0055 13       		.uleb128 0x13
 362 0056 3F       		.uleb128 0x3f
 363 0057 19       		.uleb128 0x19
 364 0058 02       		.uleb128 0x2
 365 0059 18       		.uleb128 0x18
 366 005a 00       		.byte	0
 367 005b 00       		.byte	0
 368 005c 00       		.byte	0
 369              		.section	.debug_aranges,"",%progbits
 370 0000 14000000 		.4byte	0x14
 371 0004 0200     		.2byte	0x2
 372 0006 00000000 		.4byte	.Ldebug_info0
 373 000a 04       		.byte	0x4
 374 000b 00       		.byte	0
 375 000c 0000     		.2byte	0
 376 000e 0000     		.2byte	0
 377 0010 00000000 		.4byte	0
 378 0014 00000000 		.4byte	0
 379              		.section	.debug_line,"",%progbits
 380              	.Ldebug_line0:
 381 0000 15010000 		.section	.debug_str,"MS",%progbits,1
 381      02000F01 
 381      00000201 
 381      FB0E0D00 
 381      01010101 
 382              	.LASF9:
 383 0000 5F5F7569 		.ascii	"__uint8_t\000"
 383      6E74385F 
 383      7400
 384              	.LASF16:
 385 000a 63795F6D 		.ascii	"cy_metadata\000"
 385      65746164 
 385      61746100 
 386              	.LASF1:
 387 0016 756E7369 		.ascii	"unsigned char\000"
ARM GAS  C:\Users\nicol\AppData\Local\Temp\ccaWmxPP.s 			page 8


 387      676E6564 
 387      20636861 
 387      7200
 388              	.LASF17:
 389 0024 474E5520 		.ascii	"GNU C11 5.4.1 20160609 (release) [ARM/embedded-5-br"
 389      43313120 
 389      352E342E 
 389      31203230 
 389      31363036 
 390 0057 616E6368 		.ascii	"anch revision 237715] -mcpu=cortex-m3 -mthumb -g -O"
 390      20726576 
 390      6973696F 
 390      6E203233 
 390      37373135 
 391 008a 67202D66 		.ascii	"g -ffunction-sections -ffat-lto-objects\000"
 391      66756E63 
 391      74696F6E 
 391      2D736563 
 391      74696F6E 
 392              	.LASF5:
 393 00b2 6C6F6E67 		.ascii	"long unsigned int\000"
 393      20756E73 
 393      69676E65 
 393      6420696E 
 393      7400
 394              	.LASF3:
 395 00c4 73686F72 		.ascii	"short unsigned int\000"
 395      7420756E 
 395      7369676E 
 395      65642069 
 395      6E7400
 396              	.LASF13:
 397 00d7 63795F6D 		.ascii	"cy_meta_custnvl\000"
 397      6574615F 
 397      63757374 
 397      6E766C00 
 398              	.LASF12:
 399 00e7 63795F6D 		.ascii	"cy_meta_configecc\000"
 399      6574615F 
 399      636F6E66 
 399      69676563 
 399      6300
 400              	.LASF8:
 401 00f9 756E7369 		.ascii	"unsigned int\000"
 401      676E6564 
 401      20696E74 
 401      00
 402              	.LASF7:
 403 0106 6C6F6E67 		.ascii	"long long unsigned int\000"
 403      206C6F6E 
 403      6720756E 
 403      7369676E 
 403      65642069 
 404              	.LASF10:
 405 011d 75696E74 		.ascii	"uint8_t\000"
 405      385F7400 
 406              	.LASF15:
ARM GAS  C:\Users\nicol\AppData\Local\Temp\ccaWmxPP.s 			page 9


 407 0125 63795F6D 		.ascii	"cy_meta_flashprotect\000"
 407      6574615F 
 407      666C6173 
 407      6870726F 
 407      74656374 
 408              	.LASF14:
 409 013a 63795F6D 		.ascii	"cy_meta_wonvl\000"
 409      6574615F 
 409      776F6E76 
 409      6C00
 410              	.LASF11:
 411 0148 73697A65 		.ascii	"sizetype\000"
 411      74797065 
 411      00
 412              	.LASF6:
 413 0151 6C6F6E67 		.ascii	"long long int\000"
 413      206C6F6E 
 413      6720696E 
 413      7400
 414              	.LASF19:
 415 015f 443A5C4E 		.ascii	"D:\\Notes 202324\\ELECH410\\Labs\\Lab1\\Lab1.cydsn\000"
 415      6F746573 
 415      20323032 
 415      3332345C 
 415      454C4543 
 416              	.LASF2:
 417 018d 73686F72 		.ascii	"short int\000"
 417      7420696E 
 417      7400
 418              	.LASF4:
 419 0197 6C6F6E67 		.ascii	"long int\000"
 419      20696E74 
 419      00
 420              	.LASF0:
 421 01a0 7369676E 		.ascii	"signed char\000"
 421      65642063 
 421      68617200 
 422              	.LASF18:
 423 01ac 47656E65 		.ascii	"Generated_Source\\PSoC5\\cymetadata.c\000"
 423      72617465 
 423      645F536F 
 423      75726365 
 423      5C50536F 
 424              		.ident	"GCC: (GNU Tools for ARM Embedded Processors) 5.4.1 20160609 (release) [ARM/embedded-5-bran
