ARM GAS  C:\Users\nicol\AppData\Local\Temp\ccnKzCLW.s 			page 1


   1              		.syntax unified
   2              		.cpu cortex-m3
   3              		.fpu softvfp
   4              		.eabi_attribute 20, 1
   5              		.eabi_attribute 21, 1
   6              		.eabi_attribute 23, 3
   7              		.eabi_attribute 24, 1
   8              		.eabi_attribute 25, 1
   9              		.eabi_attribute 26, 1
  10              		.eabi_attribute 30, 1
  11              		.eabi_attribute 34, 1
  12              		.eabi_attribute 18, 4
  13              		.thumb
  14              		.syntax unified
  15              		.file	"croutine.c"
  16              		.text
  17              	.Ltext0:
  18              		.cfi_sections	.debug_frame
  19              	.Letext0:
  20              		.section	.debug_info,"",%progbits
  21              	.Ldebug_info0:
  22 0000 75000000 		.4byte	0x75
  23 0004 0400     		.2byte	0x4
  24 0006 00000000 		.4byte	.Ldebug_abbrev0
  25 000a 04       		.byte	0x4
  26 000b 01       		.uleb128 0x1
  27 000c 1B000000 		.4byte	.LASF12
  28 0010 0C       		.byte	0xc
  29 0011 BB000000 		.4byte	.LASF13
  30 0015 44010000 		.4byte	.LASF14
  31 0019 00000000 		.4byte	.Ldebug_line0
  32 001d 02       		.uleb128 0x2
  33 001e 04       		.byte	0x4
  34 001f 05       		.byte	0x5
  35 0020 696E7400 		.ascii	"int\000"
  36 0024 03       		.uleb128 0x3
  37 0025 04       		.byte	0x4
  38 0026 07       		.byte	0x7
  39 0027 0E000000 		.4byte	.LASF0
  40 002b 03       		.uleb128 0x3
  41 002c 08       		.byte	0x8
  42 002d 05       		.byte	0x5
  43 002e 00000000 		.4byte	.LASF1
  44 0032 03       		.uleb128 0x3
  45 0033 08       		.byte	0x8
  46 0034 04       		.byte	0x4
  47 0035 25010000 		.4byte	.LASF2
  48 0039 03       		.uleb128 0x3
  49 003a 01       		.byte	0x1
  50 003b 06       		.byte	0x6
  51 003c 19010000 		.4byte	.LASF3
  52 0040 03       		.uleb128 0x3
  53 0041 01       		.byte	0x1
  54 0042 08       		.byte	0x8
  55 0043 EA000000 		.4byte	.LASF4
  56 0047 03       		.uleb128 0x3
  57 0048 02       		.byte	0x2
ARM GAS  C:\Users\nicol\AppData\Local\Temp\ccnKzCLW.s 			page 2


  58 0049 05       		.byte	0x5
  59 004a 31010000 		.4byte	.LASF5
  60 004e 03       		.uleb128 0x3
  61 004f 02       		.byte	0x2
  62 0050 07       		.byte	0x7
  63 0051 06010000 		.4byte	.LASF6
  64 0055 03       		.uleb128 0x3
  65 0056 04       		.byte	0x4
  66 0057 05       		.byte	0x5
  67 0058 FD000000 		.4byte	.LASF7
  68 005c 03       		.uleb128 0x3
  69 005d 04       		.byte	0x4
  70 005e 07       		.byte	0x7
  71 005f A9000000 		.4byte	.LASF8
  72 0063 03       		.uleb128 0x3
  73 0064 08       		.byte	0x8
  74 0065 07       		.byte	0x7
  75 0066 D3000000 		.4byte	.LASF9
  76 006a 03       		.uleb128 0x3
  77 006b 04       		.byte	0x4
  78 006c 07       		.byte	0x7
  79 006d 3B010000 		.4byte	.LASF10
  80 0071 03       		.uleb128 0x3
  81 0072 01       		.byte	0x1
  82 0073 08       		.byte	0x8
  83 0074 F8000000 		.4byte	.LASF11
  84 0078 00       		.byte	0
  85              		.section	.debug_abbrev,"",%progbits
  86              	.Ldebug_abbrev0:
  87 0000 01       		.uleb128 0x1
  88 0001 11       		.uleb128 0x11
  89 0002 01       		.byte	0x1
  90 0003 25       		.uleb128 0x25
  91 0004 0E       		.uleb128 0xe
  92 0005 13       		.uleb128 0x13
  93 0006 0B       		.uleb128 0xb
  94 0007 03       		.uleb128 0x3
  95 0008 0E       		.uleb128 0xe
  96 0009 1B       		.uleb128 0x1b
  97 000a 0E       		.uleb128 0xe
  98 000b 10       		.uleb128 0x10
  99 000c 17       		.uleb128 0x17
 100 000d 00       		.byte	0
 101 000e 00       		.byte	0
 102 000f 02       		.uleb128 0x2
 103 0010 24       		.uleb128 0x24
 104 0011 00       		.byte	0
 105 0012 0B       		.uleb128 0xb
 106 0013 0B       		.uleb128 0xb
 107 0014 3E       		.uleb128 0x3e
 108 0015 0B       		.uleb128 0xb
 109 0016 03       		.uleb128 0x3
 110 0017 08       		.uleb128 0x8
 111 0018 00       		.byte	0
 112 0019 00       		.byte	0
 113 001a 03       		.uleb128 0x3
 114 001b 24       		.uleb128 0x24
ARM GAS  C:\Users\nicol\AppData\Local\Temp\ccnKzCLW.s 			page 3


 115 001c 00       		.byte	0
 116 001d 0B       		.uleb128 0xb
 117 001e 0B       		.uleb128 0xb
 118 001f 3E       		.uleb128 0x3e
 119 0020 0B       		.uleb128 0xb
 120 0021 03       		.uleb128 0x3
 121 0022 0E       		.uleb128 0xe
 122 0023 00       		.byte	0
 123 0024 00       		.byte	0
 124 0025 00       		.byte	0
 125              		.section	.debug_aranges,"",%progbits
 126 0000 14000000 		.4byte	0x14
 127 0004 0200     		.2byte	0x2
 128 0006 00000000 		.4byte	.Ldebug_info0
 129 000a 04       		.byte	0x4
 130 000b 00       		.byte	0
 131 000c 0000     		.2byte	0
 132 000e 0000     		.2byte	0
 133 0010 00000000 		.4byte	0
 134 0014 00000000 		.4byte	0
 135              		.section	.debug_line,"",%progbits
 136              	.Ldebug_line0:
 137 0000 19000000 		.section	.debug_str,"MS",%progbits,1
 137      02001300 
 137      00000201 
 137      FB0E0D00 
 137      01010101 
 138              	.LASF1:
 139 0000 6C6F6E67 		.ascii	"long long int\000"
 139      206C6F6E 
 139      6720696E 
 139      7400
 140              	.LASF0:
 141 000e 756E7369 		.ascii	"unsigned int\000"
 141      676E6564 
 141      20696E74 
 141      00
 142              	.LASF12:
 143 001b 474E5520 		.ascii	"GNU C11 5.4.1 20160609 (release) [ARM/embedded-5-br"
 143      43313120 
 143      352E342E 
 143      31203230 
 143      31363036 
 144 004e 616E6368 		.ascii	"anch revision 237715] -mcpu=cortex-m3 -mthumb -g -O"
 144      20726576 
 144      6973696F 
 144      6E203233 
 144      37373135 
 145 0081 67202D66 		.ascii	"g -ffunction-sections -ffat-lto-objects\000"
 145      66756E63 
 145      74696F6E 
 145      2D736563 
 145      74696F6E 
 146              	.LASF8:
 147 00a9 6C6F6E67 		.ascii	"long unsigned int\000"
 147      20756E73 
 147      69676E65 
ARM GAS  C:\Users\nicol\AppData\Local\Temp\ccnKzCLW.s 			page 4


 147      6420696E 
 147      7400
 148              	.LASF13:
 149 00bb 46726565 		.ascii	"FreeRTOS\\src\\croutine.c\000"
 149      52544F53 
 149      5C737263 
 149      5C63726F 
 149      7574696E 
 150              	.LASF9:
 151 00d3 6C6F6E67 		.ascii	"long long unsigned int\000"
 151      206C6F6E 
 151      6720756E 
 151      7369676E 
 151      65642069 
 152              	.LASF4:
 153 00ea 756E7369 		.ascii	"unsigned char\000"
 153      676E6564 
 153      20636861 
 153      7200
 154              	.LASF11:
 155 00f8 63686172 		.ascii	"char\000"
 155      00
 156              	.LASF7:
 157 00fd 6C6F6E67 		.ascii	"long int\000"
 157      20696E74 
 157      00
 158              	.LASF6:
 159 0106 73686F72 		.ascii	"short unsigned int\000"
 159      7420756E 
 159      7369676E 
 159      65642069 
 159      6E7400
 160              	.LASF3:
 161 0119 7369676E 		.ascii	"signed char\000"
 161      65642063 
 161      68617200 
 162              	.LASF2:
 163 0125 6C6F6E67 		.ascii	"long double\000"
 163      20646F75 
 163      626C6500 
 164              	.LASF5:
 165 0131 73686F72 		.ascii	"short int\000"
 165      7420696E 
 165      7400
 166              	.LASF10:
 167 013b 73697A65 		.ascii	"sizetype\000"
 167      74797065 
 167      00
 168              	.LASF14:
 169 0144 443A5C4E 		.ascii	"D:\\Notes 202324\\ELECH410\\Labs\\Lab3\\ex1_blinky\\"
 169      6F746573 
 169      20323032 
 169      3332345C 
 169      454C4543 
 170 0172 626C696E 		.ascii	"blinky.cydsn\000"
 170      6B792E63 
 170      7964736E 
ARM GAS  C:\Users\nicol\AppData\Local\Temp\ccnKzCLW.s 			page 5


 170      00
 171              		.ident	"GCC: (GNU Tools for ARM Embedded Processors) 5.4.1 20160609 (release) [ARM/embedded-5-bran
