ARM GAS  C:\Users\nicol\AppData\Local\Temp\ccihqcZO.s 			page 1


   1              		.syntax unified
   2              		.cpu cortex-m3
   3              		.fpu softvfp
   4              		.eabi_attribute 20, 1
   5              		.eabi_attribute 21, 1
   6              		.eabi_attribute 23, 3
   7              		.eabi_attribute 24, 1
   8              		.eabi_attribute 25, 1
   9              		.eabi_attribute 26, 1
  10              		.eabi_attribute 30, 1
  11              		.eabi_attribute 34, 1
  12              		.eabi_attribute 18, 4
  13              		.thumb
  14              		.syntax unified
  15              		.file	"cymetadata.c"
  16              		.text
  17              	.Ltext0:
  18              		.cfi_sections	.debug_frame
  19              		.global	cy_metadata
  20              		.global	cy_meta_flashprotect
  21              		.global	cy_meta_wonvl
  22              		.global	cy_meta_custnvl
  23              		.global	cy_meta_configecc
  24              		.section	.cyconfigecc,"a",%progbits
  25              		.align	2
  26              		.type	cy_meta_configecc, %object
  27              		.size	cy_meta_configecc, 412
  28              	cy_meta_configecc:
  29 0000 01       		.byte	1
  30 0001 45       		.byte	69
  31 0002 00       		.byte	0
  32 0003 40       		.byte	64
  33 0004 01       		.byte	1
  34 0005 64       		.byte	100
  35 0006 00       		.byte	0
  36 0007 40       		.byte	64
  37 0008 01       		.byte	1
  38 0009 03       		.byte	3
  39 000a 01       		.byte	1
  40 000b 40       		.byte	64
  41 000c 01       		.byte	1
  42 000d 09       		.byte	9
  43 000e 01       		.byte	1
  44 000f 40       		.byte	64
  45 0010 2B       		.byte	43
  46 0011 0A       		.byte	10
  47 0012 01       		.byte	1
  48 0013 40       		.byte	64
  49 0014 0A       		.byte	10
  50 0015 0B       		.byte	11
  51 0016 01       		.byte	1
  52 0017 40       		.byte	64
  53 0018 1F       		.byte	31
  54 0019 0C       		.byte	12
  55 001a 01       		.byte	1
  56 001b 40       		.byte	64
  57 001c 13       		.byte	19
ARM GAS  C:\Users\nicol\AppData\Local\Temp\ccihqcZO.s 			page 2


  58 001d 0D       		.byte	13
  59 001e 01       		.byte	1
  60 001f 40       		.byte	64
  61 0020 01       		.byte	1
  62 0021 15       		.byte	21
  63 0022 01       		.byte	1
  64 0023 40       		.byte	64
  65 0024 01       		.byte	1
  66 0025 1B       		.byte	27
  67 0026 01       		.byte	1
  68 0027 40       		.byte	64
  69 0028 02       		.byte	2
  70 0029 40       		.byte	64
  71 002a 01       		.byte	1
  72 002b 40       		.byte	64
  73 002c 03       		.byte	3
  74 002d 41       		.byte	65
  75 002e 01       		.byte	1
  76 002f 40       		.byte	64
  77 0030 02       		.byte	2
  78 0031 44       		.byte	68
  79 0032 01       		.byte	1
  80 0033 40       		.byte	64
  81 0034 01       		.byte	1
  82 0035 45       		.byte	69
  83 0036 01       		.byte	1
  84 0037 40       		.byte	64
  85 0038 03       		.byte	3
  86 0039 46       		.byte	70
  87 003a 01       		.byte	1
  88 003b 40       		.byte	64
  89 003c 03       		.byte	3
  90 003d 47       		.byte	71
  91 003e 01       		.byte	1
  92 003f 40       		.byte	64
  93 0040 02       		.byte	2
  94 0041 48       		.byte	72
  95 0042 01       		.byte	1
  96 0043 40       		.byte	64
  97 0044 01       		.byte	1
  98 0045 49       		.byte	73
  99 0046 01       		.byte	1
 100 0047 40       		.byte	64
 101 0048 01       		.byte	1
 102 0049 4C       		.byte	76
 103 004a 01       		.byte	1
 104 004b 40       		.byte	64
 105 004c 02       		.byte	2
 106 004d 4D       		.byte	77
 107 004e 01       		.byte	1
 108 004f 40       		.byte	64
 109 0050 03       		.byte	3
 110 0051 50       		.byte	80
 111 0052 01       		.byte	1
 112 0053 40       		.byte	64
 113 0054 01       		.byte	1
 114 0055 51       		.byte	81
ARM GAS  C:\Users\nicol\AppData\Local\Temp\ccihqcZO.s 			page 3


 115 0056 01       		.byte	1
 116 0057 40       		.byte	64
 117 0058 65       		.byte	101
 118 0059 01       		.byte	1
 119 005a 8C       		.byte	-116
 120 005b 0D       		.byte	13
 121 005c E6       		.byte	-26
 122 005d 02       		.byte	2
 123 005e B4       		.byte	-76
 124 005f 01       		.byte	1
 125 0060 38       		.byte	56
 126 0061 80       		.byte	-128
 127 0062 3E       		.byte	62
 128 0063 40       		.byte	64
 129 0064 40       		.byte	64
 130 0065 54       		.byte	84
 131 0066 49       		.byte	73
 132 0067 FF       		.byte	-1
 133 0068 4A       		.byte	74
 134 0069 FF       		.byte	-1
 135 006a 4B       		.byte	75
 136 006b FF       		.byte	-1
 137 006c 4F       		.byte	79
 138 006d 01       		.byte	1
 139 006e 50       		.byte	80
 140 006f 18       		.byte	24
 141 0070 52       		.byte	82
 142 0071 80       		.byte	-128
 143 0072 58       		.byte	88
 144 0073 04       		.byte	4
 145 0074 5A       		.byte	90
 146 0075 04       		.byte	4
 147 0076 5B       		.byte	91
 148 0077 04       		.byte	4
 149 0078 5D       		.byte	93
 150 0079 99       		.byte	-103
 151 007a 5F       		.byte	95
 152 007b 01       		.byte	1
 153 007c 60       		.byte	96
 154 007d 40       		.byte	64
 155 007e 62       		.byte	98
 156 007f 40       		.byte	64
 157 0080 64       		.byte	100
 158 0081 40       		.byte	64
 159 0082 65       		.byte	101
 160 0083 40       		.byte	64
 161 0084 66       		.byte	102
 162 0085 80       		.byte	-128
 163 0086 68       		.byte	104
 164 0087 80       		.byte	-128
 165 0088 6A       		.byte	106
 166 0089 80       		.byte	-128
 167 008a 6C       		.byte	108
 168 008b 80       		.byte	-128
 169 008c 6E       		.byte	110
 170 008d 80       		.byte	-128
 171 008e C0       		.byte	-64
ARM GAS  C:\Users\nicol\AppData\Local\Temp\ccihqcZO.s 			page 4


 172 008f 54       		.byte	84
 173 0090 C9       		.byte	-55
 174 0091 FF       		.byte	-1
 175 0092 CA       		.byte	-54
 176 0093 FF       		.byte	-1
 177 0094 CB       		.byte	-53
 178 0095 FF       		.byte	-1
 179 0096 CD       		.byte	-51
 180 0097 83       		.byte	-125
 181 0098 CE       		.byte	-50
 182 0099 03       		.byte	3
 183 009a CF       		.byte	-49
 184 009b 01       		.byte	1
 185 009c D0       		.byte	-48
 186 009d 18       		.byte	24
 187 009e DA       		.byte	-38
 188 009f 04       		.byte	4
 189 00a0 DD       		.byte	-35
 190 00a1 09       		.byte	9
 191 00a2 DF       		.byte	-33
 192 00a3 01       		.byte	1
 193 00a4 E0       		.byte	-32
 194 00a5 40       		.byte	64
 195 00a6 E2       		.byte	-30
 196 00a7 40       		.byte	64
 197 00a8 E4       		.byte	-28
 198 00a9 40       		.byte	64
 199 00aa E5       		.byte	-27
 200 00ab 40       		.byte	64
 201 00ac E6       		.byte	-26
 202 00ad 80       		.byte	-128
 203 00ae E8       		.byte	-24
 204 00af 80       		.byte	-128
 205 00b0 EA       		.byte	-22
 206 00b1 80       		.byte	-128
 207 00b2 EC       		.byte	-20
 208 00b3 80       		.byte	-128
 209 00b4 EE       		.byte	-18
 210 00b5 80       		.byte	-128
 211 00b6 18       		.byte	24
 212 00b7 02       		.byte	2
 213 00b8 42       		.byte	66
 214 00b9 80       		.byte	-128
 215 00ba 46       		.byte	70
 216 00bb 80       		.byte	-128
 217 00bc 48       		.byte	72
 218 00bd 02       		.byte	2
 219 00be 4C       		.byte	76
 220 00bf 02       		.byte	2
 221 00c0 70       		.byte	112
 222 00c1 02       		.byte	2
 223 00c2 9A       		.byte	-102
 224 00c3 80       		.byte	-128
 225 00c4 A4       		.byte	-92
 226 00c5 02       		.byte	2
 227 00c6 D0       		.byte	-48
 228 00c7 81       		.byte	-127
ARM GAS  C:\Users\nicol\AppData\Local\Temp\ccihqcZO.s 			page 5


 229 00c8 D2       		.byte	-46
 230 00c9 18       		.byte	24
 231 00ca 12       		.byte	18
 232 00cb 01       		.byte	1
 233 00cc 22       		.byte	34
 234 00cd 01       		.byte	1
 235 00ce 30       		.byte	48
 236 00cf 01       		.byte	1
 237 00d0 3E       		.byte	62
 238 00d1 01       		.byte	1
 239 00d2 40       		.byte	64
 240 00d3 54       		.byte	84
 241 00d4 45       		.byte	69
 242 00d5 EC       		.byte	-20
 243 00d6 46       		.byte	70
 244 00d7 02       		.byte	2
 245 00d8 48       		.byte	72
 246 00d9 07       		.byte	7
 247 00da 49       		.byte	73
 248 00db FF       		.byte	-1
 249 00dc 4A       		.byte	74
 250 00dd FF       		.byte	-1
 251 00de 4B       		.byte	75
 252 00df FF       		.byte	-1
 253 00e0 4D       		.byte	77
 254 00e1 83       		.byte	-125
 255 00e2 4E       		.byte	78
 256 00e3 03       		.byte	3
 257 00e4 4F       		.byte	79
 258 00e5 01       		.byte	1
 259 00e6 50       		.byte	80
 260 00e7 18       		.byte	24
 261 00e8 54       		.byte	84
 262 00e9 01       		.byte	1
 263 00ea 56       		.byte	86
 264 00eb 04       		.byte	4
 265 00ec 58       		.byte	88
 266 00ed 04       		.byte	4
 267 00ee 5A       		.byte	90
 268 00ef 04       		.byte	4
 269 00f0 5B       		.byte	91
 270 00f1 04       		.byte	4
 271 00f2 5D       		.byte	93
 272 00f3 99       		.byte	-103
 273 00f4 5F       		.byte	95
 274 00f5 01       		.byte	1
 275 00f6 60       		.byte	96
 276 00f7 40       		.byte	64
 277 00f8 62       		.byte	98
 278 00f9 40       		.byte	64
 279 00fa 64       		.byte	100
 280 00fb 40       		.byte	64
 281 00fc 65       		.byte	101
 282 00fd 40       		.byte	64
 283 00fe 66       		.byte	102
 284 00ff 80       		.byte	-128
 285 0100 68       		.byte	104
ARM GAS  C:\Users\nicol\AppData\Local\Temp\ccihqcZO.s 			page 6


 286 0101 80       		.byte	-128
 287 0102 6A       		.byte	106
 288 0103 80       		.byte	-128
 289 0104 6C       		.byte	108
 290 0105 80       		.byte	-128
 291 0106 6E       		.byte	110
 292 0107 80       		.byte	-128
 293 0108 0C       		.byte	12
 294 0109 02       		.byte	2
 295 010a 16       		.byte	22
 296 010b 80       		.byte	-128
 297 010c 1E       		.byte	30
 298 010d 80       		.byte	-128
 299 010e 46       		.byte	70
 300 010f 80       		.byte	-128
 301 0110 4C       		.byte	76
 302 0111 02       		.byte	2
 303 0112 4D       		.byte	77
 304 0113 04       		.byte	4
 305 0114 4F       		.byte	79
 306 0115 01       		.byte	1
 307 0116 56       		.byte	86
 308 0117 80       		.byte	-128
 309 0118 5D       		.byte	93
 310 0119 04       		.byte	4
 311 011a 5E       		.byte	94
 312 011b 80       		.byte	-128
 313 011c 5F       		.byte	95
 314 011d 01       		.byte	1
 315 011e 67       		.byte	103
 316 011f 40       		.byte	64
 317 0120 87       		.byte	-121
 318 0121 40       		.byte	64
 319 0122 C2       		.byte	-62
 320 0123 10       		.byte	16
 321 0124 C4       		.byte	-60
 322 0125 10       		.byte	16
 323 0126 D0       		.byte	-48
 324 0127 80       		.byte	-128
 325 0128 D2       		.byte	-46
 326 0129 10       		.byte	16
 327 012a D6       		.byte	-42
 328 012b D0       		.byte	-48
 329 012c D8       		.byte	-40
 330 012d 80       		.byte	-128
 331 012e EC       		.byte	-20
 332 012f 10       		.byte	16
 333 0130 EC       		.byte	-20
 334 0131 10       		.byte	16
 335 0132 32       		.byte	50
 336 0133 20       		.byte	32
 337 0134 CC       		.byte	-52
 338 0135 10       		.byte	16
 339 0136 86       		.byte	-122
 340 0137 20       		.byte	32
 341 0138 A6       		.byte	-90
 342 0139 20       		.byte	32
ARM GAS  C:\Users\nicol\AppData\Local\Temp\ccihqcZO.s 			page 7


 343 013a E6       		.byte	-26
 344 013b 40       		.byte	64
 345 013c 7C       		.byte	124
 346 013d 08       		.byte	8
 347 013e DE       		.byte	-34
 348 013f 01       		.byte	1
 349 0140 9C       		.byte	-100
 350 0141 08       		.byte	8
 351 0142 45       		.byte	69
 352 0143 08       		.byte	8
 353 0144 9C       		.byte	-100
 354 0145 08       		.byte	8
 355 0146 D0       		.byte	-48
 356 0147 01       		.byte	1
 357 0148 A5       		.byte	-91
 358 0149 08       		.byte	8
 359 014a B4       		.byte	-76
 360 014b 08       		.byte	8
 361 014c E8       		.byte	-24
 362 014d 02       		.byte	2
 363 014e 25       		.byte	37
 364 014f 10       		.byte	16
 365 0150 C8       		.byte	-56
 366 0151 20       		.byte	32
 367 0152 B5       		.byte	-75
 368 0153 10       		.byte	16
 369 0154 A5       		.byte	-91
 370 0155 08       		.byte	8
 371 0156 B5       		.byte	-75
 372 0157 08       		.byte	8
 373 0158 EC       		.byte	-20
 374 0159 08       		.byte	8
 375 015a 01       		.byte	1
 376 015b 01       		.byte	1
 377 015c 0D       		.byte	13
 378 015d 01       		.byte	1
 379 015e 0F       		.byte	15
 380 015f 01       		.byte	1
 381 0160 00       		.byte	0
 382 0161 03       		.byte	3
 383 0162 00       		.byte	0
 384 0163 00       		.byte	0
 385 0164 00       		.byte	0
 386 0165 63       		.byte	99
 387 0166 63       		.byte	99
 388 0167 00       		.byte	0
 389 0168 00       		.byte	0
 390 0169 00       		.byte	0
 391 016a 80       		.byte	-128
 392 016b 00       		.byte	0
 393 016c 3C       		.byte	60
 394 016d 00       		.byte	0
 395 016e 00       		.byte	0
 396 016f 00       		.byte	0
 397 0170 00       		.byte	0
 398 0171 00       		.byte	0
 399 0172 00       		.byte	0
ARM GAS  C:\Users\nicol\AppData\Local\Temp\ccihqcZO.s 			page 8


 400 0173 00       		.byte	0
 401 0174 00       		.byte	0
 402 0175 0F       		.byte	15
 403 0176 0F       		.byte	15
 404 0177 00       		.byte	0
 405 0178 00       		.byte	0
 406 0179 00       		.byte	0
 407 017a 00       		.byte	0
 408 017b 00       		.byte	0
 409 017c 00       		.byte	0
 410 017d 0B       		.byte	11
 411 017e 0B       		.byte	11
 412 017f 00       		.byte	0
 413 0180 00       		.byte	0
 414 0181 00       		.byte	0
 415 0182 00       		.byte	0
 416 0183 00       		.byte	0
 417 0184 00       		.byte	0
 418 0185 7F       		.byte	127
 419 0186 7F       		.byte	127
 420 0187 00       		.byte	0
 421 0188 00       		.byte	0
 422 0189 00       		.byte	0
 423 018a 00       		.byte	0
 424 018b 00       		.byte	0
 425 018c F0       		.byte	-16
 426 018d 00       		.byte	0
 427 018e 00       		.byte	0
 428 018f F0       		.byte	-16
 429 0190 0B       		.byte	11
 430 0191 00       		.byte	0
 431 0192 00       		.byte	0
 432 0193 00       		.byte	0
 433 0194 00       		.byte	0
 434 0195 00       		.byte	0
 435 0196 00       		.byte	0
 436 0197 00       		.byte	0
 437 0198 2A       		.byte	42
 438 0199 00       		.byte	0
 439 019a 18       		.byte	24
 440 019b 01       		.byte	1
 441              		.section	.cywolatch,"a",%progbits
 442              		.align	2
 443              		.type	cy_meta_wonvl, %object
 444              		.size	cy_meta_wonvl, 4
 445              	cy_meta_wonvl:
 446 0000 BC       		.byte	-68
 447 0001 90       		.byte	-112
 448 0002 AC       		.byte	-84
 449 0003 AF       		.byte	-81
 450              		.section	.cycustnvl,"a",%progbits
 451              		.align	2
 452              		.type	cy_meta_custnvl, %object
 453              		.size	cy_meta_custnvl, 4
 454              	cy_meta_custnvl:
 455 0000 00       		.byte	0
 456 0001 00       		.byte	0
ARM GAS  C:\Users\nicol\AppData\Local\Temp\ccihqcZO.s 			page 9


 457 0002 40       		.byte	64
 458 0003 05       		.byte	5
 459              		.section	.cymeta,"a",%progbits
 460              		.align	2
 461              		.type	cy_metadata, %object
 462              		.size	cy_metadata, 12
 463              	cy_metadata:
 464 0000 00       		.byte	0
 465 0001 01       		.byte	1
 466 0002 2E       		.byte	46
 467 0003 16       		.byte	22
 468 0004 10       		.byte	16
 469 0005 69       		.byte	105
 470 0006 00       		.byte	0
 471 0007 01       		.byte	1
 472 0008 00       		.byte	0
 473 0009 00       		.byte	0
 474 000a 00       		.byte	0
 475 000b 00       		.byte	0
 476              		.section	.cyflashprotect,"a",%progbits
 477              		.align	2
 478              		.type	cy_meta_flashprotect, %object
 479              		.size	cy_meta_flashprotect, 256
 480              	cy_meta_flashprotect:
 481 0000 00000000 		.space	256
 481      00000000 
 481      00000000 
 481      00000000 
 481      00000000 
 482              		.text
 483              	.Letext0:
 484              		.file 1 "d:\\cypress\\psoc creator\\4.4\\psoc creator\\import\\gnu\\arm\\5.4.1\\arm-none-eabi\\inc
 485              		.file 2 "d:\\cypress\\psoc creator\\4.4\\psoc creator\\import\\gnu\\arm\\5.4.1\\arm-none-eabi\\inc
 486              		.file 3 "Generated_Source\\PSoC5\\cymetadata.c"
 487              		.section	.debug_info,"",%progbits
 488              	.Ldebug_info0:
 489 0000 31010000 		.4byte	0x131
 490 0004 0400     		.2byte	0x4
 491 0006 00000000 		.4byte	.Ldebug_abbrev0
 492 000a 04       		.byte	0x4
 493 000b 01       		.uleb128 0x1
 494 000c 52000000 		.4byte	.LASF17
 495 0010 0C       		.byte	0xc
 496 0011 AC010000 		.4byte	.LASF18
 497 0015 16000000 		.4byte	.LASF19
 498 0019 00000000 		.4byte	.Ldebug_line0
 499 001d 02       		.uleb128 0x2
 500 001e 01       		.byte	0x1
 501 001f 06       		.byte	0x6
 502 0020 A0010000 		.4byte	.LASF0
 503 0024 03       		.uleb128 0x3
 504 0025 00000000 		.4byte	.LASF9
 505 0029 01       		.byte	0x1
 506 002a 1D       		.byte	0x1d
 507 002b 2F000000 		.4byte	0x2f
 508 002f 02       		.uleb128 0x2
 509 0030 01       		.byte	0x1
ARM GAS  C:\Users\nicol\AppData\Local\Temp\ccihqcZO.s 			page 10


 510 0031 08       		.byte	0x8
 511 0032 44000000 		.4byte	.LASF1
 512 0036 02       		.uleb128 0x2
 513 0037 02       		.byte	0x2
 514 0038 05       		.byte	0x5
 515 0039 8D010000 		.4byte	.LASF2
 516 003d 02       		.uleb128 0x2
 517 003e 02       		.byte	0x2
 518 003f 07       		.byte	0x7
 519 0040 F2000000 		.4byte	.LASF3
 520 0044 02       		.uleb128 0x2
 521 0045 04       		.byte	0x4
 522 0046 05       		.byte	0x5
 523 0047 97010000 		.4byte	.LASF4
 524 004b 02       		.uleb128 0x2
 525 004c 04       		.byte	0x4
 526 004d 07       		.byte	0x7
 527 004e E0000000 		.4byte	.LASF5
 528 0052 02       		.uleb128 0x2
 529 0053 08       		.byte	0x8
 530 0054 05       		.byte	0x5
 531 0055 7F010000 		.4byte	.LASF6
 532 0059 02       		.uleb128 0x2
 533 005a 08       		.byte	0x8
 534 005b 07       		.byte	0x7
 535 005c 34010000 		.4byte	.LASF7
 536 0060 04       		.uleb128 0x4
 537 0061 04       		.byte	0x4
 538 0062 05       		.byte	0x5
 539 0063 696E7400 		.ascii	"int\000"
 540 0067 02       		.uleb128 0x2
 541 0068 04       		.byte	0x4
 542 0069 07       		.byte	0x7
 543 006a 27010000 		.4byte	.LASF8
 544 006e 03       		.uleb128 0x3
 545 006f 4B010000 		.4byte	.LASF10
 546 0073 02       		.byte	0x2
 547 0074 18       		.byte	0x18
 548 0075 24000000 		.4byte	0x24
 549 0079 05       		.uleb128 0x5
 550 007a 91000000 		.4byte	0x91
 551 007e 8A000000 		.4byte	0x8a
 552 0082 06       		.uleb128 0x6
 553 0083 8A000000 		.4byte	0x8a
 554 0087 9B01     		.2byte	0x19b
 555 0089 00       		.byte	0
 556 008a 02       		.uleb128 0x2
 557 008b 04       		.byte	0x4
 558 008c 07       		.byte	0x7
 559 008d 76010000 		.4byte	.LASF11
 560 0091 07       		.uleb128 0x7
 561 0092 6E000000 		.4byte	0x6e
 562 0096 08       		.uleb128 0x8
 563 0097 15010000 		.4byte	.LASF12
 564 009b 03       		.byte	0x3
 565 009c 1F       		.byte	0x1f
 566 009d A7000000 		.4byte	0xa7
ARM GAS  C:\Users\nicol\AppData\Local\Temp\ccihqcZO.s 			page 11


 567 00a1 05       		.uleb128 0x5
 568 00a2 03       		.byte	0x3
 569 00a3 00000000 		.4byte	cy_meta_configecc
 570 00a7 07       		.uleb128 0x7
 571 00a8 79000000 		.4byte	0x79
 572 00ac 05       		.uleb128 0x5
 573 00ad 91000000 		.4byte	0x91
 574 00b1 BC000000 		.4byte	0xbc
 575 00b5 09       		.uleb128 0x9
 576 00b6 8A000000 		.4byte	0x8a
 577 00ba 03       		.byte	0x3
 578 00bb 00       		.byte	0
 579 00bc 08       		.uleb128 0x8
 580 00bd 05010000 		.4byte	.LASF13
 581 00c1 03       		.byte	0x3
 582 00c2 60       		.byte	0x60
 583 00c3 CD000000 		.4byte	0xcd
 584 00c7 05       		.uleb128 0x5
 585 00c8 03       		.byte	0x3
 586 00c9 00000000 		.4byte	cy_meta_custnvl
 587 00cd 07       		.uleb128 0x7
 588 00ce AC000000 		.4byte	0xac
 589 00d2 08       		.uleb128 0x8
 590 00d3 68010000 		.4byte	.LASF14
 591 00d7 03       		.byte	0x3
 592 00d8 6E       		.byte	0x6e
 593 00d9 E3000000 		.4byte	0xe3
 594 00dd 05       		.uleb128 0x5
 595 00de 03       		.byte	0x3
 596 00df 00000000 		.4byte	cy_meta_wonvl
 597 00e3 07       		.uleb128 0x7
 598 00e4 AC000000 		.4byte	0xac
 599 00e8 05       		.uleb128 0x5
 600 00e9 91000000 		.4byte	0x91
 601 00ed F8000000 		.4byte	0xf8
 602 00f1 09       		.uleb128 0x9
 603 00f2 8A000000 		.4byte	0x8a
 604 00f6 FF       		.byte	0xff
 605 00f7 00       		.byte	0
 606 00f8 08       		.uleb128 0x8
 607 00f9 53010000 		.4byte	.LASF15
 608 00fd 03       		.byte	0x3
 609 00fe 7C       		.byte	0x7c
 610 00ff 09010000 		.4byte	0x109
 611 0103 05       		.uleb128 0x5
 612 0104 03       		.byte	0x3
 613 0105 00000000 		.4byte	cy_meta_flashprotect
 614 0109 07       		.uleb128 0x7
 615 010a E8000000 		.4byte	0xe8
 616 010e 05       		.uleb128 0x5
 617 010f 91000000 		.4byte	0x91
 618 0113 1E010000 		.4byte	0x11e
 619 0117 09       		.uleb128 0x9
 620 0118 8A000000 		.4byte	0x8a
 621 011c 0B       		.byte	0xb
 622 011d 00       		.byte	0
 623 011e 08       		.uleb128 0x8
ARM GAS  C:\Users\nicol\AppData\Local\Temp\ccihqcZO.s 			page 12


 624 011f 0A000000 		.4byte	.LASF16
 625 0123 03       		.byte	0x3
 626 0124 A9       		.byte	0xa9
 627 0125 2F010000 		.4byte	0x12f
 628 0129 05       		.uleb128 0x5
 629 012a 03       		.byte	0x3
 630 012b 00000000 		.4byte	cy_metadata
 631 012f 07       		.uleb128 0x7
 632 0130 0E010000 		.4byte	0x10e
 633 0134 00       		.byte	0
 634              		.section	.debug_abbrev,"",%progbits
 635              	.Ldebug_abbrev0:
 636 0000 01       		.uleb128 0x1
 637 0001 11       		.uleb128 0x11
 638 0002 01       		.byte	0x1
 639 0003 25       		.uleb128 0x25
 640 0004 0E       		.uleb128 0xe
 641 0005 13       		.uleb128 0x13
 642 0006 0B       		.uleb128 0xb
 643 0007 03       		.uleb128 0x3
 644 0008 0E       		.uleb128 0xe
 645 0009 1B       		.uleb128 0x1b
 646 000a 0E       		.uleb128 0xe
 647 000b 10       		.uleb128 0x10
 648 000c 17       		.uleb128 0x17
 649 000d 00       		.byte	0
 650 000e 00       		.byte	0
 651 000f 02       		.uleb128 0x2
 652 0010 24       		.uleb128 0x24
 653 0011 00       		.byte	0
 654 0012 0B       		.uleb128 0xb
 655 0013 0B       		.uleb128 0xb
 656 0014 3E       		.uleb128 0x3e
 657 0015 0B       		.uleb128 0xb
 658 0016 03       		.uleb128 0x3
 659 0017 0E       		.uleb128 0xe
 660 0018 00       		.byte	0
 661 0019 00       		.byte	0
 662 001a 03       		.uleb128 0x3
 663 001b 16       		.uleb128 0x16
 664 001c 00       		.byte	0
 665 001d 03       		.uleb128 0x3
 666 001e 0E       		.uleb128 0xe
 667 001f 3A       		.uleb128 0x3a
 668 0020 0B       		.uleb128 0xb
 669 0021 3B       		.uleb128 0x3b
 670 0022 0B       		.uleb128 0xb
 671 0023 49       		.uleb128 0x49
 672 0024 13       		.uleb128 0x13
 673 0025 00       		.byte	0
 674 0026 00       		.byte	0
 675 0027 04       		.uleb128 0x4
 676 0028 24       		.uleb128 0x24
 677 0029 00       		.byte	0
 678 002a 0B       		.uleb128 0xb
 679 002b 0B       		.uleb128 0xb
 680 002c 3E       		.uleb128 0x3e
ARM GAS  C:\Users\nicol\AppData\Local\Temp\ccihqcZO.s 			page 13


 681 002d 0B       		.uleb128 0xb
 682 002e 03       		.uleb128 0x3
 683 002f 08       		.uleb128 0x8
 684 0030 00       		.byte	0
 685 0031 00       		.byte	0
 686 0032 05       		.uleb128 0x5
 687 0033 01       		.uleb128 0x1
 688 0034 01       		.byte	0x1
 689 0035 49       		.uleb128 0x49
 690 0036 13       		.uleb128 0x13
 691 0037 01       		.uleb128 0x1
 692 0038 13       		.uleb128 0x13
 693 0039 00       		.byte	0
 694 003a 00       		.byte	0
 695 003b 06       		.uleb128 0x6
 696 003c 21       		.uleb128 0x21
 697 003d 00       		.byte	0
 698 003e 49       		.uleb128 0x49
 699 003f 13       		.uleb128 0x13
 700 0040 2F       		.uleb128 0x2f
 701 0041 05       		.uleb128 0x5
 702 0042 00       		.byte	0
 703 0043 00       		.byte	0
 704 0044 07       		.uleb128 0x7
 705 0045 26       		.uleb128 0x26
 706 0046 00       		.byte	0
 707 0047 49       		.uleb128 0x49
 708 0048 13       		.uleb128 0x13
 709 0049 00       		.byte	0
 710 004a 00       		.byte	0
 711 004b 08       		.uleb128 0x8
 712 004c 34       		.uleb128 0x34
 713 004d 00       		.byte	0
 714 004e 03       		.uleb128 0x3
 715 004f 0E       		.uleb128 0xe
 716 0050 3A       		.uleb128 0x3a
 717 0051 0B       		.uleb128 0xb
 718 0052 3B       		.uleb128 0x3b
 719 0053 0B       		.uleb128 0xb
 720 0054 49       		.uleb128 0x49
 721 0055 13       		.uleb128 0x13
 722 0056 3F       		.uleb128 0x3f
 723 0057 19       		.uleb128 0x19
 724 0058 02       		.uleb128 0x2
 725 0059 18       		.uleb128 0x18
 726 005a 00       		.byte	0
 727 005b 00       		.byte	0
 728 005c 09       		.uleb128 0x9
 729 005d 21       		.uleb128 0x21
 730 005e 00       		.byte	0
 731 005f 49       		.uleb128 0x49
 732 0060 13       		.uleb128 0x13
 733 0061 2F       		.uleb128 0x2f
 734 0062 0B       		.uleb128 0xb
 735 0063 00       		.byte	0
 736 0064 00       		.byte	0
 737 0065 00       		.byte	0
ARM GAS  C:\Users\nicol\AppData\Local\Temp\ccihqcZO.s 			page 14


 738              		.section	.debug_aranges,"",%progbits
 739 0000 14000000 		.4byte	0x14
 740 0004 0200     		.2byte	0x2
 741 0006 00000000 		.4byte	.Ldebug_info0
 742 000a 04       		.byte	0x4
 743 000b 00       		.byte	0
 744 000c 0000     		.2byte	0
 745 000e 0000     		.2byte	0
 746 0010 00000000 		.4byte	0
 747 0014 00000000 		.4byte	0
 748              		.section	.debug_line,"",%progbits
 749              	.Ldebug_line0:
 750 0000 15010000 		.section	.debug_str,"MS",%progbits,1
 750      02000F01 
 750      00000201 
 750      FB0E0D00 
 750      01010101 
 751              	.LASF9:
 752 0000 5F5F7569 		.ascii	"__uint8_t\000"
 752      6E74385F 
 752      7400
 753              	.LASF16:
 754 000a 63795F6D 		.ascii	"cy_metadata\000"
 754      65746164 
 754      61746100 
 755              	.LASF19:
 756 0016 443A5C4E 		.ascii	"D:\\Notes 202324\\ELECH410\\Labs\\Lab2\\Lab2.cydsn\000"
 756      6F746573 
 756      20323032 
 756      3332345C 
 756      454C4543 
 757              	.LASF1:
 758 0044 756E7369 		.ascii	"unsigned char\000"
 758      676E6564 
 758      20636861 
 758      7200
 759              	.LASF17:
 760 0052 474E5520 		.ascii	"GNU C11 5.4.1 20160609 (release) [ARM/embedded-5-br"
 760      43313120 
 760      352E342E 
 760      31203230 
 760      31363036 
 761 0085 616E6368 		.ascii	"anch revision 237715] -mcpu=cortex-m3 -mthumb -g -O"
 761      20726576 
 761      6973696F 
 761      6E203233 
 761      37373135 
 762 00b8 67202D66 		.ascii	"g -ffunction-sections -ffat-lto-objects\000"
 762      66756E63 
 762      74696F6E 
 762      2D736563 
 762      74696F6E 
 763              	.LASF5:
 764 00e0 6C6F6E67 		.ascii	"long unsigned int\000"
 764      20756E73 
 764      69676E65 
 764      6420696E 
ARM GAS  C:\Users\nicol\AppData\Local\Temp\ccihqcZO.s 			page 15


 764      7400
 765              	.LASF3:
 766 00f2 73686F72 		.ascii	"short unsigned int\000"
 766      7420756E 
 766      7369676E 
 766      65642069 
 766      6E7400
 767              	.LASF13:
 768 0105 63795F6D 		.ascii	"cy_meta_custnvl\000"
 768      6574615F 
 768      63757374 
 768      6E766C00 
 769              	.LASF12:
 770 0115 63795F6D 		.ascii	"cy_meta_configecc\000"
 770      6574615F 
 770      636F6E66 
 770      69676563 
 770      6300
 771              	.LASF8:
 772 0127 756E7369 		.ascii	"unsigned int\000"
 772      676E6564 
 772      20696E74 
 772      00
 773              	.LASF7:
 774 0134 6C6F6E67 		.ascii	"long long unsigned int\000"
 774      206C6F6E 
 774      6720756E 
 774      7369676E 
 774      65642069 
 775              	.LASF10:
 776 014b 75696E74 		.ascii	"uint8_t\000"
 776      385F7400 
 777              	.LASF15:
 778 0153 63795F6D 		.ascii	"cy_meta_flashprotect\000"
 778      6574615F 
 778      666C6173 
 778      6870726F 
 778      74656374 
 779              	.LASF14:
 780 0168 63795F6D 		.ascii	"cy_meta_wonvl\000"
 780      6574615F 
 780      776F6E76 
 780      6C00
 781              	.LASF11:
 782 0176 73697A65 		.ascii	"sizetype\000"
 782      74797065 
 782      00
 783              	.LASF6:
 784 017f 6C6F6E67 		.ascii	"long long int\000"
 784      206C6F6E 
 784      6720696E 
 784      7400
 785              	.LASF2:
 786 018d 73686F72 		.ascii	"short int\000"
 786      7420696E 
 786      7400
 787              	.LASF4:
ARM GAS  C:\Users\nicol\AppData\Local\Temp\ccihqcZO.s 			page 16


 788 0197 6C6F6E67 		.ascii	"long int\000"
 788      20696E74 
 788      00
 789              	.LASF0:
 790 01a0 7369676E 		.ascii	"signed char\000"
 790      65642063 
 790      68617200 
 791              	.LASF18:
 792 01ac 47656E65 		.ascii	"Generated_Source\\PSoC5\\cymetadata.c\000"
 792      72617465 
 792      645F536F 
 792      75726365 
 792      5C50536F 
 793              		.ident	"GCC: (GNU Tools for ARM Embedded Processors) 5.4.1 20160609 (release) [ARM/embedded-5-bran
