ARM GAS  C:\Users\nicol\AppData\Local\Temp\cc6elRG1.s 			page 1


   1              		.syntax unified
   2              		.cpu cortex-m3
   3              		.fpu softvfp
   4              		.eabi_attribute 20, 1
   5              		.eabi_attribute 21, 1
   6              		.eabi_attribute 23, 3
   7              		.eabi_attribute 24, 1
   8              		.eabi_attribute 25, 1
   9              		.eabi_attribute 26, 1
  10              		.eabi_attribute 30, 1
  11              		.eabi_attribute 34, 1
  12              		.eabi_attribute 18, 4
  13              		.thumb
  14              		.syntax unified
  15              		.file	"main.c"
  16              		.text
  17              	.Ltext0:
  18              		.cfi_sections	.debug_frame
  19              		.section	.text.handler,"ax",%progbits
  20              		.align	2
  21              		.global	handler
  22              		.thumb
  23              		.thumb_func
  24              		.type	handler, %function
  25              	handler:
  26              	.LFB63:
  27              		.file 1 "main.c"
   1:main.c        **** /* ========================================
   2:main.c        ****  *
   3:main.c        ****  * Copyright YOUR COMPANY, THE YEAR
   4:main.c        ****  * All Rights Reserved
   5:main.c        ****  * UNPUBLISHED, LICENSED SOFTWARE.
   6:main.c        ****  *
   7:main.c        ****  * CONFIDENTIAL AND PROPRIETARY INFORMATION
   8:main.c        ****  * WHICH IS THE PROPERTY OF your company.
   9:main.c        ****  *
  10:main.c        ****  * ========================================
  11:main.c        **** */
  12:main.c        **** #include "project.h"
  13:main.c        **** 
  14:main.c        **** #define READ(name) name##_##Read()
  15:main.c        **** #define WRITE(name,v) name##_##Write(v)
  16:main.c        **** #define ANALYZE(name) WRITE(name,(READ(name)+1)%2);
  17:main.c        **** 
  18:main.c        **** 
  19:main.c        **** 
  20:main.c        **** void        adc_task();
  21:main.c        **** void        lcd_task(); 
  22:main.c        **** void        led_task(); 
  23:main.c        **** void        event_sw1_task();
  24:main.c        **** 
  25:main.c        **** uint8 scheduler[6][3] = {
  26:main.c        ****     {1,2,3},
  27:main.c        ****     {1,0,0},
  28:main.c        ****     {1,2,0},
  29:main.c        ****     {1,0,3},
  30:main.c        ****     {1,2,0},
ARM GAS  C:\Users\nicol\AppData\Local\Temp\cc6elRG1.s 			page 2


  31:main.c        ****     {1,0,0}
  32:main.c        **** };
  33:main.c        **** 
  34:main.c        **** uint8 counter = 0;
  35:main.c        **** 
  36:main.c        **** uint16 adc_result = 0;
  37:main.c        **** 
  38:main.c        **** uint8 flags[] = {0,0,0};
  39:main.c        **** 
  40:main.c        **** char8 msg[] = "Hello World !"; //size = 13
  41:main.c        **** uint8 lcd_shift = 0;
  42:main.c        **** 
  43:main.c        **** CY_ISR(handler){
  28              		.loc 1 43 0
  29              		.cfi_startproc
  30              		@ args = 0, pretend = 0, frame = 0
  31              		@ frame_needed = 0, uses_anonymous_args = 0
  32 0000 08B5     		push	{r3, lr}
  33              		.cfi_def_cfa_offset 8
  34              		.cfi_offset 3, -8
  35              		.cfi_offset 14, -4
  44:main.c        ****     
  45:main.c        ****     ANALYZE(GPIOJ11);
  36              		.loc 1 45 0
  37 0002 FFF7FEFF 		bl	GPIOJ11_Read
  38              	.LVL0:
  39 0006 0130     		adds	r0, r0, #1
  40 0008 154B     		ldr	r3, .L6
  41 000a 1840     		ands	r0, r0, r3
  42 000c 03D5     		bpl	.L2
  43 000e 0138     		subs	r0, r0, #1
  44 0010 60F00100 		orn	r0, r0, #1
  45 0014 0130     		adds	r0, r0, #1
  46              	.L2:
  47 0016 C0B2     		uxtb	r0, r0
  48 0018 FFF7FEFF 		bl	GPIOJ11_Write
  49              	.LVL1:
  46:main.c        ****     
  47:main.c        ****     counter = (counter+1) %6;
  50              		.loc 1 47 0
  51 001c 1149     		ldr	r1, .L6+4
  52 001e 0B78     		ldrb	r3, [r1]	@ zero_extendqisi2
  53 0020 0133     		adds	r3, r3, #1
  54 0022 114A     		ldr	r2, .L6+8
  55 0024 82FB0302 		smull	r0, r2, r2, r3
  56 0028 A2EBE372 		sub	r2, r2, r3, asr #31
  57 002c 02EB4202 		add	r2, r2, r2, lsl #1
  58 0030 5000     		lsls	r0, r2, #1
  59 0032 1A1A     		subs	r2, r3, r0
  60 0034 D2B2     		uxtb	r2, r2
  61 0036 0A70     		strb	r2, [r1]
  62              	.LVL2:
  63              	.LBB2:
  48:main.c        ****     
  49:main.c        ****     for(uint8 i = 0; i < 3; i++){
  64              		.loc 1 49 0
  65 0038 0023     		movs	r3, #0
ARM GAS  C:\Users\nicol\AppData\Local\Temp\cc6elRG1.s 			page 3


  66 003a 0BE0     		b	.L3
  67              	.LVL3:
  68              	.L4:
  69              	.LBB3:
  50:main.c        ****         uint8 value = scheduler[counter][i];
  70              		.loc 1 50 0 discriminator 3
  71 003c 02EB4201 		add	r1, r2, r2, lsl #1
  72 0040 0A48     		ldr	r0, .L6+12
  73 0042 0144     		add	r1, r1, r0
  74 0044 C95C     		ldrb	r1, [r1, r3]	@ zero_extendqisi2
  75              	.LVL4:
  51:main.c        ****         flags[value-1] = 1;
  76              		.loc 1 51 0 discriminator 3
  77 0046 0139     		subs	r1, r1, #1
  78              	.LVL5:
  79 0048 0648     		ldr	r0, .L6+4
  80 004a 0144     		add	r1, r1, r0
  81              	.LVL6:
  82 004c 0120     		movs	r0, #1
  83 004e 0871     		strb	r0, [r1, #4]
  84              	.LBE3:
  49:main.c        ****         uint8 value = scheduler[counter][i];
  85              		.loc 1 49 0 discriminator 3
  86 0050 0344     		add	r3, r3, r0
  87              	.LVL7:
  88 0052 DBB2     		uxtb	r3, r3
  89              	.LVL8:
  90              	.L3:
  49:main.c        ****         uint8 value = scheduler[counter][i];
  91              		.loc 1 49 0 is_stmt 0 discriminator 1
  92 0054 022B     		cmp	r3, #2
  93 0056 F1D9     		bls	.L4
  94              	.LBE2:
  52:main.c        ****     }
  53:main.c        ****     
  54:main.c        ****     
  55:main.c        ****     Timer_ReadStatusRegister();
  95              		.loc 1 55 0 is_stmt 1
  96 0058 FFF7FEFF 		bl	Timer_ReadStatusRegister
  97              	.LVL9:
  98 005c 08BD     		pop	{r3, pc}
  99              	.L7:
 100 005e 00BF     		.align	2
 101              	.L6:
 102 0060 01000080 		.word	-2147483647
 103 0064 00000000 		.word	.LANCHOR0
 104 0068 ABAAAA2A 		.word	715827883
 105 006c 00000000 		.word	.LANCHOR1
 106              		.cfi_endproc
 107              	.LFE63:
 108              		.size	handler, .-handler
 109              		.section	.text.adc_task,"ax",%progbits
 110              		.align	2
 111              		.global	adc_task
 112              		.thumb
 113              		.thumb_func
 114              		.type	adc_task, %function
ARM GAS  C:\Users\nicol\AppData\Local\Temp\cc6elRG1.s 			page 4


 115              	adc_task:
 116              	.LFB66:
  56:main.c        **** }
  57:main.c        **** 
  58:main.c        **** void select_task(uint8 nber){
  59:main.c        ****     switch(nber){
  60:main.c        ****         case 0: 
  61:main.c        ****             adc_task();
  62:main.c        ****             break;
  63:main.c        ****         case 1:
  64:main.c        ****             lcd_task();
  65:main.c        ****         default: 
  66:main.c        ****             break;
  67:main.c        ****     }
  68:main.c        **** }
  69:main.c        **** 
  70:main.c        **** int main(void)
  71:main.c        **** {
  72:main.c        ****     CyGlobalIntEnable; /* Enable global interrupts. */
  73:main.c        **** 
  74:main.c        ****     /* Place your initialization/startup code here (e.g. MyInst_Start()) */
  75:main.c        **** 
  76:main.c        ****     isr_timer_StartEx(handler);
  77:main.c        ****     Timer_Start();
  78:main.c        ****     LCD_Init();
  79:main.c        ****     ADC_Start();
  80:main.c        ****     ADC_StartConvert();
  81:main.c        ****     
  82:main.c        ****     for(;;)
  83:main.c        ****     {
  84:main.c        ****         /* Place your application code here. */
  85:main.c        ****         for(uint8 i = 0; i < 3; i++){
  86:main.c        ****             
  87:main.c        ****             if(flags[i]){
  88:main.c        ****                 select_task(i);
  89:main.c        ****                 flags[i] = 0;
  90:main.c        ****             }
  91:main.c        ****             
  92:main.c        ****         }
  93:main.c        ****         
  94:main.c        ****     }
  95:main.c        **** }
  96:main.c        **** 
  97:main.c        **** void adc_task(){
 117              		.loc 1 97 0
 118              		.cfi_startproc
 119              		@ args = 0, pretend = 0, frame = 0
 120              		@ frame_needed = 0, uses_anonymous_args = 0
 121 0000 08B5     		push	{r3, lr}
 122              		.cfi_def_cfa_offset 8
 123              		.cfi_offset 3, -8
 124              		.cfi_offset 14, -4
  98:main.c        ****     
  99:main.c        ****     ANALYZE(GPIOJ12);
 125              		.loc 1 99 0
 126 0002 FFF7FEFF 		bl	GPIOJ12_Read
 127              	.LVL10:
ARM GAS  C:\Users\nicol\AppData\Local\Temp\cc6elRG1.s 			page 5


 128 0006 0130     		adds	r0, r0, #1
 129 0008 0A4B     		ldr	r3, .L12
 130 000a 1840     		ands	r0, r0, r3
 131 000c 03D5     		bpl	.L9
 132 000e 0138     		subs	r0, r0, #1
 133 0010 60F00100 		orn	r0, r0, #1
 134 0014 0130     		adds	r0, r0, #1
 135              	.L9:
 136 0016 C0B2     		uxtb	r0, r0
 137 0018 FFF7FEFF 		bl	GPIOJ12_Write
 138              	.LVL11:
 100:main.c        ****     
 101:main.c        ****     if(ADC_IsEndConversion(ADC_RETURN_STATUS) == 0){
 139              		.loc 1 101 0
 140 001c 0120     		movs	r0, #1
 141 001e FFF7FEFF 		bl	ADC_IsEndConversion
 142              	.LVL12:
 143 0022 28B1     		cbz	r0, .L8
 102:main.c        ****         return;
 103:main.c        ****     }
 104:main.c        ****     
 105:main.c        ****     adc_result = ADC_GetResult16();
 144              		.loc 1 105 0
 145 0024 FFF7FEFF 		bl	ADC_GetResult16
 146              	.LVL13:
 147 0028 034B     		ldr	r3, .L12+4
 148 002a 1881     		strh	r0, [r3, #8]	@ movhi
 106:main.c        ****     ADC_StartConvert();
 149              		.loc 1 106 0
 150 002c FFF7FEFF 		bl	ADC_StartConvert
 151              	.LVL14:
 152              	.L8:
 153 0030 08BD     		pop	{r3, pc}
 154              	.L13:
 155 0032 00BF     		.align	2
 156              	.L12:
 157 0034 01000080 		.word	-2147483647
 158 0038 00000000 		.word	.LANCHOR0
 159              		.cfi_endproc
 160              	.LFE66:
 161              		.size	adc_task, .-adc_task
 162              		.section	.text.led_task,"ax",%progbits
 163              		.align	2
 164              		.global	led_task
 165              		.thumb
 166              		.thumb_func
 167              		.type	led_task, %function
 168              	led_task:
 169              	.LFB67:
 107:main.c        **** }
 108:main.c        **** 
 109:main.c        **** void led_task(){
 170              		.loc 1 109 0
 171              		.cfi_startproc
 172              		@ args = 0, pretend = 0, frame = 0
 173              		@ frame_needed = 0, uses_anonymous_args = 0
 174              		@ link register save eliminated.
ARM GAS  C:\Users\nicol\AppData\Local\Temp\cc6elRG1.s 			page 6


 175 0000 7047     		bx	lr
 176              		.cfi_endproc
 177              	.LFE67:
 178              		.size	led_task, .-led_task
 179 0002 00BF     		.section	.text.lcd_task,"ax",%progbits
 180              		.align	2
 181              		.global	lcd_task
 182              		.thumb
 183              		.thumb_func
 184              		.type	lcd_task, %function
 185              	lcd_task:
 186              	.LFB68:
 110:main.c        **** }
 111:main.c        **** 
 112:main.c        **** uint8 lcd_counter = 0;
 113:main.c        **** 
 114:main.c        **** void lcd_task(){
 187              		.loc 1 114 0
 188              		.cfi_startproc
 189              		@ args = 0, pretend = 0, frame = 0
 190              		@ frame_needed = 0, uses_anonymous_args = 0
 115:main.c        **** 
 116:main.c        ****     lcd_counter++;
 191              		.loc 1 116 0
 192 0000 234A     		ldr	r2, .L27
 193 0002 937A     		ldrb	r3, [r2, #10]	@ zero_extendqisi2
 194 0004 0133     		adds	r3, r3, #1
 195 0006 DBB2     		uxtb	r3, r3
 196 0008 9372     		strb	r3, [r2, #10]
 117:main.c        ****     
 118:main.c        ****     if(lcd_counter < 10)
 197              		.loc 1 118 0
 198 000a 092B     		cmp	r3, #9
 199 000c 3FD9     		bls	.L26
 114:main.c        **** 
 200              		.loc 1 114 0
 201 000e 10B5     		push	{r4, lr}
 202              		.cfi_def_cfa_offset 8
 203              		.cfi_offset 4, -8
 204              		.cfi_offset 14, -4
 119:main.c        ****         return;
 120:main.c        **** 
 121:main.c        ****     ANALYZE(GPIOJ13)
 205              		.loc 1 121 0
 206 0010 FFF7FEFF 		bl	GPIOJ13_Read
 207              	.LVL15:
 208 0014 0130     		adds	r0, r0, #1
 209 0016 1F4B     		ldr	r3, .L27+4
 210 0018 1840     		ands	r0, r0, r3
 211 001a 03D5     		bpl	.L17
 212 001c 0138     		subs	r0, r0, #1
 213 001e 60F00100 		orn	r0, r0, #1
 214 0022 0130     		adds	r0, r0, #1
 215              	.L17:
 216 0024 C0B2     		uxtb	r0, r0
 217 0026 FFF7FEFF 		bl	GPIOJ13_Write
 218              	.LVL16:
ARM GAS  C:\Users\nicol\AppData\Local\Temp\cc6elRG1.s 			page 7


 122:main.c        ****     
 123:main.c        ****     lcd_counter = 0;
 219              		.loc 1 123 0
 220 002a 194B     		ldr	r3, .L27
 221 002c 0024     		movs	r4, #0
 222 002e 9C72     		strb	r4, [r3, #10]
 124:main.c        ****     lcd_shift = lcd_shift + 1 %13;
 223              		.loc 1 124 0
 224 0030 DA7A     		ldrb	r2, [r3, #11]	@ zero_extendqisi2
 225 0032 0132     		adds	r2, r2, #1
 226 0034 DA72     		strb	r2, [r3, #11]
 125:main.c        ****     
 126:main.c        ****     LCD_ClearDisplay();
 227              		.loc 1 126 0
 228 0036 0120     		movs	r0, #1
 229 0038 FFF7FEFF 		bl	LCD_WriteControl
 230              	.LVL17:
 231              	.LBB4:
 127:main.c        ****     for(int i = 0; i < 13; i ++){
 232              		.loc 1 127 0
 233 003c 24E0     		b	.L18
 234              	.LVL18:
 235              	.L24:
 236              	.LBB5:
 128:main.c        ****         int index = (i+lcd_shift)%16;
 237              		.loc 1 128 0
 238 003e 144B     		ldr	r3, .L27
 239 0040 DB7A     		ldrb	r3, [r3, #11]	@ zero_extendqisi2
 240 0042 2344     		add	r3, r3, r4
 241 0044 144A     		ldr	r2, .L27+8
 242 0046 1340     		ands	r3, r3, r2
 243 0048 03D5     		bpl	.L19
 244 004a 013B     		subs	r3, r3, #1
 245 004c 63F00F03 		orn	r3, r3, #15
 246 0050 0133     		adds	r3, r3, #1
 247              	.L19:
 248 0052 1A46     		mov	r2, r3
 249              	.LVL19:
 129:main.c        ****         
 130:main.c        ****         /*
 131:main.c        ****         if(i == 0 || index % 8 == 0)
 132:main.c        ****             LCD_Position(index/8,index%8);
 133:main.c        ****         */
 134:main.c        ****         if(index %8 == 0 || i == 0)
 250              		.loc 1 134 0
 251 0054 13F0070F 		tst	r3, #7
 252 0058 00D0     		beq	.L20
 253              		.loc 1 134 0 is_stmt 0 discriminator 1
 254 005a 7CB9     		cbnz	r4, .L21
 255              	.L20:
 135:main.c        ****             LCD_Position(index/8,index%8);
 256              		.loc 1 135 0 is_stmt 1
 257 005c 1046     		mov	r0, r2
 258 005e 002A     		cmp	r2, #0
 259 0060 00DA     		bge	.L22
 260              	.LVL20:
 261 0062 D01D     		adds	r0, r2, #7
ARM GAS  C:\Users\nicol\AppData\Local\Temp\cc6elRG1.s 			page 8


 262              	.LVL21:
 263              	.L22:
 264 0064 C010     		asrs	r0, r0, #3
 265 0066 0D49     		ldr	r1, .L27+12
 266 0068 1140     		ands	r1, r2, r1
 267 006a 03D5     		bpl	.L23
 268 006c 0139     		subs	r1, r1, #1
 269 006e 61F00701 		orn	r1, r1, #7
 270 0072 0131     		adds	r1, r1, #1
 271              	.L23:
 272 0074 C9B2     		uxtb	r1, r1
 273 0076 C0B2     		uxtb	r0, r0
 274 0078 FFF7FEFF 		bl	LCD_Position
 275              	.LVL22:
 276              	.L21:
 136:main.c        ****         LCD_PutChar(msg[i]);
 277              		.loc 1 136 0 discriminator 2
 278 007c 084B     		ldr	r3, .L27+16
 279 007e 2344     		add	r3, r3, r4
 280 0080 187D     		ldrb	r0, [r3, #20]	@ zero_extendqisi2
 281 0082 FFF7FEFF 		bl	LCD_PutChar
 282              	.LVL23:
 283              	.LBE5:
 127:main.c        ****         int index = (i+lcd_shift)%16;
 284              		.loc 1 127 0 discriminator 2
 285 0086 0134     		adds	r4, r4, #1
 286              	.LVL24:
 287              	.L18:
 127:main.c        ****         int index = (i+lcd_shift)%16;
 288              		.loc 1 127 0 is_stmt 0 discriminator 1
 289 0088 0C2C     		cmp	r4, #12
 290 008a D8DD     		ble	.L24
 291 008c 10BD     		pop	{r4, pc}
 292              	.LVL25:
 293              	.L26:
 294              		.cfi_def_cfa_offset 0
 295              		.cfi_restore 4
 296              		.cfi_restore 14
 297 008e 7047     		bx	lr
 298              	.L28:
 299              		.align	2
 300              	.L27:
 301 0090 00000000 		.word	.LANCHOR0
 302 0094 01000080 		.word	-2147483647
 303 0098 0F000080 		.word	-2147483633
 304 009c 07000080 		.word	-2147483641
 305 00a0 00000000 		.word	.LANCHOR1
 306              	.LBE4:
 307              		.cfi_endproc
 308              	.LFE68:
 309              		.size	lcd_task, .-lcd_task
 310              		.section	.text.select_task,"ax",%progbits
 311              		.align	2
 312              		.global	select_task
 313              		.thumb
 314              		.thumb_func
 315              		.type	select_task, %function
ARM GAS  C:\Users\nicol\AppData\Local\Temp\cc6elRG1.s 			page 9


 316              	select_task:
 317              	.LFB64:
  58:main.c        ****     switch(nber){
 318              		.loc 1 58 0 is_stmt 1
 319              		.cfi_startproc
 320              		@ args = 0, pretend = 0, frame = 0
 321              		@ frame_needed = 0, uses_anonymous_args = 0
 322              	.LVL26:
 323 0000 08B5     		push	{r3, lr}
 324              		.cfi_def_cfa_offset 8
 325              		.cfi_offset 3, -8
 326              		.cfi_offset 14, -4
  59:main.c        ****         case 0: 
 327              		.loc 1 59 0
 328 0002 10B1     		cbz	r0, .L31
 329 0004 0128     		cmp	r0, #1
 330 0006 03D0     		beq	.L32
 331 0008 08BD     		pop	{r3, pc}
 332              	.L31:
  61:main.c        ****             break;
 333              		.loc 1 61 0
 334 000a FFF7FEFF 		bl	adc_task
 335              	.LVL27:
  62:main.c        ****         case 1:
 336              		.loc 1 62 0
 337 000e 08BD     		pop	{r3, pc}
 338              	.LVL28:
 339              	.L32:
  64:main.c        ****         default: 
 340              		.loc 1 64 0
 341 0010 FFF7FEFF 		bl	lcd_task
 342              	.LVL29:
 343 0014 08BD     		pop	{r3, pc}
 344              		.cfi_endproc
 345              	.LFE64:
 346              		.size	select_task, .-select_task
 347 0016 00BF     		.section	.text.main,"ax",%progbits
 348              		.align	2
 349              		.global	main
 350              		.thumb
 351              		.thumb_func
 352              		.type	main, %function
 353              	main:
 354              	.LFB65:
  71:main.c        ****     CyGlobalIntEnable; /* Enable global interrupts. */
 355              		.loc 1 71 0
 356              		.cfi_startproc
 357              		@ args = 0, pretend = 0, frame = 0
 358              		@ frame_needed = 0, uses_anonymous_args = 0
 359 0000 10B5     		push	{r4, lr}
 360              		.cfi_def_cfa_offset 8
 361              		.cfi_offset 4, -8
 362              		.cfi_offset 14, -4
  72:main.c        **** 
 363              		.loc 1 72 0
 364              		.syntax unified
 365              	@ 72 "main.c" 1
ARM GAS  C:\Users\nicol\AppData\Local\Temp\cc6elRG1.s 			page 10


 366 0002 62B6     		CPSIE   i
 367              	@ 0 "" 2
  76:main.c        ****     Timer_Start();
 368              		.loc 1 76 0
 369              		.thumb
 370              		.syntax unified
 371 0004 0E48     		ldr	r0, .L40
 372 0006 FFF7FEFF 		bl	isr_timer_StartEx
 373              	.LVL30:
  77:main.c        ****     LCD_Init();
 374              		.loc 1 77 0
 375 000a FFF7FEFF 		bl	Timer_Start
 376              	.LVL31:
  78:main.c        ****     ADC_Start();
 377              		.loc 1 78 0
 378 000e FFF7FEFF 		bl	LCD_Init
 379              	.LVL32:
  79:main.c        ****     ADC_StartConvert();
 380              		.loc 1 79 0
 381 0012 FFF7FEFF 		bl	ADC_Start
 382              	.LVL33:
  80:main.c        ****     
 383              		.loc 1 80 0
 384 0016 FFF7FEFF 		bl	ADC_StartConvert
 385              	.LVL34:
 386              	.L38:
 387              	.LBB6:
  85:main.c        ****             
 388              		.loc 1 85 0
 389 001a 0024     		movs	r4, #0
 390 001c 0CE0     		b	.L35
 391              	.LVL35:
 392              	.L37:
  87:main.c        ****                 select_task(i);
 393              		.loc 1 87 0
 394 001e 094B     		ldr	r3, .L40+4
 395 0020 2344     		add	r3, r3, r4
 396 0022 1B79     		ldrb	r3, [r3, #4]	@ zero_extendqisi2
 397 0024 33B1     		cbz	r3, .L36
  88:main.c        ****                 flags[i] = 0;
 398              		.loc 1 88 0
 399 0026 2046     		mov	r0, r4
 400 0028 FFF7FEFF 		bl	select_task
 401              	.LVL36:
  89:main.c        ****             }
 402              		.loc 1 89 0
 403 002c 054B     		ldr	r3, .L40+4
 404 002e 2344     		add	r3, r3, r4
 405 0030 0022     		movs	r2, #0
 406 0032 1A71     		strb	r2, [r3, #4]
 407              	.L36:
  85:main.c        ****             
 408              		.loc 1 85 0 discriminator 2
 409 0034 0134     		adds	r4, r4, #1
 410              	.LVL37:
 411 0036 E4B2     		uxtb	r4, r4
 412              	.LVL38:
ARM GAS  C:\Users\nicol\AppData\Local\Temp\cc6elRG1.s 			page 11


 413              	.L35:
  85:main.c        ****             
 414              		.loc 1 85 0 is_stmt 0 discriminator 1
 415 0038 022C     		cmp	r4, #2
 416 003a F0D9     		bls	.L37
 417 003c EDE7     		b	.L38
 418              	.L41:
 419 003e 00BF     		.align	2
 420              	.L40:
 421 0040 00000000 		.word	handler
 422 0044 00000000 		.word	.LANCHOR0
 423              	.LBE6:
 424              		.cfi_endproc
 425              	.LFE65:
 426              		.size	main, .-main
 427              		.section	.text.event_sw1_task,"ax",%progbits
 428              		.align	2
 429              		.global	event_sw1_task
 430              		.thumb
 431              		.thumb_func
 432              		.type	event_sw1_task, %function
 433              	event_sw1_task:
 434              	.LFB69:
 137:main.c        ****     }
 138:main.c        ****     
 139:main.c        **** }
 140:main.c        **** 
 141:main.c        **** void event_sw1_task(){
 435              		.loc 1 141 0 is_stmt 1
 436              		.cfi_startproc
 437              		@ args = 0, pretend = 0, frame = 0
 438              		@ frame_needed = 0, uses_anonymous_args = 0
 439              		@ link register save eliminated.
 440 0000 7047     		bx	lr
 441              		.cfi_endproc
 442              	.LFE69:
 443              		.size	event_sw1_task, .-event_sw1_task
 444              		.global	lcd_counter
 445              		.global	lcd_shift
 446              		.global	msg
 447              		.global	flags
 448              		.global	adc_result
 449              		.global	counter
 450              		.global	scheduler
 451 0002 00BF     		.data
 452              		.align	2
 453              		.set	.LANCHOR1,. + 0
 454              		.type	scheduler, %object
 455              		.size	scheduler, 18
 456              	scheduler:
 457 0000 01       		.byte	1
 458 0001 02       		.byte	2
 459 0002 03       		.byte	3
 460 0003 01       		.byte	1
 461 0004 00       		.byte	0
 462 0005 00       		.byte	0
 463 0006 01       		.byte	1
ARM GAS  C:\Users\nicol\AppData\Local\Temp\cc6elRG1.s 			page 12


 464 0007 02       		.byte	2
 465 0008 00       		.byte	0
 466 0009 01       		.byte	1
 467 000a 00       		.byte	0
 468 000b 03       		.byte	3
 469 000c 01       		.byte	1
 470 000d 02       		.byte	2
 471 000e 00       		.byte	0
 472 000f 01       		.byte	1
 473 0010 00       		.byte	0
 474 0011 00       		.byte	0
 475 0012 0000     		.space	2
 476              		.type	msg, %object
 477              		.size	msg, 14
 478              	msg:
 479 0014 48656C6C 		.ascii	"Hello World !\000"
 479      6F20576F 
 479      726C6420 
 479      2100
 480              		.bss
 481              		.align	2
 482              		.set	.LANCHOR0,. + 0
 483              		.type	counter, %object
 484              		.size	counter, 1
 485              	counter:
 486 0000 00       		.space	1
 487 0001 000000   		.space	3
 488              		.type	flags, %object
 489              		.size	flags, 3
 490              	flags:
 491 0004 000000   		.space	3
 492 0007 00       		.space	1
 493              		.type	adc_result, %object
 494              		.size	adc_result, 2
 495              	adc_result:
 496 0008 0000     		.space	2
 497              		.type	lcd_counter, %object
 498              		.size	lcd_counter, 1
 499              	lcd_counter:
 500 000a 00       		.space	1
 501              		.type	lcd_shift, %object
 502              		.size	lcd_shift, 1
 503              	lcd_shift:
 504 000b 00       		.space	1
 505              		.text
 506              	.Letext0:
 507              		.file 2 "d:\\cypress\\psoc creator\\4.4\\psoc creator\\import\\gnu\\arm\\5.4.1\\arm-none-eabi\\inc
 508              		.file 3 "d:\\cypress\\psoc creator\\4.4\\psoc creator\\import\\gnu\\arm\\5.4.1\\arm-none-eabi\\inc
 509              		.file 4 "Generated_Source\\PSoC5/cytypes.h"
 510              		.file 5 "Generated_Source\\PSoC5/core_cm3.h"
 511              		.file 6 "Generated_Source\\PSoC5/GPIOJ11.h"
 512              		.file 7 "Generated_Source\\PSoC5/Timer.h"
 513              		.file 8 "Generated_Source\\PSoC5/GPIOJ12.h"
 514              		.file 9 "Generated_Source\\PSoC5/ADC.h"
 515              		.file 10 "Generated_Source\\PSoC5/LCD.h"
 516              		.file 11 "Generated_Source\\PSoC5/GPIOJ13.h"
 517              		.file 12 "Generated_Source\\PSoC5/isr_timer.h"
ARM GAS  C:\Users\nicol\AppData\Local\Temp\cc6elRG1.s 			page 13


 518              		.section	.debug_info,"",%progbits
 519              	.Ldebug_info0:
 520 0000 46040000 		.4byte	0x446
 521 0004 0400     		.2byte	0x4
 522 0006 00000000 		.4byte	.Ldebug_abbrev0
 523 000a 04       		.byte	0x4
 524 000b 01       		.uleb128 0x1
 525 000c B1000000 		.4byte	.LASF51
 526 0010 0C       		.byte	0xc
 527 0011 99020000 		.4byte	.LASF52
 528 0015 BF010000 		.4byte	.LASF53
 529 0019 00000000 		.4byte	.Ldebug_ranges0+0
 530 001d 00000000 		.4byte	0
 531 0021 00000000 		.4byte	.Ldebug_line0
 532 0025 02       		.uleb128 0x2
 533 0026 01       		.byte	0x1
 534 0027 06       		.byte	0x6
 535 0028 FF020000 		.4byte	.LASF0
 536 002c 02       		.uleb128 0x2
 537 002d 01       		.byte	0x1
 538 002e 08       		.byte	0x8
 539 002f A3000000 		.4byte	.LASF1
 540 0033 02       		.uleb128 0x2
 541 0034 02       		.byte	0x2
 542 0035 05       		.byte	0x5
 543 0036 BC020000 		.4byte	.LASF2
 544 003a 02       		.uleb128 0x2
 545 003b 02       		.byte	0x2
 546 003c 07       		.byte	0x7
 547 003d 6A010000 		.4byte	.LASF3
 548 0041 03       		.uleb128 0x3
 549 0042 1F000000 		.4byte	.LASF9
 550 0046 02       		.byte	0x2
 551 0047 3F       		.byte	0x3f
 552 0048 4C000000 		.4byte	0x4c
 553 004c 02       		.uleb128 0x2
 554 004d 04       		.byte	0x4
 555 004e 05       		.byte	0x5
 556 004f 71020000 		.4byte	.LASF4
 557 0053 02       		.uleb128 0x2
 558 0054 04       		.byte	0x4
 559 0055 07       		.byte	0x7
 560 0056 A1010000 		.4byte	.LASF5
 561 005a 02       		.uleb128 0x2
 562 005b 08       		.byte	0x8
 563 005c 05       		.byte	0x5
 564 005d 8B020000 		.4byte	.LASF6
 565 0061 02       		.uleb128 0x2
 566 0062 08       		.byte	0x8
 567 0063 07       		.byte	0x7
 568 0064 1F020000 		.4byte	.LASF7
 569 0068 04       		.uleb128 0x4
 570 0069 04       		.byte	0x4
 571 006a 05       		.byte	0x5
 572 006b 696E7400 		.ascii	"int\000"
 573 006f 02       		.uleb128 0x2
 574 0070 04       		.byte	0x4
ARM GAS  C:\Users\nicol\AppData\Local\Temp\cc6elRG1.s 			page 14


 575 0071 07       		.byte	0x7
 576 0072 03020000 		.4byte	.LASF8
 577 0076 03       		.uleb128 0x3
 578 0077 72000000 		.4byte	.LASF10
 579 007b 03       		.byte	0x3
 580 007c 2C       		.byte	0x2c
 581 007d 41000000 		.4byte	0x41
 582 0081 05       		.uleb128 0x5
 583 0082 C6020000 		.4byte	.LASF11
 584 0086 04       		.byte	0x4
 585 0087 E801     		.2byte	0x1e8
 586 0089 2C000000 		.4byte	0x2c
 587 008d 05       		.uleb128 0x5
 588 008e B8010000 		.4byte	.LASF12
 589 0092 04       		.byte	0x4
 590 0093 E901     		.2byte	0x1e9
 591 0095 3A000000 		.4byte	0x3a
 592 0099 02       		.uleb128 0x2
 593 009a 04       		.byte	0x4
 594 009b 04       		.byte	0x4
 595 009c 8C000000 		.4byte	.LASF13
 596 00a0 02       		.uleb128 0x2
 597 00a1 08       		.byte	0x8
 598 00a2 04       		.byte	0x4
 599 00a3 5B000000 		.4byte	.LASF14
 600 00a7 05       		.uleb128 0x5
 601 00a8 50010000 		.4byte	.LASF15
 602 00ac 04       		.byte	0x4
 603 00ad F901     		.2byte	0x1f9
 604 00af B3000000 		.4byte	0xb3
 605 00b3 02       		.uleb128 0x2
 606 00b4 01       		.byte	0x1
 607 00b5 08       		.byte	0x8
 608 00b6 A0020000 		.4byte	.LASF16
 609 00ba 02       		.uleb128 0x2
 610 00bb 08       		.byte	0x8
 611 00bc 04       		.byte	0x4
 612 00bd F3020000 		.4byte	.LASF17
 613 00c1 02       		.uleb128 0x2
 614 00c2 04       		.byte	0x4
 615 00c3 07       		.byte	0x7
 616 00c4 82020000 		.4byte	.LASF18
 617 00c8 06       		.uleb128 0x6
 618 00c9 7A020000 		.4byte	.LASF23
 619 00cd 01       		.byte	0x1
 620 00ce 2B       		.byte	0x2b
 621 00cf 00000000 		.4byte	.LFB63
 622 00d3 70000000 		.4byte	.LFE63-.LFB63
 623 00d7 01       		.uleb128 0x1
 624 00d8 9C       		.byte	0x9c
 625 00d9 2D010000 		.4byte	0x12d
 626 00dd 07       		.uleb128 0x7
 627 00de 38000000 		.4byte	.LBB2
 628 00e2 20000000 		.4byte	.LBE2-.LBB2
 629 00e6 11010000 		.4byte	0x111
 630 00ea 08       		.uleb128 0x8
 631 00eb 6900     		.ascii	"i\000"
ARM GAS  C:\Users\nicol\AppData\Local\Temp\cc6elRG1.s 			page 15


 632 00ed 01       		.byte	0x1
 633 00ee 31       		.byte	0x31
 634 00ef 81000000 		.4byte	0x81
 635 00f3 00000000 		.4byte	.LLST0
 636 00f7 09       		.uleb128 0x9
 637 00f8 3C000000 		.4byte	.LBB3
 638 00fc 14000000 		.4byte	.LBE3-.LBB3
 639 0100 0A       		.uleb128 0xa
 640 0101 19000000 		.4byte	.LASF19
 641 0105 01       		.byte	0x1
 642 0106 32       		.byte	0x32
 643 0107 81000000 		.4byte	0x81
 644 010b 2A000000 		.4byte	.LLST1
 645 010f 00       		.byte	0
 646 0110 00       		.byte	0
 647 0111 0B       		.uleb128 0xb
 648 0112 06000000 		.4byte	.LVL0
 649 0116 8E030000 		.4byte	0x38e
 650 011a 0B       		.uleb128 0xb
 651 011b 1C000000 		.4byte	.LVL1
 652 011f 99030000 		.4byte	0x399
 653 0123 0B       		.uleb128 0xb
 654 0124 5C000000 		.4byte	.LVL9
 655 0128 A4030000 		.4byte	0x3a4
 656 012c 00       		.byte	0
 657 012d 0C       		.uleb128 0xc
 658 012e 9A000000 		.4byte	.LASF20
 659 0132 01       		.byte	0x1
 660 0133 61       		.byte	0x61
 661 0134 00000000 		.4byte	.LFB66
 662 0138 3C000000 		.4byte	.LFE66-.LFB66
 663 013c 01       		.uleb128 0x1
 664 013d 9C       		.byte	0x9c
 665 013e 7A010000 		.4byte	0x17a
 666 0142 0B       		.uleb128 0xb
 667 0143 06000000 		.4byte	.LVL10
 668 0147 AF030000 		.4byte	0x3af
 669 014b 0B       		.uleb128 0xb
 670 014c 1C000000 		.4byte	.LVL11
 671 0150 BA030000 		.4byte	0x3ba
 672 0154 0D       		.uleb128 0xd
 673 0155 22000000 		.4byte	.LVL12
 674 0159 C5030000 		.4byte	0x3c5
 675 015d 67010000 		.4byte	0x167
 676 0161 0E       		.uleb128 0xe
 677 0162 01       		.uleb128 0x1
 678 0163 50       		.byte	0x50
 679 0164 01       		.uleb128 0x1
 680 0165 31       		.byte	0x31
 681 0166 00       		.byte	0
 682 0167 0B       		.uleb128 0xb
 683 0168 28000000 		.4byte	.LVL13
 684 016c D0030000 		.4byte	0x3d0
 685 0170 0B       		.uleb128 0xb
 686 0171 30000000 		.4byte	.LVL14
 687 0175 DB030000 		.4byte	0x3db
 688 0179 00       		.byte	0
ARM GAS  C:\Users\nicol\AppData\Local\Temp\cc6elRG1.s 			page 16


 689 017a 0F       		.uleb128 0xf
 690 017b 16020000 		.4byte	.LASF25
 691 017f 01       		.byte	0x1
 692 0180 6D       		.byte	0x6d
 693 0181 00000000 		.4byte	.LFB67
 694 0185 02000000 		.4byte	.LFE67-.LFB67
 695 0189 01       		.uleb128 0x1
 696 018a 9C       		.byte	0x9c
 697 018b 0C       		.uleb128 0xc
 698 018c 8B010000 		.4byte	.LASF21
 699 0190 01       		.byte	0x1
 700 0191 72       		.byte	0x72
 701 0192 00000000 		.4byte	.LFB68
 702 0196 A4000000 		.4byte	.LFE68-.LFB68
 703 019a 01       		.uleb128 0x1
 704 019b 9C       		.byte	0x9c
 705 019c 08020000 		.4byte	0x208
 706 01a0 07       		.uleb128 0x7
 707 01a1 3C000000 		.4byte	.LBB4
 708 01a5 68000000 		.4byte	.LBE4-.LBB4
 709 01a9 E6010000 		.4byte	0x1e6
 710 01ad 08       		.uleb128 0x8
 711 01ae 6900     		.ascii	"i\000"
 712 01b0 01       		.byte	0x1
 713 01b1 7F       		.byte	0x7f
 714 01b2 68000000 		.4byte	0x68
 715 01b6 5D000000 		.4byte	.LLST2
 716 01ba 09       		.uleb128 0x9
 717 01bb 3E000000 		.4byte	.LBB5
 718 01bf 48000000 		.4byte	.LBE5-.LBB5
 719 01c3 0A       		.uleb128 0xa
 720 01c4 A5020000 		.4byte	.LASF22
 721 01c8 01       		.byte	0x1
 722 01c9 80       		.byte	0x80
 723 01ca 68000000 		.4byte	0x68
 724 01ce 7C000000 		.4byte	.LLST3
 725 01d2 0B       		.uleb128 0xb
 726 01d3 7C000000 		.4byte	.LVL22
 727 01d7 E6030000 		.4byte	0x3e6
 728 01db 0B       		.uleb128 0xb
 729 01dc 86000000 		.4byte	.LVL23
 730 01e0 F1030000 		.4byte	0x3f1
 731 01e4 00       		.byte	0
 732 01e5 00       		.byte	0
 733 01e6 0B       		.uleb128 0xb
 734 01e7 14000000 		.4byte	.LVL15
 735 01eb FC030000 		.4byte	0x3fc
 736 01ef 0B       		.uleb128 0xb
 737 01f0 2A000000 		.4byte	.LVL16
 738 01f4 07040000 		.4byte	0x407
 739 01f8 10       		.uleb128 0x10
 740 01f9 3C000000 		.4byte	.LVL17
 741 01fd 12040000 		.4byte	0x412
 742 0201 0E       		.uleb128 0xe
 743 0202 01       		.uleb128 0x1
 744 0203 50       		.byte	0x50
 745 0204 01       		.uleb128 0x1
ARM GAS  C:\Users\nicol\AppData\Local\Temp\cc6elRG1.s 			page 17


 746 0205 31       		.byte	0x31
 747 0206 00       		.byte	0
 748 0207 00       		.byte	0
 749 0208 06       		.uleb128 0x6
 750 0209 DA020000 		.4byte	.LASF24
 751 020d 01       		.byte	0x1
 752 020e 3A       		.byte	0x3a
 753 020f 00000000 		.4byte	.LFB64
 754 0213 16000000 		.4byte	.LFE64-.LFB64
 755 0217 01       		.uleb128 0x1
 756 0218 9C       		.byte	0x9c
 757 0219 3F020000 		.4byte	0x23f
 758 021d 11       		.uleb128 0x11
 759 021e 17030000 		.4byte	.LASF54
 760 0222 01       		.byte	0x1
 761 0223 3A       		.byte	0x3a
 762 0224 81000000 		.4byte	0x81
 763 0228 A5000000 		.4byte	.LLST4
 764 022c 0B       		.uleb128 0xb
 765 022d 0E000000 		.4byte	.LVL27
 766 0231 2D010000 		.4byte	0x12d
 767 0235 0B       		.uleb128 0xb
 768 0236 14000000 		.4byte	.LVL29
 769 023a 8B010000 		.4byte	0x18b
 770 023e 00       		.byte	0
 771 023f 12       		.uleb128 0x12
 772 0240 B3010000 		.4byte	.LASF55
 773 0244 01       		.byte	0x1
 774 0245 46       		.byte	0x46
 775 0246 68000000 		.4byte	0x68
 776 024a 00000000 		.4byte	.LFB65
 777 024e 48000000 		.4byte	.LFE65-.LFB65
 778 0252 01       		.uleb128 0x1
 779 0253 9C       		.byte	0x9c
 780 0254 BF020000 		.4byte	0x2bf
 781 0258 07       		.uleb128 0x7
 782 0259 1A000000 		.4byte	.LBB6
 783 025d 2E000000 		.4byte	.LBE6-.LBB6
 784 0261 83020000 		.4byte	0x283
 785 0265 08       		.uleb128 0x8
 786 0266 6900     		.ascii	"i\000"
 787 0268 01       		.byte	0x1
 788 0269 55       		.byte	0x55
 789 026a 81000000 		.4byte	0x81
 790 026e DF000000 		.4byte	.LLST5
 791 0272 10       		.uleb128 0x10
 792 0273 2C000000 		.4byte	.LVL36
 793 0277 08020000 		.4byte	0x208
 794 027b 0E       		.uleb128 0xe
 795 027c 01       		.uleb128 0x1
 796 027d 50       		.byte	0x50
 797 027e 02       		.uleb128 0x2
 798 027f 74       		.byte	0x74
 799 0280 00       		.sleb128 0
 800 0281 00       		.byte	0
 801 0282 00       		.byte	0
 802 0283 0D       		.uleb128 0xd
ARM GAS  C:\Users\nicol\AppData\Local\Temp\cc6elRG1.s 			page 18


 803 0284 0A000000 		.4byte	.LVL30
 804 0288 1D040000 		.4byte	0x41d
 805 028c 9A020000 		.4byte	0x29a
 806 0290 0E       		.uleb128 0xe
 807 0291 01       		.uleb128 0x1
 808 0292 50       		.byte	0x50
 809 0293 05       		.uleb128 0x5
 810 0294 03       		.byte	0x3
 811 0295 00000000 		.4byte	handler
 812 0299 00       		.byte	0
 813 029a 0B       		.uleb128 0xb
 814 029b 0E000000 		.4byte	.LVL31
 815 029f 28040000 		.4byte	0x428
 816 02a3 0B       		.uleb128 0xb
 817 02a4 12000000 		.4byte	.LVL32
 818 02a8 33040000 		.4byte	0x433
 819 02ac 0B       		.uleb128 0xb
 820 02ad 16000000 		.4byte	.LVL33
 821 02b1 3E040000 		.4byte	0x43e
 822 02b5 0B       		.uleb128 0xb
 823 02b6 1A000000 		.4byte	.LVL34
 824 02ba DB030000 		.4byte	0x3db
 825 02be 00       		.byte	0
 826 02bf 0F       		.uleb128 0xf
 827 02c0 00000000 		.4byte	.LASF26
 828 02c4 01       		.byte	0x1
 829 02c5 8D       		.byte	0x8d
 830 02c6 00000000 		.4byte	.LFB69
 831 02ca 02000000 		.4byte	.LFE69-.LFB69
 832 02ce 01       		.uleb128 0x1
 833 02cf 9C       		.byte	0x9c
 834 02d0 13       		.uleb128 0x13
 835 02d1 94010000 		.4byte	.LASF27
 836 02d5 05       		.byte	0x5
 837 02d6 1207     		.2byte	0x712
 838 02d8 DC020000 		.4byte	0x2dc
 839 02dc 14       		.uleb128 0x14
 840 02dd 76000000 		.4byte	0x76
 841 02e1 15       		.uleb128 0x15
 842 02e2 81000000 		.4byte	0x81
 843 02e6 F7020000 		.4byte	0x2f7
 844 02ea 16       		.uleb128 0x16
 845 02eb C1000000 		.4byte	0xc1
 846 02ef 05       		.byte	0x5
 847 02f0 16       		.uleb128 0x16
 848 02f1 C1000000 		.4byte	0xc1
 849 02f5 02       		.byte	0x2
 850 02f6 00       		.byte	0
 851 02f7 17       		.uleb128 0x17
 852 02f8 F9010000 		.4byte	.LASF28
 853 02fc 01       		.byte	0x1
 854 02fd 19       		.byte	0x19
 855 02fe E1020000 		.4byte	0x2e1
 856 0302 05       		.uleb128 0x5
 857 0303 03       		.byte	0x3
 858 0304 00000000 		.4byte	scheduler
 859 0308 17       		.uleb128 0x17
ARM GAS  C:\Users\nicol\AppData\Local\Temp\cc6elRG1.s 			page 19


 860 0309 92000000 		.4byte	.LASF29
 861 030d 01       		.byte	0x1
 862 030e 22       		.byte	0x22
 863 030f 81000000 		.4byte	0x81
 864 0313 05       		.uleb128 0x5
 865 0314 03       		.byte	0x3
 866 0315 00000000 		.4byte	counter
 867 0319 17       		.uleb128 0x17
 868 031a 1C030000 		.4byte	.LASF30
 869 031e 01       		.byte	0x1
 870 031f 24       		.byte	0x24
 871 0320 8D000000 		.4byte	0x8d
 872 0324 05       		.uleb128 0x5
 873 0325 03       		.byte	0x3
 874 0326 00000000 		.4byte	adc_result
 875 032a 15       		.uleb128 0x15
 876 032b 81000000 		.4byte	0x81
 877 032f 3A030000 		.4byte	0x33a
 878 0333 16       		.uleb128 0x16
 879 0334 C1000000 		.4byte	0xc1
 880 0338 02       		.byte	0x2
 881 0339 00       		.byte	0
 882 033a 17       		.uleb128 0x17
 883 033b 10020000 		.4byte	.LASF31
 884 033f 01       		.byte	0x1
 885 0340 26       		.byte	0x26
 886 0341 2A030000 		.4byte	0x32a
 887 0345 05       		.uleb128 0x5
 888 0346 03       		.byte	0x3
 889 0347 00000000 		.4byte	flags
 890 034b 15       		.uleb128 0x15
 891 034c A7000000 		.4byte	0xa7
 892 0350 5B030000 		.4byte	0x35b
 893 0354 16       		.uleb128 0x16
 894 0355 C1000000 		.4byte	0xc1
 895 0359 0D       		.byte	0xd
 896 035a 00       		.byte	0
 897 035b 18       		.uleb128 0x18
 898 035c 6D736700 		.ascii	"msg\000"
 899 0360 01       		.byte	0x1
 900 0361 28       		.byte	0x28
 901 0362 4B030000 		.4byte	0x34b
 902 0366 05       		.uleb128 0x5
 903 0367 03       		.byte	0x3
 904 0368 00000000 		.4byte	msg
 905 036c 17       		.uleb128 0x17
 906 036d 0F000000 		.4byte	.LASF32
 907 0371 01       		.byte	0x1
 908 0372 29       		.byte	0x29
 909 0373 81000000 		.4byte	0x81
 910 0377 05       		.uleb128 0x5
 911 0378 03       		.byte	0x3
 912 0379 00000000 		.4byte	lcd_shift
 913 037d 17       		.uleb128 0x17
 914 037e 0B030000 		.4byte	.LASF33
 915 0382 01       		.byte	0x1
 916 0383 70       		.byte	0x70
ARM GAS  C:\Users\nicol\AppData\Local\Temp\cc6elRG1.s 			page 20


 917 0384 81000000 		.4byte	0x81
 918 0388 05       		.uleb128 0x5
 919 0389 03       		.byte	0x3
 920 038a 00000000 		.4byte	lcd_counter
 921 038e 19       		.uleb128 0x19
 922 038f 4E000000 		.4byte	.LASF34
 923 0393 4E000000 		.4byte	.LASF34
 924 0397 06       		.byte	0x6
 925 0398 29       		.byte	0x29
 926 0399 19       		.uleb128 0x19
 927 039a 4C020000 		.4byte	.LASF35
 928 039e 4C020000 		.4byte	.LASF35
 929 03a2 06       		.byte	0x6
 930 03a3 26       		.byte	0x26
 931 03a4 19       		.uleb128 0x19
 932 03a5 29000000 		.4byte	.LASF36
 933 03a9 29000000 		.4byte	.LASF36
 934 03ad 07       		.byte	0x7
 935 03ae 5E       		.byte	0x5e
 936 03af 19       		.uleb128 0x19
 937 03b0 E6020000 		.4byte	.LASF37
 938 03b4 E6020000 		.4byte	.LASF37
 939 03b8 08       		.byte	0x8
 940 03b9 29       		.byte	0x29
 941 03ba 19       		.uleb128 0x19
 942 03bb CC020000 		.4byte	.LASF38
 943 03bf CC020000 		.4byte	.LASF38
 944 03c3 08       		.byte	0x8
 945 03c4 26       		.byte	0x26
 946 03c5 19       		.uleb128 0x19
 947 03c6 56010000 		.4byte	.LASF39
 948 03ca 56010000 		.4byte	.LASF39
 949 03ce 09       		.byte	0x9
 950 03cf 3F       		.byte	0x3f
 951 03d0 19       		.uleb128 0x19
 952 03d1 62000000 		.4byte	.LASF40
 953 03d5 62000000 		.4byte	.LASF40
 954 03d9 09       		.byte	0x9
 955 03da 41       		.byte	0x41
 956 03db 19       		.uleb128 0x19
 957 03dc 3F010000 		.4byte	.LASF41
 958 03e0 3F010000 		.4byte	.LASF41
 959 03e4 09       		.byte	0x9
 960 03e5 3D       		.byte	0x3d
 961 03e6 19       		.uleb128 0x19
 962 03e7 3F020000 		.4byte	.LASF42
 963 03eb 3F020000 		.4byte	.LASF42
 964 03ef 0A       		.byte	0xa
 965 03f0 3D       		.byte	0x3d
 966 03f1 19       		.uleb128 0x19
 967 03f2 42000000 		.4byte	.LASF43
 968 03f6 42000000 		.4byte	.LASF43
 969 03fa 0A       		.byte	0xa
 970 03fb 3E       		.byte	0x3e
 971 03fc 19       		.uleb128 0x19
 972 03fd 5A020000 		.4byte	.LASF44
 973 0401 5A020000 		.4byte	.LASF44
ARM GAS  C:\Users\nicol\AppData\Local\Temp\cc6elRG1.s 			page 21


 974 0405 0B       		.byte	0xb
 975 0406 29       		.byte	0x29
 976 0407 19       		.uleb128 0x19
 977 0408 7D010000 		.4byte	.LASF45
 978 040c 7D010000 		.4byte	.LASF45
 979 0410 0B       		.byte	0xb
 980 0411 26       		.byte	0x26
 981 0412 19       		.uleb128 0x19
 982 0413 AB020000 		.4byte	.LASF46
 983 0417 AB020000 		.4byte	.LASF46
 984 041b 0A       		.byte	0xa
 985 041c 3A       		.byte	0x3a
 986 041d 19       		.uleb128 0x19
 987 041e 7A000000 		.4byte	.LASF47
 988 0422 7A000000 		.4byte	.LASF47
 989 0426 0C       		.byte	0xc
 990 0427 18       		.byte	0x18
 991 0428 19       		.uleb128 0x19
 992 0429 ED010000 		.4byte	.LASF48
 993 042d ED010000 		.4byte	.LASF48
 994 0431 07       		.byte	0x7
 995 0432 5A       		.byte	0x5a
 996 0433 19       		.uleb128 0x19
 997 0434 36020000 		.4byte	.LASF49
 998 0438 36020000 		.4byte	.LASF49
 999 043c 0A       		.byte	0xa
 1000 043d 36       		.byte	0x36
 1001 043e 19       		.uleb128 0x19
 1002 043f 67020000 		.4byte	.LASF50
 1003 0443 67020000 		.4byte	.LASF50
 1004 0447 09       		.byte	0x9
 1005 0448 3A       		.byte	0x3a
 1006 0449 00       		.byte	0
 1007              		.section	.debug_abbrev,"",%progbits
 1008              	.Ldebug_abbrev0:
 1009 0000 01       		.uleb128 0x1
 1010 0001 11       		.uleb128 0x11
 1011 0002 01       		.byte	0x1
 1012 0003 25       		.uleb128 0x25
 1013 0004 0E       		.uleb128 0xe
 1014 0005 13       		.uleb128 0x13
 1015 0006 0B       		.uleb128 0xb
 1016 0007 03       		.uleb128 0x3
 1017 0008 0E       		.uleb128 0xe
 1018 0009 1B       		.uleb128 0x1b
 1019 000a 0E       		.uleb128 0xe
 1020 000b 55       		.uleb128 0x55
 1021 000c 17       		.uleb128 0x17
 1022 000d 11       		.uleb128 0x11
 1023 000e 01       		.uleb128 0x1
 1024 000f 10       		.uleb128 0x10
 1025 0010 17       		.uleb128 0x17
 1026 0011 00       		.byte	0
 1027 0012 00       		.byte	0
 1028 0013 02       		.uleb128 0x2
 1029 0014 24       		.uleb128 0x24
 1030 0015 00       		.byte	0
ARM GAS  C:\Users\nicol\AppData\Local\Temp\cc6elRG1.s 			page 22


 1031 0016 0B       		.uleb128 0xb
 1032 0017 0B       		.uleb128 0xb
 1033 0018 3E       		.uleb128 0x3e
 1034 0019 0B       		.uleb128 0xb
 1035 001a 03       		.uleb128 0x3
 1036 001b 0E       		.uleb128 0xe
 1037 001c 00       		.byte	0
 1038 001d 00       		.byte	0
 1039 001e 03       		.uleb128 0x3
 1040 001f 16       		.uleb128 0x16
 1041 0020 00       		.byte	0
 1042 0021 03       		.uleb128 0x3
 1043 0022 0E       		.uleb128 0xe
 1044 0023 3A       		.uleb128 0x3a
 1045 0024 0B       		.uleb128 0xb
 1046 0025 3B       		.uleb128 0x3b
 1047 0026 0B       		.uleb128 0xb
 1048 0027 49       		.uleb128 0x49
 1049 0028 13       		.uleb128 0x13
 1050 0029 00       		.byte	0
 1051 002a 00       		.byte	0
 1052 002b 04       		.uleb128 0x4
 1053 002c 24       		.uleb128 0x24
 1054 002d 00       		.byte	0
 1055 002e 0B       		.uleb128 0xb
 1056 002f 0B       		.uleb128 0xb
 1057 0030 3E       		.uleb128 0x3e
 1058 0031 0B       		.uleb128 0xb
 1059 0032 03       		.uleb128 0x3
 1060 0033 08       		.uleb128 0x8
 1061 0034 00       		.byte	0
 1062 0035 00       		.byte	0
 1063 0036 05       		.uleb128 0x5
 1064 0037 16       		.uleb128 0x16
 1065 0038 00       		.byte	0
 1066 0039 03       		.uleb128 0x3
 1067 003a 0E       		.uleb128 0xe
 1068 003b 3A       		.uleb128 0x3a
 1069 003c 0B       		.uleb128 0xb
 1070 003d 3B       		.uleb128 0x3b
 1071 003e 05       		.uleb128 0x5
 1072 003f 49       		.uleb128 0x49
 1073 0040 13       		.uleb128 0x13
 1074 0041 00       		.byte	0
 1075 0042 00       		.byte	0
 1076 0043 06       		.uleb128 0x6
 1077 0044 2E       		.uleb128 0x2e
 1078 0045 01       		.byte	0x1
 1079 0046 3F       		.uleb128 0x3f
 1080 0047 19       		.uleb128 0x19
 1081 0048 03       		.uleb128 0x3
 1082 0049 0E       		.uleb128 0xe
 1083 004a 3A       		.uleb128 0x3a
 1084 004b 0B       		.uleb128 0xb
 1085 004c 3B       		.uleb128 0x3b
 1086 004d 0B       		.uleb128 0xb
 1087 004e 27       		.uleb128 0x27
ARM GAS  C:\Users\nicol\AppData\Local\Temp\cc6elRG1.s 			page 23


 1088 004f 19       		.uleb128 0x19
 1089 0050 11       		.uleb128 0x11
 1090 0051 01       		.uleb128 0x1
 1091 0052 12       		.uleb128 0x12
 1092 0053 06       		.uleb128 0x6
 1093 0054 40       		.uleb128 0x40
 1094 0055 18       		.uleb128 0x18
 1095 0056 9742     		.uleb128 0x2117
 1096 0058 19       		.uleb128 0x19
 1097 0059 01       		.uleb128 0x1
 1098 005a 13       		.uleb128 0x13
 1099 005b 00       		.byte	0
 1100 005c 00       		.byte	0
 1101 005d 07       		.uleb128 0x7
 1102 005e 0B       		.uleb128 0xb
 1103 005f 01       		.byte	0x1
 1104 0060 11       		.uleb128 0x11
 1105 0061 01       		.uleb128 0x1
 1106 0062 12       		.uleb128 0x12
 1107 0063 06       		.uleb128 0x6
 1108 0064 01       		.uleb128 0x1
 1109 0065 13       		.uleb128 0x13
 1110 0066 00       		.byte	0
 1111 0067 00       		.byte	0
 1112 0068 08       		.uleb128 0x8
 1113 0069 34       		.uleb128 0x34
 1114 006a 00       		.byte	0
 1115 006b 03       		.uleb128 0x3
 1116 006c 08       		.uleb128 0x8
 1117 006d 3A       		.uleb128 0x3a
 1118 006e 0B       		.uleb128 0xb
 1119 006f 3B       		.uleb128 0x3b
 1120 0070 0B       		.uleb128 0xb
 1121 0071 49       		.uleb128 0x49
 1122 0072 13       		.uleb128 0x13
 1123 0073 02       		.uleb128 0x2
 1124 0074 17       		.uleb128 0x17
 1125 0075 00       		.byte	0
 1126 0076 00       		.byte	0
 1127 0077 09       		.uleb128 0x9
 1128 0078 0B       		.uleb128 0xb
 1129 0079 01       		.byte	0x1
 1130 007a 11       		.uleb128 0x11
 1131 007b 01       		.uleb128 0x1
 1132 007c 12       		.uleb128 0x12
 1133 007d 06       		.uleb128 0x6
 1134 007e 00       		.byte	0
 1135 007f 00       		.byte	0
 1136 0080 0A       		.uleb128 0xa
 1137 0081 34       		.uleb128 0x34
 1138 0082 00       		.byte	0
 1139 0083 03       		.uleb128 0x3
 1140 0084 0E       		.uleb128 0xe
 1141 0085 3A       		.uleb128 0x3a
 1142 0086 0B       		.uleb128 0xb
 1143 0087 3B       		.uleb128 0x3b
 1144 0088 0B       		.uleb128 0xb
ARM GAS  C:\Users\nicol\AppData\Local\Temp\cc6elRG1.s 			page 24


 1145 0089 49       		.uleb128 0x49
 1146 008a 13       		.uleb128 0x13
 1147 008b 02       		.uleb128 0x2
 1148 008c 17       		.uleb128 0x17
 1149 008d 00       		.byte	0
 1150 008e 00       		.byte	0
 1151 008f 0B       		.uleb128 0xb
 1152 0090 898201   		.uleb128 0x4109
 1153 0093 00       		.byte	0
 1154 0094 11       		.uleb128 0x11
 1155 0095 01       		.uleb128 0x1
 1156 0096 31       		.uleb128 0x31
 1157 0097 13       		.uleb128 0x13
 1158 0098 00       		.byte	0
 1159 0099 00       		.byte	0
 1160 009a 0C       		.uleb128 0xc
 1161 009b 2E       		.uleb128 0x2e
 1162 009c 01       		.byte	0x1
 1163 009d 3F       		.uleb128 0x3f
 1164 009e 19       		.uleb128 0x19
 1165 009f 03       		.uleb128 0x3
 1166 00a0 0E       		.uleb128 0xe
 1167 00a1 3A       		.uleb128 0x3a
 1168 00a2 0B       		.uleb128 0xb
 1169 00a3 3B       		.uleb128 0x3b
 1170 00a4 0B       		.uleb128 0xb
 1171 00a5 11       		.uleb128 0x11
 1172 00a6 01       		.uleb128 0x1
 1173 00a7 12       		.uleb128 0x12
 1174 00a8 06       		.uleb128 0x6
 1175 00a9 40       		.uleb128 0x40
 1176 00aa 18       		.uleb128 0x18
 1177 00ab 9742     		.uleb128 0x2117
 1178 00ad 19       		.uleb128 0x19
 1179 00ae 01       		.uleb128 0x1
 1180 00af 13       		.uleb128 0x13
 1181 00b0 00       		.byte	0
 1182 00b1 00       		.byte	0
 1183 00b2 0D       		.uleb128 0xd
 1184 00b3 898201   		.uleb128 0x4109
 1185 00b6 01       		.byte	0x1
 1186 00b7 11       		.uleb128 0x11
 1187 00b8 01       		.uleb128 0x1
 1188 00b9 31       		.uleb128 0x31
 1189 00ba 13       		.uleb128 0x13
 1190 00bb 01       		.uleb128 0x1
 1191 00bc 13       		.uleb128 0x13
 1192 00bd 00       		.byte	0
 1193 00be 00       		.byte	0
 1194 00bf 0E       		.uleb128 0xe
 1195 00c0 8A8201   		.uleb128 0x410a
 1196 00c3 00       		.byte	0
 1197 00c4 02       		.uleb128 0x2
 1198 00c5 18       		.uleb128 0x18
 1199 00c6 9142     		.uleb128 0x2111
 1200 00c8 18       		.uleb128 0x18
 1201 00c9 00       		.byte	0
ARM GAS  C:\Users\nicol\AppData\Local\Temp\cc6elRG1.s 			page 25


 1202 00ca 00       		.byte	0
 1203 00cb 0F       		.uleb128 0xf
 1204 00cc 2E       		.uleb128 0x2e
 1205 00cd 00       		.byte	0
 1206 00ce 3F       		.uleb128 0x3f
 1207 00cf 19       		.uleb128 0x19
 1208 00d0 03       		.uleb128 0x3
 1209 00d1 0E       		.uleb128 0xe
 1210 00d2 3A       		.uleb128 0x3a
 1211 00d3 0B       		.uleb128 0xb
 1212 00d4 3B       		.uleb128 0x3b
 1213 00d5 0B       		.uleb128 0xb
 1214 00d6 11       		.uleb128 0x11
 1215 00d7 01       		.uleb128 0x1
 1216 00d8 12       		.uleb128 0x12
 1217 00d9 06       		.uleb128 0x6
 1218 00da 40       		.uleb128 0x40
 1219 00db 18       		.uleb128 0x18
 1220 00dc 9742     		.uleb128 0x2117
 1221 00de 19       		.uleb128 0x19
 1222 00df 00       		.byte	0
 1223 00e0 00       		.byte	0
 1224 00e1 10       		.uleb128 0x10
 1225 00e2 898201   		.uleb128 0x4109
 1226 00e5 01       		.byte	0x1
 1227 00e6 11       		.uleb128 0x11
 1228 00e7 01       		.uleb128 0x1
 1229 00e8 31       		.uleb128 0x31
 1230 00e9 13       		.uleb128 0x13
 1231 00ea 00       		.byte	0
 1232 00eb 00       		.byte	0
 1233 00ec 11       		.uleb128 0x11
 1234 00ed 05       		.uleb128 0x5
 1235 00ee 00       		.byte	0
 1236 00ef 03       		.uleb128 0x3
 1237 00f0 0E       		.uleb128 0xe
 1238 00f1 3A       		.uleb128 0x3a
 1239 00f2 0B       		.uleb128 0xb
 1240 00f3 3B       		.uleb128 0x3b
 1241 00f4 0B       		.uleb128 0xb
 1242 00f5 49       		.uleb128 0x49
 1243 00f6 13       		.uleb128 0x13
 1244 00f7 02       		.uleb128 0x2
 1245 00f8 17       		.uleb128 0x17
 1246 00f9 00       		.byte	0
 1247 00fa 00       		.byte	0
 1248 00fb 12       		.uleb128 0x12
 1249 00fc 2E       		.uleb128 0x2e
 1250 00fd 01       		.byte	0x1
 1251 00fe 3F       		.uleb128 0x3f
 1252 00ff 19       		.uleb128 0x19
 1253 0100 03       		.uleb128 0x3
 1254 0101 0E       		.uleb128 0xe
 1255 0102 3A       		.uleb128 0x3a
 1256 0103 0B       		.uleb128 0xb
 1257 0104 3B       		.uleb128 0x3b
 1258 0105 0B       		.uleb128 0xb
ARM GAS  C:\Users\nicol\AppData\Local\Temp\cc6elRG1.s 			page 26


 1259 0106 27       		.uleb128 0x27
 1260 0107 19       		.uleb128 0x19
 1261 0108 49       		.uleb128 0x49
 1262 0109 13       		.uleb128 0x13
 1263 010a 8701     		.uleb128 0x87
 1264 010c 19       		.uleb128 0x19
 1265 010d 11       		.uleb128 0x11
 1266 010e 01       		.uleb128 0x1
 1267 010f 12       		.uleb128 0x12
 1268 0110 06       		.uleb128 0x6
 1269 0111 40       		.uleb128 0x40
 1270 0112 18       		.uleb128 0x18
 1271 0113 9742     		.uleb128 0x2117
 1272 0115 19       		.uleb128 0x19
 1273 0116 01       		.uleb128 0x1
 1274 0117 13       		.uleb128 0x13
 1275 0118 00       		.byte	0
 1276 0119 00       		.byte	0
 1277 011a 13       		.uleb128 0x13
 1278 011b 34       		.uleb128 0x34
 1279 011c 00       		.byte	0
 1280 011d 03       		.uleb128 0x3
 1281 011e 0E       		.uleb128 0xe
 1282 011f 3A       		.uleb128 0x3a
 1283 0120 0B       		.uleb128 0xb
 1284 0121 3B       		.uleb128 0x3b
 1285 0122 05       		.uleb128 0x5
 1286 0123 49       		.uleb128 0x49
 1287 0124 13       		.uleb128 0x13
 1288 0125 3F       		.uleb128 0x3f
 1289 0126 19       		.uleb128 0x19
 1290 0127 3C       		.uleb128 0x3c
 1291 0128 19       		.uleb128 0x19
 1292 0129 00       		.byte	0
 1293 012a 00       		.byte	0
 1294 012b 14       		.uleb128 0x14
 1295 012c 35       		.uleb128 0x35
 1296 012d 00       		.byte	0
 1297 012e 49       		.uleb128 0x49
 1298 012f 13       		.uleb128 0x13
 1299 0130 00       		.byte	0
 1300 0131 00       		.byte	0
 1301 0132 15       		.uleb128 0x15
 1302 0133 01       		.uleb128 0x1
 1303 0134 01       		.byte	0x1
 1304 0135 49       		.uleb128 0x49
 1305 0136 13       		.uleb128 0x13
 1306 0137 01       		.uleb128 0x1
 1307 0138 13       		.uleb128 0x13
 1308 0139 00       		.byte	0
 1309 013a 00       		.byte	0
 1310 013b 16       		.uleb128 0x16
 1311 013c 21       		.uleb128 0x21
 1312 013d 00       		.byte	0
 1313 013e 49       		.uleb128 0x49
 1314 013f 13       		.uleb128 0x13
 1315 0140 2F       		.uleb128 0x2f
ARM GAS  C:\Users\nicol\AppData\Local\Temp\cc6elRG1.s 			page 27


 1316 0141 0B       		.uleb128 0xb
 1317 0142 00       		.byte	0
 1318 0143 00       		.byte	0
 1319 0144 17       		.uleb128 0x17
 1320 0145 34       		.uleb128 0x34
 1321 0146 00       		.byte	0
 1322 0147 03       		.uleb128 0x3
 1323 0148 0E       		.uleb128 0xe
 1324 0149 3A       		.uleb128 0x3a
 1325 014a 0B       		.uleb128 0xb
 1326 014b 3B       		.uleb128 0x3b
 1327 014c 0B       		.uleb128 0xb
 1328 014d 49       		.uleb128 0x49
 1329 014e 13       		.uleb128 0x13
 1330 014f 3F       		.uleb128 0x3f
 1331 0150 19       		.uleb128 0x19
 1332 0151 02       		.uleb128 0x2
 1333 0152 18       		.uleb128 0x18
 1334 0153 00       		.byte	0
 1335 0154 00       		.byte	0
 1336 0155 18       		.uleb128 0x18
 1337 0156 34       		.uleb128 0x34
 1338 0157 00       		.byte	0
 1339 0158 03       		.uleb128 0x3
 1340 0159 08       		.uleb128 0x8
 1341 015a 3A       		.uleb128 0x3a
 1342 015b 0B       		.uleb128 0xb
 1343 015c 3B       		.uleb128 0x3b
 1344 015d 0B       		.uleb128 0xb
 1345 015e 49       		.uleb128 0x49
 1346 015f 13       		.uleb128 0x13
 1347 0160 3F       		.uleb128 0x3f
 1348 0161 19       		.uleb128 0x19
 1349 0162 02       		.uleb128 0x2
 1350 0163 18       		.uleb128 0x18
 1351 0164 00       		.byte	0
 1352 0165 00       		.byte	0
 1353 0166 19       		.uleb128 0x19
 1354 0167 2E       		.uleb128 0x2e
 1355 0168 00       		.byte	0
 1356 0169 3F       		.uleb128 0x3f
 1357 016a 19       		.uleb128 0x19
 1358 016b 3C       		.uleb128 0x3c
 1359 016c 19       		.uleb128 0x19
 1360 016d 6E       		.uleb128 0x6e
 1361 016e 0E       		.uleb128 0xe
 1362 016f 03       		.uleb128 0x3
 1363 0170 0E       		.uleb128 0xe
 1364 0171 3A       		.uleb128 0x3a
 1365 0172 0B       		.uleb128 0xb
 1366 0173 3B       		.uleb128 0x3b
 1367 0174 0B       		.uleb128 0xb
 1368 0175 00       		.byte	0
 1369 0176 00       		.byte	0
 1370 0177 00       		.byte	0
 1371              		.section	.debug_loc,"",%progbits
 1372              	.Ldebug_loc0:
ARM GAS  C:\Users\nicol\AppData\Local\Temp\cc6elRG1.s 			page 28


 1373              	.LLST0:
 1374 0000 38000000 		.4byte	.LVL2
 1375 0004 3C000000 		.4byte	.LVL3
 1376 0008 0200     		.2byte	0x2
 1377 000a 30       		.byte	0x30
 1378 000b 9F       		.byte	0x9f
 1379 000c 3C000000 		.4byte	.LVL3
 1380 0010 52000000 		.4byte	.LVL7
 1381 0014 0100     		.2byte	0x1
 1382 0016 53       		.byte	0x53
 1383 0017 54000000 		.4byte	.LVL8
 1384 001b 5B000000 		.4byte	.LVL9-1
 1385 001f 0100     		.2byte	0x1
 1386 0021 53       		.byte	0x53
 1387 0022 00000000 		.4byte	0
 1388 0026 00000000 		.4byte	0
 1389              	.LLST1:
 1390 002a 46000000 		.4byte	.LVL4
 1391 002e 48000000 		.4byte	.LVL5
 1392 0032 0100     		.2byte	0x1
 1393 0034 51       		.byte	0x51
 1394 0035 48000000 		.4byte	.LVL5
 1395 0039 4C000000 		.4byte	.LVL6
 1396 003d 0300     		.2byte	0x3
 1397 003f 71       		.byte	0x71
 1398 0040 01       		.sleb128 1
 1399 0041 9F       		.byte	0x9f
 1400 0042 4C000000 		.4byte	.LVL6
 1401 0046 54000000 		.4byte	.LVL8
 1402 004a 0900     		.2byte	0x9
 1403 004c 71       		.byte	0x71
 1404 004d 00       		.sleb128 0
 1405 004e 03       		.byte	0x3
 1406 004f FFFFFFFF 		.4byte	.LANCHOR0-1
 1407 0053 1C       		.byte	0x1c
 1408 0054 9F       		.byte	0x9f
 1409 0055 00000000 		.4byte	0
 1410 0059 00000000 		.4byte	0
 1411              	.LLST2:
 1412 005d 3C000000 		.4byte	.LVL17
 1413 0061 3E000000 		.4byte	.LVL18
 1414 0065 0200     		.2byte	0x2
 1415 0067 30       		.byte	0x30
 1416 0068 9F       		.byte	0x9f
 1417 0069 3E000000 		.4byte	.LVL18
 1418 006d 8E000000 		.4byte	.LVL25
 1419 0071 0100     		.2byte	0x1
 1420 0073 54       		.byte	0x54
 1421 0074 00000000 		.4byte	0
 1422 0078 00000000 		.4byte	0
 1423              	.LLST3:
 1424 007c 54000000 		.4byte	.LVL19
 1425 0080 62000000 		.4byte	.LVL20
 1426 0084 0100     		.2byte	0x1
 1427 0086 52       		.byte	0x52
 1428 0087 62000000 		.4byte	.LVL20
 1429 008b 64000000 		.4byte	.LVL21
ARM GAS  C:\Users\nicol\AppData\Local\Temp\cc6elRG1.s 			page 29


 1430 008f 0100     		.2byte	0x1
 1431 0091 50       		.byte	0x50
 1432 0092 64000000 		.4byte	.LVL21
 1433 0096 7B000000 		.4byte	.LVL22-1
 1434 009a 0100     		.2byte	0x1
 1435 009c 52       		.byte	0x52
 1436 009d 00000000 		.4byte	0
 1437 00a1 00000000 		.4byte	0
 1438              	.LLST4:
 1439 00a5 00000000 		.4byte	.LVL26
 1440 00a9 0D000000 		.4byte	.LVL27-1
 1441 00ad 0100     		.2byte	0x1
 1442 00af 50       		.byte	0x50
 1443 00b0 0D000000 		.4byte	.LVL27-1
 1444 00b4 10000000 		.4byte	.LVL28
 1445 00b8 0400     		.2byte	0x4
 1446 00ba F3       		.byte	0xf3
 1447 00bb 01       		.uleb128 0x1
 1448 00bc 50       		.byte	0x50
 1449 00bd 9F       		.byte	0x9f
 1450 00be 10000000 		.4byte	.LVL28
 1451 00c2 13000000 		.4byte	.LVL29-1
 1452 00c6 0100     		.2byte	0x1
 1453 00c8 50       		.byte	0x50
 1454 00c9 13000000 		.4byte	.LVL29-1
 1455 00cd 16000000 		.4byte	.LFE64
 1456 00d1 0400     		.2byte	0x4
 1457 00d3 F3       		.byte	0xf3
 1458 00d4 01       		.uleb128 0x1
 1459 00d5 50       		.byte	0x50
 1460 00d6 9F       		.byte	0x9f
 1461 00d7 00000000 		.4byte	0
 1462 00db 00000000 		.4byte	0
 1463              	.LLST5:
 1464 00df 1A000000 		.4byte	.LVL34
 1465 00e3 1E000000 		.4byte	.LVL35
 1466 00e7 0200     		.2byte	0x2
 1467 00e9 30       		.byte	0x30
 1468 00ea 9F       		.byte	0x9f
 1469 00eb 1E000000 		.4byte	.LVL35
 1470 00ef 36000000 		.4byte	.LVL37
 1471 00f3 0100     		.2byte	0x1
 1472 00f5 54       		.byte	0x54
 1473 00f6 38000000 		.4byte	.LVL38
 1474 00fa 48000000 		.4byte	.LFE65
 1475 00fe 0100     		.2byte	0x1
 1476 0100 54       		.byte	0x54
 1477 0101 00000000 		.4byte	0
 1478 0105 00000000 		.4byte	0
 1479              		.section	.debug_aranges,"",%progbits
 1480 0000 4C000000 		.4byte	0x4c
 1481 0004 0200     		.2byte	0x2
 1482 0006 00000000 		.4byte	.Ldebug_info0
 1483 000a 04       		.byte	0x4
 1484 000b 00       		.byte	0
 1485 000c 0000     		.2byte	0
 1486 000e 0000     		.2byte	0
ARM GAS  C:\Users\nicol\AppData\Local\Temp\cc6elRG1.s 			page 30


 1487 0010 00000000 		.4byte	.LFB63
 1488 0014 70000000 		.4byte	.LFE63-.LFB63
 1489 0018 00000000 		.4byte	.LFB66
 1490 001c 3C000000 		.4byte	.LFE66-.LFB66
 1491 0020 00000000 		.4byte	.LFB67
 1492 0024 02000000 		.4byte	.LFE67-.LFB67
 1493 0028 00000000 		.4byte	.LFB68
 1494 002c A4000000 		.4byte	.LFE68-.LFB68
 1495 0030 00000000 		.4byte	.LFB64
 1496 0034 16000000 		.4byte	.LFE64-.LFB64
 1497 0038 00000000 		.4byte	.LFB65
 1498 003c 48000000 		.4byte	.LFE65-.LFB65
 1499 0040 00000000 		.4byte	.LFB69
 1500 0044 02000000 		.4byte	.LFE69-.LFB69
 1501 0048 00000000 		.4byte	0
 1502 004c 00000000 		.4byte	0
 1503              		.section	.debug_ranges,"",%progbits
 1504              	.Ldebug_ranges0:
 1505 0000 00000000 		.4byte	.LFB63
 1506 0004 70000000 		.4byte	.LFE63
 1507 0008 00000000 		.4byte	.LFB66
 1508 000c 3C000000 		.4byte	.LFE66
 1509 0010 00000000 		.4byte	.LFB67
 1510 0014 02000000 		.4byte	.LFE67
 1511 0018 00000000 		.4byte	.LFB68
 1512 001c A4000000 		.4byte	.LFE68
 1513 0020 00000000 		.4byte	.LFB64
 1514 0024 16000000 		.4byte	.LFE64
 1515 0028 00000000 		.4byte	.LFB65
 1516 002c 48000000 		.4byte	.LFE65
 1517 0030 00000000 		.4byte	.LFB69
 1518 0034 02000000 		.4byte	.LFE69
 1519 0038 00000000 		.4byte	0
 1520 003c 00000000 		.4byte	0
 1521              		.section	.debug_line,"",%progbits
 1522              	.Ldebug_line0:
 1523 0000 46020000 		.section	.debug_str,"MS",%progbits,1
 1523      02007701 
 1523      00000201 
 1523      FB0E0D00 
 1523      01010101 
 1524              	.LASF26:
 1525 0000 6576656E 		.ascii	"event_sw1_task\000"
 1525      745F7377 
 1525      315F7461 
 1525      736B00
 1526              	.LASF32:
 1527 000f 6C63645F 		.ascii	"lcd_shift\000"
 1527      73686966 
 1527      7400
 1528              	.LASF19:
 1529 0019 76616C75 		.ascii	"value\000"
 1529      6500
 1530              	.LASF9:
 1531 001f 5F5F696E 		.ascii	"__int32_t\000"
 1531      7433325F 
 1531      7400
ARM GAS  C:\Users\nicol\AppData\Local\Temp\cc6elRG1.s 			page 31


 1532              	.LASF36:
 1533 0029 54696D65 		.ascii	"Timer_ReadStatusRegister\000"
 1533      725F5265 
 1533      61645374 
 1533      61747573 
 1533      52656769 
 1534              	.LASF43:
 1535 0042 4C43445F 		.ascii	"LCD_PutChar\000"
 1535      50757443 
 1535      68617200 
 1536              	.LASF34:
 1537 004e 4750494F 		.ascii	"GPIOJ11_Read\000"
 1537      4A31315F 
 1537      52656164 
 1537      00
 1538              	.LASF14:
 1539 005b 646F7562 		.ascii	"double\000"
 1539      6C6500
 1540              	.LASF40:
 1541 0062 4144435F 		.ascii	"ADC_GetResult16\000"
 1541      47657452 
 1541      6573756C 
 1541      74313600 
 1542              	.LASF10:
 1543 0072 696E7433 		.ascii	"int32_t\000"
 1543      325F7400 
 1544              	.LASF47:
 1545 007a 6973725F 		.ascii	"isr_timer_StartEx\000"
 1545      74696D65 
 1545      725F5374 
 1545      61727445 
 1545      7800
 1546              	.LASF13:
 1547 008c 666C6F61 		.ascii	"float\000"
 1547      7400
 1548              	.LASF29:
 1549 0092 636F756E 		.ascii	"counter\000"
 1549      74657200 
 1550              	.LASF20:
 1551 009a 6164635F 		.ascii	"adc_task\000"
 1551      7461736B 
 1551      00
 1552              	.LASF1:
 1553 00a3 756E7369 		.ascii	"unsigned char\000"
 1553      676E6564 
 1553      20636861 
 1553      7200
 1554              	.LASF51:
 1555 00b1 474E5520 		.ascii	"GNU C11 5.4.1 20160609 (release) [ARM/embedded-5-br"
 1555      43313120 
 1555      352E342E 
 1555      31203230 
 1555      31363036 
 1556 00e4 616E6368 		.ascii	"anch revision 237715] -mcpu=cortex-m3 -mthumb -g -O"
 1556      20726576 
 1556      6973696F 
 1556      6E203233 
ARM GAS  C:\Users\nicol\AppData\Local\Temp\cc6elRG1.s 			page 32


 1556      37373135 
 1557 0117 67202D66 		.ascii	"g -ffunction-sections -ffat-lto-objects\000"
 1557      66756E63 
 1557      74696F6E 
 1557      2D736563 
 1557      74696F6E 
 1558              	.LASF41:
 1559 013f 4144435F 		.ascii	"ADC_StartConvert\000"
 1559      53746172 
 1559      74436F6E 
 1559      76657274 
 1559      00
 1560              	.LASF15:
 1561 0150 63686172 		.ascii	"char8\000"
 1561      3800
 1562              	.LASF39:
 1563 0156 4144435F 		.ascii	"ADC_IsEndConversion\000"
 1563      4973456E 
 1563      64436F6E 
 1563      76657273 
 1563      696F6E00 
 1564              	.LASF3:
 1565 016a 73686F72 		.ascii	"short unsigned int\000"
 1565      7420756E 
 1565      7369676E 
 1565      65642069 
 1565      6E7400
 1566              	.LASF45:
 1567 017d 4750494F 		.ascii	"GPIOJ13_Write\000"
 1567      4A31335F 
 1567      57726974 
 1567      6500
 1568              	.LASF21:
 1569 018b 6C63645F 		.ascii	"lcd_task\000"
 1569      7461736B 
 1569      00
 1570              	.LASF27:
 1571 0194 49544D5F 		.ascii	"ITM_RxBuffer\000"
 1571      52784275 
 1571      66666572 
 1571      00
 1572              	.LASF5:
 1573 01a1 6C6F6E67 		.ascii	"long unsigned int\000"
 1573      20756E73 
 1573      69676E65 
 1573      6420696E 
 1573      7400
 1574              	.LASF55:
 1575 01b3 6D61696E 		.ascii	"main\000"
 1575      00
 1576              	.LASF12:
 1577 01b8 75696E74 		.ascii	"uint16\000"
 1577      313600
 1578              	.LASF53:
 1579 01bf 443A5C4E 		.ascii	"D:\\Notes 202324\\ELECH410\\Labs\\Lab2\\Lab2.cydsn\000"
 1579      6F746573 
 1579      20323032 
ARM GAS  C:\Users\nicol\AppData\Local\Temp\cc6elRG1.s 			page 33


 1579      3332345C 
 1579      454C4543 
 1580              	.LASF48:
 1581 01ed 54696D65 		.ascii	"Timer_Start\000"
 1581      725F5374 
 1581      61727400 
 1582              	.LASF28:
 1583 01f9 73636865 		.ascii	"scheduler\000"
 1583      64756C65 
 1583      7200
 1584              	.LASF8:
 1585 0203 756E7369 		.ascii	"unsigned int\000"
 1585      676E6564 
 1585      20696E74 
 1585      00
 1586              	.LASF31:
 1587 0210 666C6167 		.ascii	"flags\000"
 1587      7300
 1588              	.LASF25:
 1589 0216 6C65645F 		.ascii	"led_task\000"
 1589      7461736B 
 1589      00
 1590              	.LASF7:
 1591 021f 6C6F6E67 		.ascii	"long long unsigned int\000"
 1591      206C6F6E 
 1591      6720756E 
 1591      7369676E 
 1591      65642069 
 1592              	.LASF49:
 1593 0236 4C43445F 		.ascii	"LCD_Init\000"
 1593      496E6974 
 1593      00
 1594              	.LASF42:
 1595 023f 4C43445F 		.ascii	"LCD_Position\000"
 1595      506F7369 
 1595      74696F6E 
 1595      00
 1596              	.LASF35:
 1597 024c 4750494F 		.ascii	"GPIOJ11_Write\000"
 1597      4A31315F 
 1597      57726974 
 1597      6500
 1598              	.LASF44:
 1599 025a 4750494F 		.ascii	"GPIOJ13_Read\000"
 1599      4A31335F 
 1599      52656164 
 1599      00
 1600              	.LASF50:
 1601 0267 4144435F 		.ascii	"ADC_Start\000"
 1601      53746172 
 1601      7400
 1602              	.LASF4:
 1603 0271 6C6F6E67 		.ascii	"long int\000"
 1603      20696E74 
 1603      00
 1604              	.LASF23:
 1605 027a 68616E64 		.ascii	"handler\000"
ARM GAS  C:\Users\nicol\AppData\Local\Temp\cc6elRG1.s 			page 34


 1605      6C657200 
 1606              	.LASF18:
 1607 0282 73697A65 		.ascii	"sizetype\000"
 1607      74797065 
 1607      00
 1608              	.LASF6:
 1609 028b 6C6F6E67 		.ascii	"long long int\000"
 1609      206C6F6E 
 1609      6720696E 
 1609      7400
 1610              	.LASF52:
 1611 0299 6D61696E 		.ascii	"main.c\000"
 1611      2E6300
 1612              	.LASF16:
 1613 02a0 63686172 		.ascii	"char\000"
 1613      00
 1614              	.LASF22:
 1615 02a5 696E6465 		.ascii	"index\000"
 1615      7800
 1616              	.LASF46:
 1617 02ab 4C43445F 		.ascii	"LCD_WriteControl\000"
 1617      57726974 
 1617      65436F6E 
 1617      74726F6C 
 1617      00
 1618              	.LASF2:
 1619 02bc 73686F72 		.ascii	"short int\000"
 1619      7420696E 
 1619      7400
 1620              	.LASF11:
 1621 02c6 75696E74 		.ascii	"uint8\000"
 1621      3800
 1622              	.LASF38:
 1623 02cc 4750494F 		.ascii	"GPIOJ12_Write\000"
 1623      4A31325F 
 1623      57726974 
 1623      6500
 1624              	.LASF24:
 1625 02da 73656C65 		.ascii	"select_task\000"
 1625      63745F74 
 1625      61736B00 
 1626              	.LASF37:
 1627 02e6 4750494F 		.ascii	"GPIOJ12_Read\000"
 1627      4A31325F 
 1627      52656164 
 1627      00
 1628              	.LASF17:
 1629 02f3 6C6F6E67 		.ascii	"long double\000"
 1629      20646F75 
 1629      626C6500 
 1630              	.LASF0:
 1631 02ff 7369676E 		.ascii	"signed char\000"
 1631      65642063 
 1631      68617200 
 1632              	.LASF33:
 1633 030b 6C63645F 		.ascii	"lcd_counter\000"
 1633      636F756E 
ARM GAS  C:\Users\nicol\AppData\Local\Temp\cc6elRG1.s 			page 35


 1633      74657200 
 1634              	.LASF54:
 1635 0317 6E626572 		.ascii	"nber\000"
 1635      00
 1636              	.LASF30:
 1637 031c 6164635F 		.ascii	"adc_result\000"
 1637      72657375 
 1637      6C7400
 1638              		.ident	"GCC: (GNU Tools for ARM Embedded Processors) 5.4.1 20160609 (release) [ARM/embedded-5-bran
